----------------------------------------------------------------------------------------------------
Following is the stdout and stderr output of the sbt process started on Sat Nov 14 14:20:46 IST 2015
----------------------------------------------------------------------------------------------------
[info] Loading global plugins from /home/matan/.sbt/0.13/plugins
[info] Updating {file:/home/matan/.sbt/0.13/plugins/}global-plugins...
[info] Resolving com.typesafe.sbteclipse#sbteclipse-plugin;4.0.0 ...
[info] Resolving org.scalaz#scalaz-core_2.10;7.1.0 ...
[info] Resolving org.scala-lang#scala-library;2.10.5 ...
[info] Resolving org.scalaz#scalaz-effect_2.10;7.1.0 ...
[info] Resolving com.github.mpeltonen#sbt-idea;1.6.0 ...
[info] Resolving commons-io#commons-io;2.0.1 ...
[info] Resolving com.hanhuy.sbt#key-path;0.2 ...
[info] Resolving net.virtual-void#sbt-dependency-graph;0.7.5 ...
[info] Resolving com.github.mdr#ascii-graphs_2.10;0.0.3 ...
[info] Resolving org.scala-sbt#sbt;0.13.9 ...
[info] Resolving org.scala-sbt#main;0.13.9 ...
[info] Resolving org.scala-sbt#actions;0.13.9 ...
[info] Resolving org.scala-sbt#classpath;0.13.9 ...
[info] Resolving org.scala-lang#scala-compiler;2.10.5 ...
[info] Resolving org.scala-lang#scala-reflect;2.10.5 ...
[info] Resolving org.scala-sbt#interface;0.13.9 ...
[info] Resolving org.scala-sbt#io;0.13.9 ...
[info] Resolving org.scala-sbt#control;0.13.9 ...
[info] Resolving org.scala-sbt#launcher-interface;1.0.0-M1 ...
[info] Resolving org.scala-sbt#completion;0.13.9 ...
[info] Resolving org.scala-sbt#collections;0.13.9 ...
[info] Resolving jline#jline;2.11 ...
[info] Resolving org.scala-sbt#api;0.13.9 ...
[info] Resolving org.scala-sbt#compiler-integration;0.13.9 ...
[info] Resolving org.scala-sbt#incremental-compiler;0.13.9 ...
[info] Resolving org.scala-sbt#logging;0.13.9 ...
[info] Resolving org.scala-sbt#process;0.13.9 ...
[info] Resolving org.scala-sbt#relation;0.13.9 ...
[info] Resolving org.scala-sbt#compile;0.13.9 ...
[info] Resolving org.scala-sbt#classfile;0.13.9 ...
[info] Resolving org.scala-sbt#persist;0.13.9 ...
[info] Resolving org.scala-tools.sbinary#sbinary_2.10;0.4.2 ...
[info] Resolving org.scala-sbt#compiler-ivy-integration;0.13.9 ...
[info] Resolving org.scala-sbt#ivy;0.13.9 ...
[info] Resolving org.scala-sbt#cross;0.13.9 ...
[info] Resolving org.scala-sbt.ivy#ivy;2.3.0-sbt-c5d1b95fdcc1e1007740ffbecf4eb07abc51ec93 ...
[info] Resolving com.jcraft#jsch;0.1.46 ...
[info] Resolving org.scala-sbt#serialization_2.10;0.1.1 ...
[info] Resolving org.scala-lang.modules#scala-pickling_2.10;0.10.0 ...
[info] Resolving org.scalamacros#quasiquotes_2.10;2.0.1 ...
[info] Resolving org.json4s#json4s-core_2.10;3.2.10 ...
[info] Resolving org.json4s#json4s-ast_2.10;3.2.10 ...
[info] Resolving com.thoughtworks.paranamer#paranamer;2.6 ...
[info] Resolving org.spire-math#jawn-parser_2.10;0.6.0 ...
[info] Resolving org.spire-math#json4s-support_2.10;0.6.0 ...
[info] Resolving org.scala-sbt#run;0.13.9 ...
[info] Resolving org.scala-sbt#task-system;0.13.9 ...
[info] Resolving org.scala-sbt#tasks;0.13.9 ...
[info] Resolving org.scala-sbt#tracking;0.13.9 ...
[info] Resolving org.scala-sbt#cache;0.13.9 ...
[info] Resolving org.scala-sbt#testing;0.13.9 ...
[info] Resolving org.scala-sbt#test-agent;0.13.9 ...
[info] Resolving org.scala-sbt#test-interface;1.0 ...
[info] Resolving org.scala-sbt#main-settings;0.13.9 ...
[info] Resolving org.scala-sbt#apply-macro;0.13.9 ...
[info] Resolving org.scala-sbt#command;0.13.9 ...
[info] Resolving org.scala-sbt#logic;0.13.9 ...
[info] Resolving org.scala-sbt#compiler-interface;0.13.9 ...
[info] Resolving org.scala-sbt#precompiled-2_8_2;0.13.9 ...
[info] Resolving org.scala-sbt#precompiled-2_9_2;0.13.9 ...
[info] Resolving org.scala-sbt#precompiled-2_9_3;0.13.9 ...
[info] Resolving org.scala-lang#jline;2.10.5 ...
[info] Resolving org.fusesource.jansi#jansi;1.4 ...
[info] Done updating.
[info] Loading project definition from /repos/canve/extractor/sbt-plugin-integration-test/target/scala-2.11/classes/integration-test-projects/empty/project
[info] Updating {file:/repos/canve/extractor/sbt-plugin-integration-test/target/scala-2.11/classes/integration-test-projects/empty/project/}empty-build...
[info] Resolving org.scala-sbt#global-plugins;0.0 ...
[info] Resolving com.typesafe.sbteclipse#sbteclipse-plugin;4.0.0 ...
[info] Resolving org.scalaz#scalaz-core_2.10;7.1.0 ...
[info] Resolving org.scala-lang#scala-library;2.10.5 ...
[info] Resolving org.scalaz#scalaz-effect_2.10;7.1.0 ...
[info] Resolving com.github.mpeltonen#sbt-idea;1.6.0 ...
[info] Resolving commons-io#commons-io;2.0.1 ...
[info] Resolving com.hanhuy.sbt#key-path;0.2 ...
[info] Resolving net.virtual-void#sbt-dependency-graph;0.7.5 ...
[info] Resolving com.github.mdr#ascii-graphs_2.10;0.0.3 ...
[info] Resolving canve#sbt-plugin;0.0.1 ...
[info] Resolving canve#compiler-plugin_2.10;0.0.1 ...
[info] Resolving canve#simple-graph_2.10;0.0.1 ...
[info] Resolving com.github.tototoshi#scala-csv_2.10;1.2.2 ...
[info] Resolving org.scala-sbt#sbt;0.13.9 ...
[info] Resolving org.scala-sbt#main;0.13.9 ...
[info] Resolving org.scala-sbt#actions;0.13.9 ...
[info] Resolving org.scala-sbt#classpath;0.13.9 ...
[info] Resolving org.scala-lang#scala-compiler;2.10.5 ...
[info] Resolving org.scala-lang#scala-reflect;2.10.5 ...
[info] Resolving org.scala-sbt#interface;0.13.9 ...
[info] Resolving org.scala-sbt#io;0.13.9 ...
[info] Resolving org.scala-sbt#control;0.13.9 ...
[info] Resolving org.scala-sbt#launcher-interface;1.0.0-M1 ...
[info] Resolving org.scala-sbt#completion;0.13.9 ...
[info] Resolving org.scala-sbt#collections;0.13.9 ...
[info] Resolving jline#jline;2.11 ...
[info] Resolving org.scala-sbt#api;0.13.9 ...
[info] Resolving org.scala-sbt#compiler-integration;0.13.9 ...
[info] Resolving org.scala-sbt#incremental-compiler;0.13.9 ...
[info] Resolving org.scala-sbt#logging;0.13.9 ...
[info] Resolving org.scala-sbt#process;0.13.9 ...
[info] Resolving org.scala-sbt#relation;0.13.9 ...
[info] Resolving org.scala-sbt#compile;0.13.9 ...
[info] Resolving org.scala-sbt#classfile;0.13.9 ...
[info] Resolving org.scala-sbt#persist;0.13.9 ...
[info] Resolving org.scala-tools.sbinary#sbinary_2.10;0.4.2 ...
[info] Resolving org.scala-sbt#compiler-ivy-integration;0.13.9 ...
[info] Resolving org.scala-sbt#ivy;0.13.9 ...
[info] Resolving org.scala-sbt#cross;0.13.9 ...
[info] Resolving org.scala-sbt.ivy#ivy;2.3.0-sbt-c5d1b95fdcc1e1007740ffbecf4eb07abc51ec93 ...
[info] Resolving com.jcraft#jsch;0.1.46 ...
[info] Resolving org.scala-sbt#serialization_2.10;0.1.1 ...
[info] Resolving org.scala-lang.modules#scala-pickling_2.10;0.10.0 ...
[info] Resolving org.scalamacros#quasiquotes_2.10;2.0.1 ...
[info] Resolving org.json4s#json4s-core_2.10;3.2.10 ...
[info] Resolving org.json4s#json4s-ast_2.10;3.2.10 ...
[info] Resolving com.thoughtworks.paranamer#paranamer;2.6 ...
[info] Resolving org.spire-math#jawn-parser_2.10;0.6.0 ...
[info] Resolving org.spire-math#json4s-support_2.10;0.6.0 ...
[info] Resolving org.scala-sbt#run;0.13.9 ...
[info] Resolving org.scala-sbt#task-system;0.13.9 ...
[info] Resolving org.scala-sbt#tasks;0.13.9 ...
[info] Resolving org.scala-sbt#tracking;0.13.9 ...
[info] Resolving org.scala-sbt#cache;0.13.9 ...
[info] Resolving org.scala-sbt#testing;0.13.9 ...
[info] Resolving org.scala-sbt#test-agent;0.13.9 ...
[info] Resolving org.scala-sbt#test-interface;1.0 ...
[info] Resolving org.scala-sbt#main-settings;0.13.9 ...
[info] Resolving org.scala-sbt#apply-macro;0.13.9 ...
[info] Resolving org.scala-sbt#command;0.13.9 ...
[info] Resolving org.scala-sbt#logic;0.13.9 ...
[info] Resolving org.scala-sbt#compiler-interface;0.13.9 ...
[info] Resolving org.scala-sbt#precompiled-2_8_2;0.13.9 ...
[info] Resolving org.scala-sbt#precompiled-2_9_2;0.13.9 ...
[info] Resolving org.scala-sbt#precompiled-2_9_3;0.13.9 ...
[info] Resolving org.scala-lang#jline;2.10.5 ...
[info] Resolving org.fusesource.jansi#jansi;1.4 ...
[info] Done updating.
[canve] sbt canve plugin loaded - enter `canve` in sbt, to run canve for your project
[info] Set current project to empty (in build file:/repos/canve/extractor/sbt-plugin-integration-test/target/scala-2.11/classes/integration-test-projects/empty/)
[info] Set current project to empty (in build file:/repos/canve/extractor/sbt-plugin-integration-test/target/scala-2.11/classes/integration-test-projects/empty/)
Could not create file /repos/canve/extractor/sbt-plugin-integration-test/target/scala-2.11/classes/integration-test-projects/empty/target/streams/$global/ivySbt/$global/streams/outjava.io.IOException: No such file or directory
	at sbt.ErrorHandling$.translate(ErrorHandling.scala:10)
	at sbt.IO$.touch(IO.scala:143)
	at sbt.std.Streams$$anon$3$$anon$2.make(Streams.scala:129)
	at sbt.std.Streams$$anon$3$$anon$2.text(Streams.scala:113)
	at sbt.std.Streams$$anon$3$$anon$2.log(Streams.scala:124)
	at sbt.std.TaskStreams$class.log(Streams.scala:56)
	at sbt.std.Streams$$anon$3$$anon$2.log$lzycompute(Streams.scala:102)
	at sbt.std.Streams$$anon$3$$anon$2.log(Streams.scala:102)
	at sbt.Classpaths$$anonfun$ivySbt0$1.apply(Defaults.scala:1253)
	at sbt.Classpaths$$anonfun$ivySbt0$1.apply(Defaults.scala:1252)
	at scala.Function3$$anonfun$tupled$1.apply(Function3.scala:35)
	at scala.Function3$$anonfun$tupled$1.apply(Function3.scala:34)
	at scala.Function1$$anonfun$compose$1.apply(Function1.scala:47)
	at sbt.$tilde$greater$$anonfun$$u2219$1.apply(TypeFunctions.scala:40)
	at sbt.std.Transform$$anon$4.work(System.scala:63)
	at sbt.Execute$$anonfun$submit$1$$anonfun$apply$1.apply(Execute.scala:226)
	at sbt.Execute$$anonfun$submit$1$$anonfun$apply$1.apply(Execute.scala:226)
	at sbt.ErrorHandling$.wideConvert(ErrorHandling.scala:17)
	at sbt.Execute.work(Execute.scala:235)
	at sbt.Execute$$anonfun$submit$1.apply(Execute.scala:226)
	at sbt.Execute$$anonfun$submit$1.apply(Execute.scala:226)
	at sbt.ConcurrentRestrictions$$anon$4$$anonfun$1.apply(ConcurrentRestrictions.scala:159)
	at sbt.CompletionService$$anon$2.call(CompletionService.scala:28)
	at java.util.concurrent.FutureTask.run(FutureTask.java:266)
	at java.util.concurrent.Executors$RunnableAdapter.call(Executors.java:511)
	at java.util.concurrent.FutureTask.run(FutureTask.java:266)
	at java.util.concurrent.ThreadPoolExecutor.runWorker(ThreadPoolExecutor.java:1142)
	at java.util.concurrent.ThreadPoolExecutor$Worker.run(ThreadPoolExecutor.java:617)
	at java.lang.Thread.run(Thread.java:745)
Caused by: java.io.IOException: No such file or directory
	at java.io.UnixFileSystem.createFileExclusively(Native Method)
	at java.io.File.createNewFile(File.java:1012)
	at sbt.IO$$anonfun$1.apply$mcZ$sp(IO.scala:143)
	at sbt.IO$$anonfun$1.apply(IO.scala:143)
	at sbt.IO$$anonfun$1.apply(IO.scala:143)
	at sbt.ErrorHandling$.translate(ErrorHandling.scala:10)
	at sbt.IO$.touch(IO.scala:143)
	at sbt.std.Streams$$anon$3$$anon$2.make(Streams.scala:129)
	at sbt.std.Streams$$anon$3$$anon$2.text(Streams.scala:113)
	at sbt.std.Streams$$anon$3$$anon$2.log(Streams.scala:124)
	at sbt.std.TaskStreams$class.log(Streams.scala:56)
	at sbt.std.Streams$$anon$3$$anon$2.log$lzycompute(Streams.scala:102)
	at sbt.std.Streams$$anon$3$$anon$2.log(Streams.scala:102)
	at sbt.Classpaths$$anonfun$ivySbt0$1.apply(Defaults.scala:1253)
	at sbt.Classpaths$$anonfun$ivySbt0$1.apply(Defaults.scala:1252)
	at scala.Function3$$anonfun$tupled$1.apply(Function3.scala:35)
	at scala.Function3$$anonfun$tupled$1.apply(Function3.scala:34)
	at scala.Function1$$anonfun$compose$1.apply(Function1.scala:47)
	at sbt.$tilde$greater$$anonfun$$u2219$1.apply(TypeFunctions.scala:40)
	at sbt.std.Transform$$anon$4.work(System.scala:63)
	at sbt.Execute$$anonfun$submit$1$$anonfun$apply$1.apply(Execute.scala:226)
	at sbt.Execute$$anonfun$submit$1$$anonfun$apply$1.apply(Execute.scala:226)
	at sbt.ErrorHandling$.wideConvert(ErrorHandling.scala:17)
	at sbt.Execute.work(Execute.scala:235)
	at sbt.Execute$$anonfun$submit$1.apply(Execute.scala:226)
	at sbt.Execute$$anonfun$submit$1.apply(Execute.scala:226)
	at sbt.ConcurrentRestrictions$$anon$4$$anonfun$1.apply(ConcurrentRestrictions.scala:159)
	at sbt.CompletionService$$anon$2.call(CompletionService.scala:28)
	at java.util.concurrent.FutureTask.run(FutureTask.java:266)
	at java.util.concurrent.Executors$RunnableAdapter.call(Executors.java:511)
	at java.util.concurrent.FutureTask.run(FutureTask.java:266)
	at java.util.concurrent.ThreadPoolExecutor.runWorker(ThreadPoolExecutor.java:1142)
	at java.util.concurrent.ThreadPoolExecutor$Worker.run(ThreadPoolExecutor.java:617)
	at java.lang.Thread.run(Thread.java:745)
[error] (*:ivySbt) Could not create file /repos/canve/extractor/sbt-plugin-integration-test/target/scala-2.11/classes/integration-test-projects/empty/target/streams/$global/ivySbt/$global/streams/outjava.io.IOException: No such file or directory
[info] Updating {file:/repos/canve/extractor/sbt-plugin-integration-test/target/scala-2.11/classes/integration-test-projects/empty/}empty...
[info] Resolving org.scala-lang#scala-library;2.10.5 ...
[info] Resolving canve#compiler-plugin_2.10;0.0.1 ...
[info] Resolving org.scala-lang#scala-library;2.10.4 ...
[info] Resolving canve#simple-graph_2.10;0.0.1 ...
[info] Resolving com.github.tototoshi#scala-csv_2.10;1.2.2 ...
[info] Resolving org.scala-lang#scala-compiler;2.10.5 ...
[info] Resolving org.scala-lang#scala-reflect;2.10.5 ...
[info] Resolving org.scala-lang#jline;2.10.5 ...
[info] Resolving org.fusesource.jansi#jansi;1.4 ...
[info] Done updating.
canve task done
----------------------------------------------------------------------------------------------------
Following is the stdout and stderr output of the sbt process started on Sat Nov 14 14:43:09 IST 2015
----------------------------------------------------------------------------------------------------
[info] Loading global plugins from /home/matan/.sbt/0.13/plugins
[info] Updating {file:/home/matan/.sbt/0.13/plugins/}global-plugins...
[info] Resolving com.typesafe.sbteclipse#sbteclipse-plugin;4.0.0 ...
[info] Resolving org.scalaz#scalaz-core_2.10;7.1.0 ...
[info] Resolving org.scala-lang#scala-library;2.10.5 ...
[info] Resolving org.scalaz#scalaz-effect_2.10;7.1.0 ...
[info] Resolving com.github.mpeltonen#sbt-idea;1.6.0 ...
[info] Resolving commons-io#commons-io;2.0.1 ...
[info] Resolving com.hanhuy.sbt#key-path;0.2 ...
[info] Resolving net.virtual-void#sbt-dependency-graph;0.7.5 ...
[info] Resolving com.github.mdr#ascii-graphs_2.10;0.0.3 ...
[info] Resolving org.scala-sbt#sbt;0.13.9 ...
[info] Resolving org.scala-sbt#main;0.13.9 ...
[info] Resolving org.scala-sbt#actions;0.13.9 ...
[info] Resolving org.scala-sbt#classpath;0.13.9 ...
[info] Resolving org.scala-lang#scala-compiler;2.10.5 ...
[info] Resolving org.scala-lang#scala-reflect;2.10.5 ...
[info] Resolving org.scala-sbt#interface;0.13.9 ...
[info] Resolving org.scala-sbt#io;0.13.9 ...
[info] Resolving org.scala-sbt#control;0.13.9 ...
[info] Resolving org.scala-sbt#launcher-interface;1.0.0-M1 ...
[info] Resolving org.scala-sbt#completion;0.13.9 ...
[info] Resolving org.scala-sbt#collections;0.13.9 ...
[info] Resolving jline#jline;2.11 ...
[info] Resolving org.scala-sbt#api;0.13.9 ...
[info] Resolving org.scala-sbt#compiler-integration;0.13.9 ...
[info] Resolving org.scala-sbt#incremental-compiler;0.13.9 ...
[info] Resolving org.scala-sbt#logging;0.13.9 ...
[info] Resolving org.scala-sbt#process;0.13.9 ...
[info] Resolving org.scala-sbt#relation;0.13.9 ...
[info] Resolving org.scala-sbt#compile;0.13.9 ...
[info] Resolving org.scala-sbt#classfile;0.13.9 ...
[info] Resolving org.scala-sbt#persist;0.13.9 ...
[info] Resolving org.scala-tools.sbinary#sbinary_2.10;0.4.2 ...
[info] Resolving org.scala-sbt#compiler-ivy-integration;0.13.9 ...
[info] Resolving org.scala-sbt#ivy;0.13.9 ...
[info] Resolving org.scala-sbt#cross;0.13.9 ...
[info] Resolving org.scala-sbt.ivy#ivy;2.3.0-sbt-c5d1b95fdcc1e1007740ffbecf4eb07abc51ec93 ...
[info] Resolving com.jcraft#jsch;0.1.46 ...
[info] Resolving org.scala-sbt#serialization_2.10;0.1.1 ...
[info] Resolving org.scala-lang.modules#scala-pickling_2.10;0.10.0 ...
[info] Resolving org.scalamacros#quasiquotes_2.10;2.0.1 ...
[info] Resolving org.json4s#json4s-core_2.10;3.2.10 ...
[info] Resolving org.json4s#json4s-ast_2.10;3.2.10 ...
[info] Resolving com.thoughtworks.paranamer#paranamer;2.6 ...
[info] Resolving org.spire-math#jawn-parser_2.10;0.6.0 ...
[info] Resolving org.spire-math#json4s-support_2.10;0.6.0 ...
[info] Resolving org.scala-sbt#run;0.13.9 ...
[info] Resolving org.scala-sbt#task-system;0.13.9 ...
[info] Resolving org.scala-sbt#tasks;0.13.9 ...
[info] Resolving org.scala-sbt#tracking;0.13.9 ...
[info] Resolving org.scala-sbt#cache;0.13.9 ...
[info] Resolving org.scala-sbt#testing;0.13.9 ...
[info] Resolving org.scala-sbt#test-agent;0.13.9 ...
[info] Resolving org.scala-sbt#test-interface;1.0 ...
[info] Resolving org.scala-sbt#main-settings;0.13.9 ...
[info] Resolving org.scala-sbt#apply-macro;0.13.9 ...
[info] Resolving org.scala-sbt#command;0.13.9 ...
[info] Resolving org.scala-sbt#logic;0.13.9 ...
[info] Resolving org.scala-sbt#compiler-interface;0.13.9 ...
[info] Resolving org.scala-sbt#precompiled-2_8_2;0.13.9 ...
[info] Resolving org.scala-sbt#precompiled-2_9_2;0.13.9 ...
[info] Resolving org.scala-sbt#precompiled-2_9_3;0.13.9 ...
[info] Resolving org.scala-lang#jline;2.10.5 ...
[info] Resolving org.fusesource.jansi#jansi;1.4 ...
[info] Done updating.
[info] Loading project definition from /repos/canve/extractor/sbt-plugin-integration-test/target/scala-2.11/classes/integration-test-projects/empty/project
[info] Updating {file:/repos/canve/extractor/sbt-plugin-integration-test/target/scala-2.11/classes/integration-test-projects/empty/project/}empty-build...
[info] Resolving org.scala-sbt#global-plugins;0.0 ...
[info] Resolving com.typesafe.sbteclipse#sbteclipse-plugin;4.0.0 ...
[info] Resolving org.scalaz#scalaz-core_2.10;7.1.0 ...
[info] Resolving org.scala-lang#scala-library;2.10.5 ...
[info] Resolving org.scalaz#scalaz-effect_2.10;7.1.0 ...
[info] Resolving com.github.mpeltonen#sbt-idea;1.6.0 ...
[info] Resolving commons-io#commons-io;2.0.1 ...
[info] Resolving com.hanhuy.sbt#key-path;0.2 ...
[info] Resolving net.virtual-void#sbt-dependency-graph;0.7.5 ...
[info] Resolving com.github.mdr#ascii-graphs_2.10;0.0.3 ...
[info] Resolving canve#sbt-plugin;0.0.1 ...
[info] Resolving canve#compiler-plugin_2.10;0.0.1 ...
[info] Resolving canve#simple-graph_2.10;0.0.1 ...
[info] Resolving com.github.tototoshi#scala-csv_2.10;1.2.2 ...
[info] Resolving org.scala-sbt#sbt;0.13.9 ...
[info] Resolving org.scala-sbt#main;0.13.9 ...
[info] Resolving org.scala-sbt#actions;0.13.9 ...
[info] Resolving org.scala-sbt#classpath;0.13.9 ...
[info] Resolving org.scala-lang#scala-compiler;2.10.5 ...
[info] Resolving org.scala-lang#scala-reflect;2.10.5 ...
[info] Resolving org.scala-sbt#interface;0.13.9 ...
[info] Resolving org.scala-sbt#io;0.13.9 ...
[info] Resolving org.scala-sbt#control;0.13.9 ...
[info] Resolving org.scala-sbt#launcher-interface;1.0.0-M1 ...
[info] Resolving org.scala-sbt#completion;0.13.9 ...
[info] Resolving org.scala-sbt#collections;0.13.9 ...
[info] Resolving jline#jline;2.11 ...
[info] Resolving org.scala-sbt#api;0.13.9 ...
[info] Resolving org.scala-sbt#compiler-integration;0.13.9 ...
[info] Resolving org.scala-sbt#incremental-compiler;0.13.9 ...
[info] Resolving org.scala-sbt#logging;0.13.9 ...
[info] Resolving org.scala-sbt#process;0.13.9 ...
[info] Resolving org.scala-sbt#relation;0.13.9 ...
[info] Resolving org.scala-sbt#compile;0.13.9 ...
[info] Resolving org.scala-sbt#classfile;0.13.9 ...
[info] Resolving org.scala-sbt#persist;0.13.9 ...
[info] Resolving org.scala-tools.sbinary#sbinary_2.10;0.4.2 ...
[info] Resolving org.scala-sbt#compiler-ivy-integration;0.13.9 ...
[info] Resolving org.scala-sbt#ivy;0.13.9 ...
[info] Resolving org.scala-sbt#cross;0.13.9 ...
[info] Resolving org.scala-sbt.ivy#ivy;2.3.0-sbt-c5d1b95fdcc1e1007740ffbecf4eb07abc51ec93 ...
[info] Resolving com.jcraft#jsch;0.1.46 ...
[info] Resolving org.scala-sbt#serialization_2.10;0.1.1 ...
[info] Resolving org.scala-lang.modules#scala-pickling_2.10;0.10.0 ...
[info] Resolving org.scalamacros#quasiquotes_2.10;2.0.1 ...
[info] Resolving org.json4s#json4s-core_2.10;3.2.10 ...
[info] Resolving org.json4s#json4s-ast_2.10;3.2.10 ...
[info] Resolving com.thoughtworks.paranamer#paranamer;2.6 ...
[info] Resolving org.spire-math#jawn-parser_2.10;0.6.0 ...
[info] Resolving org.spire-math#json4s-support_2.10;0.6.0 ...
[info] Resolving org.scala-sbt#run;0.13.9 ...
[info] Resolving org.scala-sbt#task-system;0.13.9 ...
[info] Resolving org.scala-sbt#tasks;0.13.9 ...
[info] Resolving org.scala-sbt#tracking;0.13.9 ...
[info] Resolving org.scala-sbt#cache;0.13.9 ...
[info] Resolving org.scala-sbt#testing;0.13.9 ...
[info] Resolving org.scala-sbt#test-agent;0.13.9 ...
[info] Resolving org.scala-sbt#test-interface;1.0 ...
[info] Resolving org.scala-sbt#main-settings;0.13.9 ...
[info] Resolving org.scala-sbt#apply-macro;0.13.9 ...
[info] Resolving org.scala-sbt#command;0.13.9 ...
[info] Resolving org.scala-sbt#logic;0.13.9 ...
[info] Resolving org.scala-sbt#compiler-interface;0.13.9 ...
[info] Resolving org.scala-sbt#precompiled-2_8_2;0.13.9 ...
[info] Resolving org.scala-sbt#precompiled-2_9_2;0.13.9 ...
[info] Resolving org.scala-sbt#precompiled-2_9_3;0.13.9 ...
[info] Resolving org.scala-lang#jline;2.10.5 ...
[info] Resolving org.fusesource.jansi#jansi;1.4 ...
[info] Done updating.
[canve] sbt canve plugin loaded - enter `canve` in sbt, to run canve for your project
[info] Set current project to empty (in build file:/repos/canve/extractor/sbt-plugin-integration-test/target/scala-2.11/classes/integration-test-projects/empty/)
[info] Set current project to empty (in build file:/repos/canve/extractor/sbt-plugin-integration-test/target/scala-2.11/classes/integration-test-projects/empty/)
[info] Updating {file:/repos/canve/extractor/sbt-plugin-integration-test/target/scala-2.11/classes/integration-test-projects/empty/}empty...
[info] Resolving org.scala-lang#scala-library;2.10.5 ...
[info] Resolving canve#compiler-plugin_2.10;0.0.1 ...
[info] Resolving org.scala-lang#scala-library;2.10.4 ...
[info] Resolving canve#simple-graph_2.10;0.0.1 ...
[info] Resolving com.github.tototoshi#scala-csv_2.10;1.2.2 ...
[info] Resolving org.scala-lang#scala-compiler;2.10.5 ...
[info] Resolving org.scala-lang#scala-reflect;2.10.5 ...
[info] Resolving org.scala-lang#jline;2.10.5 ...
[info] Resolving org.fusesource.jansi#jansi;1.4 ...
[info] Done updating.
canve task done
----------------------------------------------------------------------------------------------------
Following is the stdout and stderr output of the sbt process started on Sat Nov 14 14:53:53 IST 2015
----------------------------------------------------------------------------------------------------
[info] Loading global plugins from /home/matan/.sbt/0.13/plugins
[info] Updating {file:/home/matan/.sbt/0.13/plugins/}global-plugins...
[info] Resolving com.typesafe.sbteclipse#sbteclipse-plugin;4.0.0 ...
[info] Resolving org.scalaz#scalaz-core_2.10;7.1.0 ...
[info] Resolving org.scala-lang#scala-library;2.10.5 ...
[info] Resolving org.scalaz#scalaz-effect_2.10;7.1.0 ...
[info] Resolving com.github.mpeltonen#sbt-idea;1.6.0 ...
[info] Resolving commons-io#commons-io;2.0.1 ...
[info] Resolving com.hanhuy.sbt#key-path;0.2 ...
[info] Resolving net.virtual-void#sbt-dependency-graph;0.7.5 ...
[info] Resolving com.github.mdr#ascii-graphs_2.10;0.0.3 ...
[info] Resolving org.scala-sbt#sbt;0.13.9 ...
[info] Resolving org.scala-sbt#main;0.13.9 ...
[info] Resolving org.scala-sbt#actions;0.13.9 ...
[info] Resolving org.scala-sbt#classpath;0.13.9 ...
[info] Resolving org.scala-lang#scala-compiler;2.10.5 ...
[info] Resolving org.scala-lang#scala-reflect;2.10.5 ...
[info] Resolving org.scala-sbt#interface;0.13.9 ...
[info] Resolving org.scala-sbt#io;0.13.9 ...
[info] Resolving org.scala-sbt#control;0.13.9 ...
[info] Resolving org.scala-sbt#launcher-interface;1.0.0-M1 ...
[info] Resolving org.scala-sbt#completion;0.13.9 ...
[info] Resolving org.scala-sbt#collections;0.13.9 ...
[info] Resolving jline#jline;2.11 ...
[info] Resolving org.scala-sbt#api;0.13.9 ...
[info] Resolving org.scala-sbt#compiler-integration;0.13.9 ...
[info] Resolving org.scala-sbt#incremental-compiler;0.13.9 ...
[info] Resolving org.scala-sbt#logging;0.13.9 ...
[info] Resolving org.scala-sbt#process;0.13.9 ...
[info] Resolving org.scala-sbt#relation;0.13.9 ...
[info] Resolving org.scala-sbt#compile;0.13.9 ...
[info] Resolving org.scala-sbt#classfile;0.13.9 ...
[info] Resolving org.scala-sbt#persist;0.13.9 ...
[info] Resolving org.scala-tools.sbinary#sbinary_2.10;0.4.2 ...
[info] Resolving org.scala-sbt#compiler-ivy-integration;0.13.9 ...
[info] Resolving org.scala-sbt#ivy;0.13.9 ...
[info] Resolving org.scala-sbt#cross;0.13.9 ...
[info] Resolving org.scala-sbt.ivy#ivy;2.3.0-sbt-c5d1b95fdcc1e1007740ffbecf4eb07abc51ec93 ...
[info] Resolving com.jcraft#jsch;0.1.46 ...
[info] Resolving org.scala-sbt#serialization_2.10;0.1.1 ...
[info] Resolving org.scala-lang.modules#scala-pickling_2.10;0.10.0 ...
[info] Resolving org.scalamacros#quasiquotes_2.10;2.0.1 ...
[info] Resolving org.json4s#json4s-core_2.10;3.2.10 ...
[info] Resolving org.json4s#json4s-ast_2.10;3.2.10 ...
[info] Resolving com.thoughtworks.paranamer#paranamer;2.6 ...
[info] Resolving org.spire-math#jawn-parser_2.10;0.6.0 ...
[info] Resolving org.spire-math#json4s-support_2.10;0.6.0 ...
[info] Resolving org.scala-sbt#run;0.13.9 ...
[info] Resolving org.scala-sbt#task-system;0.13.9 ...
[info] Resolving org.scala-sbt#tasks;0.13.9 ...
[info] Resolving org.scala-sbt#tracking;0.13.9 ...
[info] Resolving org.scala-sbt#cache;0.13.9 ...
[info] Resolving org.scala-sbt#testing;0.13.9 ...
[info] Resolving org.scala-sbt#test-agent;0.13.9 ...
[info] Resolving org.scala-sbt#test-interface;1.0 ...
[info] Resolving org.scala-sbt#main-settings;0.13.9 ...
[info] Resolving org.scala-sbt#apply-macro;0.13.9 ...
[info] Resolving org.scala-sbt#command;0.13.9 ...
[info] Resolving org.scala-sbt#logic;0.13.9 ...
[info] Resolving org.scala-sbt#compiler-interface;0.13.9 ...
[info] Resolving org.scala-sbt#precompiled-2_8_2;0.13.9 ...
[info] Resolving org.scala-sbt#precompiled-2_9_2;0.13.9 ...
[info] Resolving org.scala-sbt#precompiled-2_9_3;0.13.9 ...
[info] Resolving org.scala-lang#jline;2.10.5 ...
[info] Resolving org.fusesource.jansi#jansi;1.4 ...
[info] Done updating.
[info] Loading project definition from /repos/canve/extractor/sbt-plugin-integration-test/target/scala-2.11/classes/integration-test-projects/empty/project
[info] Updating {file:/repos/canve/extractor/sbt-plugin-integration-test/target/scala-2.11/classes/integration-test-projects/empty/project/}empty-build...
[info] Resolving org.scala-sbt#global-plugins;0.0 ...
[info] Resolving com.typesafe.sbteclipse#sbteclipse-plugin;4.0.0 ...
[info] Resolving org.scalaz#scalaz-core_2.10;7.1.0 ...
[info] Resolving org.scala-lang#scala-library;2.10.5 ...
[info] Resolving org.scalaz#scalaz-effect_2.10;7.1.0 ...
[info] Resolving com.github.mpeltonen#sbt-idea;1.6.0 ...
[info] Resolving commons-io#commons-io;2.0.1 ...
[info] Resolving com.hanhuy.sbt#key-path;0.2 ...
[info] Resolving net.virtual-void#sbt-dependency-graph;0.7.5 ...
[info] Resolving com.github.mdr#ascii-graphs_2.10;0.0.3 ...
[info] Resolving canve#sbt-plugin;0.0.1 ...
[info] Resolving canve#compiler-plugin_2.10;0.0.1 ...
[info] Resolving canve#simple-graph_2.10;0.0.1 ...
[info] Resolving com.github.tototoshi#scala-csv_2.10;1.2.2 ...
[info] Resolving org.scala-sbt#sbt;0.13.9 ...
[info] Resolving org.scala-sbt#main;0.13.9 ...
[info] Resolving org.scala-sbt#actions;0.13.9 ...
[info] Resolving org.scala-sbt#classpath;0.13.9 ...
[info] Resolving org.scala-lang#scala-compiler;2.10.5 ...
[info] Resolving org.scala-lang#scala-reflect;2.10.5 ...
[info] Resolving org.scala-sbt#interface;0.13.9 ...
[info] Resolving org.scala-sbt#io;0.13.9 ...
[info] Resolving org.scala-sbt#control;0.13.9 ...
[info] Resolving org.scala-sbt#launcher-interface;1.0.0-M1 ...
[info] Resolving org.scala-sbt#completion;0.13.9 ...
[info] Resolving org.scala-sbt#collections;0.13.9 ...
[info] Resolving jline#jline;2.11 ...
[info] Resolving org.scala-sbt#api;0.13.9 ...
[info] Resolving org.scala-sbt#compiler-integration;0.13.9 ...
[info] Resolving org.scala-sbt#incremental-compiler;0.13.9 ...
[info] Resolving org.scala-sbt#logging;0.13.9 ...
[info] Resolving org.scala-sbt#process;0.13.9 ...
[info] Resolving org.scala-sbt#relation;0.13.9 ...
[info] Resolving org.scala-sbt#compile;0.13.9 ...
[info] Resolving org.scala-sbt#classfile;0.13.9 ...
[info] Resolving org.scala-sbt#persist;0.13.9 ...
[info] Resolving org.scala-tools.sbinary#sbinary_2.10;0.4.2 ...
[info] Resolving org.scala-sbt#compiler-ivy-integration;0.13.9 ...
[info] Resolving org.scala-sbt#ivy;0.13.9 ...
[info] Resolving org.scala-sbt#cross;0.13.9 ...
[info] Resolving org.scala-sbt.ivy#ivy;2.3.0-sbt-c5d1b95fdcc1e1007740ffbecf4eb07abc51ec93 ...
[info] Resolving com.jcraft#jsch;0.1.46 ...
[info] Resolving org.scala-sbt#serialization_2.10;0.1.1 ...
[info] Resolving org.scala-lang.modules#scala-pickling_2.10;0.10.0 ...
[info] Resolving org.scalamacros#quasiquotes_2.10;2.0.1 ...
[info] Resolving org.json4s#json4s-core_2.10;3.2.10 ...
[info] Resolving org.json4s#json4s-ast_2.10;3.2.10 ...
[info] Resolving com.thoughtworks.paranamer#paranamer;2.6 ...
[info] Resolving org.spire-math#jawn-parser_2.10;0.6.0 ...
[info] Resolving org.spire-math#json4s-support_2.10;0.6.0 ...
[info] Resolving org.scala-sbt#run;0.13.9 ...
[info] Resolving org.scala-sbt#task-system;0.13.9 ...
[info] Resolving org.scala-sbt#tasks;0.13.9 ...
[info] Resolving org.scala-sbt#tracking;0.13.9 ...
[info] Resolving org.scala-sbt#cache;0.13.9 ...
[info] Resolving org.scala-sbt#testing;0.13.9 ...
[info] Resolving org.scala-sbt#test-agent;0.13.9 ...
[info] Resolving org.scala-sbt#test-interface;1.0 ...
[info] Resolving org.scala-sbt#main-settings;0.13.9 ...
[info] Resolving org.scala-sbt#apply-macro;0.13.9 ...
[info] Resolving org.scala-sbt#command;0.13.9 ...
[info] Resolving org.scala-sbt#logic;0.13.9 ...
[info] Resolving org.scala-sbt#compiler-interface;0.13.9 ...
[info] Resolving org.scala-sbt#precompiled-2_8_2;0.13.9 ...
[info] Resolving org.scala-sbt#precompiled-2_9_2;0.13.9 ...
[info] Resolving org.scala-sbt#precompiled-2_9_3;0.13.9 ...
[info] Resolving org.scala-lang#jline;2.10.5 ...
[info] Resolving org.fusesource.jansi#jansi;1.4 ...
[info] Done updating.
[canve] sbt canve plugin loaded - enter `canve` in sbt, to run canve for your project
[info] Set current project to empty (in build file:/repos/canve/extractor/sbt-plugin-integration-test/target/scala-2.11/classes/integration-test-projects/empty/)
[info] Set current project to empty (in build file:/repos/canve/extractor/sbt-plugin-integration-test/target/scala-2.11/classes/integration-test-projects/empty/)
[info] Updating {file:/repos/canve/extractor/sbt-plugin-integration-test/target/scala-2.11/classes/integration-test-projects/empty/}empty...
[info] Resolving org.scala-lang#scala-library;2.10.5 ...
[info] Resolving canve#compiler-plugin_2.10;0.0.1 ...
[info] Resolving org.scala-lang#scala-library;2.10.4 ...
[info] Resolving canve#simple-graph_2.10;0.0.1 ...
[info] Resolving com.github.tototoshi#scala-csv_2.10;1.2.2 ...
[info] Resolving org.scala-lang#scala-compiler;2.10.5 ...
[info] Resolving org.scala-lang#scala-reflect;2.10.5 ...
[info] Resolving org.scala-lang#jline;2.10.5 ...
[info] Resolving org.fusesource.jansi#jansi;1.4 ...
[info] Done updating.
canve task done
----------------------------------------------------------------------------------------------------
Following is the stdout and stderr output of the sbt process started on Sat Nov 14 14:58:34 IST 2015
----------------------------------------------------------------------------------------------------
[info] Loading global plugins from /home/matan/.sbt/0.13/plugins
[info] Updating {file:/home/matan/.sbt/0.13/plugins/}global-plugins...
[info] Resolving com.typesafe.sbteclipse#sbteclipse-plugin;4.0.0 ...
[info] Resolving org.scalaz#scalaz-core_2.10;7.1.0 ...
[info] Resolving org.scala-lang#scala-library;2.10.5 ...
[info] Resolving org.scalaz#scalaz-effect_2.10;7.1.0 ...
[info] Resolving com.github.mpeltonen#sbt-idea;1.6.0 ...
[info] Resolving commons-io#commons-io;2.0.1 ...
[info] Resolving com.hanhuy.sbt#key-path;0.2 ...
[info] Resolving net.virtual-void#sbt-dependency-graph;0.7.5 ...
[info] Resolving com.github.mdr#ascii-graphs_2.10;0.0.3 ...
[info] Resolving org.scala-sbt#sbt;0.13.9 ...
[info] Resolving org.scala-sbt#main;0.13.9 ...
[info] Resolving org.scala-sbt#actions;0.13.9 ...
[info] Resolving org.scala-sbt#classpath;0.13.9 ...
[info] Resolving org.scala-lang#scala-compiler;2.10.5 ...
[info] Resolving org.scala-lang#scala-reflect;2.10.5 ...
[info] Resolving org.scala-sbt#interface;0.13.9 ...
[info] Resolving org.scala-sbt#io;0.13.9 ...
[info] Resolving org.scala-sbt#control;0.13.9 ...
[info] Resolving org.scala-sbt#launcher-interface;1.0.0-M1 ...
[info] Resolving org.scala-sbt#completion;0.13.9 ...
[info] Resolving org.scala-sbt#collections;0.13.9 ...
[info] Resolving jline#jline;2.11 ...
[info] Resolving org.scala-sbt#api;0.13.9 ...
[info] Resolving org.scala-sbt#compiler-integration;0.13.9 ...
[info] Resolving org.scala-sbt#incremental-compiler;0.13.9 ...
[info] Resolving org.scala-sbt#logging;0.13.9 ...
[info] Resolving org.scala-sbt#process;0.13.9 ...
[info] Resolving org.scala-sbt#relation;0.13.9 ...
[info] Resolving org.scala-sbt#compile;0.13.9 ...
[info] Resolving org.scala-sbt#classfile;0.13.9 ...
[info] Resolving org.scala-sbt#persist;0.13.9 ...
[info] Resolving org.scala-tools.sbinary#sbinary_2.10;0.4.2 ...
[info] Resolving org.scala-sbt#compiler-ivy-integration;0.13.9 ...
[info] Resolving org.scala-sbt#ivy;0.13.9 ...
[info] Resolving org.scala-sbt#cross;0.13.9 ...
[info] Resolving org.scala-sbt.ivy#ivy;2.3.0-sbt-c5d1b95fdcc1e1007740ffbecf4eb07abc51ec93 ...
[info] Resolving com.jcraft#jsch;0.1.46 ...
[info] Resolving org.scala-sbt#serialization_2.10;0.1.1 ...
[info] Resolving org.scala-lang.modules#scala-pickling_2.10;0.10.0 ...
[info] Resolving org.scalamacros#quasiquotes_2.10;2.0.1 ...
[info] Resolving org.json4s#json4s-core_2.10;3.2.10 ...
[info] Resolving org.json4s#json4s-ast_2.10;3.2.10 ...
[info] Resolving com.thoughtworks.paranamer#paranamer;2.6 ...
[info] Resolving org.spire-math#jawn-parser_2.10;0.6.0 ...
[info] Resolving org.spire-math#json4s-support_2.10;0.6.0 ...
[info] Resolving org.scala-sbt#run;0.13.9 ...
[info] Resolving org.scala-sbt#task-system;0.13.9 ...
[info] Resolving org.scala-sbt#tasks;0.13.9 ...
[info] Resolving org.scala-sbt#tracking;0.13.9 ...
[info] Resolving org.scala-sbt#cache;0.13.9 ...
[info] Resolving org.scala-sbt#testing;0.13.9 ...
[info] Resolving org.scala-sbt#test-agent;0.13.9 ...
[info] Resolving org.scala-sbt#test-interface;1.0 ...
[info] Resolving org.scala-sbt#main-settings;0.13.9 ...
[info] Resolving org.scala-sbt#apply-macro;0.13.9 ...
[info] Resolving org.scala-sbt#command;0.13.9 ...
[info] Resolving org.scala-sbt#logic;0.13.9 ...
[info] Resolving org.scala-sbt#compiler-interface;0.13.9 ...
[info] Resolving org.scala-sbt#precompiled-2_8_2;0.13.9 ...
[info] Resolving org.scala-sbt#precompiled-2_9_2;0.13.9 ...
[info] Resolving org.scala-sbt#precompiled-2_9_3;0.13.9 ...
[info] Resolving org.scala-lang#jline;2.10.5 ...
[info] Resolving org.fusesource.jansi#jansi;1.4 ...
[info] Done updating.
[info] Loading project definition from /repos/canve/extractor/sbt-plugin-integration-test/target/scala-2.11/classes/integration-test-projects/empty/project
[info] Updating {file:/repos/canve/extractor/sbt-plugin-integration-test/target/scala-2.11/classes/integration-test-projects/empty/project/}empty-build...
[info] Resolving org.scala-sbt#global-plugins;0.0 ...
[info] Resolving com.typesafe.sbteclipse#sbteclipse-plugin;4.0.0 ...
[info] Resolving org.scalaz#scalaz-core_2.10;7.1.0 ...
[info] Resolving org.scala-lang#scala-library;2.10.5 ...
[info] Resolving org.scalaz#scalaz-effect_2.10;7.1.0 ...
[info] Resolving com.github.mpeltonen#sbt-idea;1.6.0 ...
[info] Resolving commons-io#commons-io;2.0.1 ...
[info] Resolving com.hanhuy.sbt#key-path;0.2 ...
[info] Resolving net.virtual-void#sbt-dependency-graph;0.7.5 ...
[info] Resolving com.github.mdr#ascii-graphs_2.10;0.0.3 ...
[info] Resolving canve#sbt-plugin;0.0.1 ...
[info] Resolving canve#compiler-plugin_2.10;0.0.1 ...
[info] Resolving canve#simple-graph_2.10;0.0.1 ...
[info] Resolving com.github.tototoshi#scala-csv_2.10;1.2.2 ...
[info] Resolving org.scala-sbt#sbt;0.13.9 ...
[info] Resolving org.scala-sbt#main;0.13.9 ...
[info] Resolving org.scala-sbt#actions;0.13.9 ...
[info] Resolving org.scala-sbt#classpath;0.13.9 ...
[info] Resolving org.scala-lang#scala-compiler;2.10.5 ...
[info] Resolving org.scala-lang#scala-reflect;2.10.5 ...
[info] Resolving org.scala-sbt#interface;0.13.9 ...
[info] Resolving org.scala-sbt#io;0.13.9 ...
[info] Resolving org.scala-sbt#control;0.13.9 ...
[info] Resolving org.scala-sbt#launcher-interface;1.0.0-M1 ...
[info] Resolving org.scala-sbt#completion;0.13.9 ...
[info] Resolving org.scala-sbt#collections;0.13.9 ...
[info] Resolving jline#jline;2.11 ...
[info] Resolving org.scala-sbt#api;0.13.9 ...
[info] Resolving org.scala-sbt#compiler-integration;0.13.9 ...
[info] Resolving org.scala-sbt#incremental-compiler;0.13.9 ...
[info] Resolving org.scala-sbt#logging;0.13.9 ...
[info] Resolving org.scala-sbt#process;0.13.9 ...
[info] Resolving org.scala-sbt#relation;0.13.9 ...
[info] Resolving org.scala-sbt#compile;0.13.9 ...
[info] Resolving org.scala-sbt#classfile;0.13.9 ...
[info] Resolving org.scala-sbt#persist;0.13.9 ...
[info] Resolving org.scala-tools.sbinary#sbinary_2.10;0.4.2 ...
[info] Resolving org.scala-sbt#compiler-ivy-integration;0.13.9 ...
[info] Resolving org.scala-sbt#ivy;0.13.9 ...
[info] Resolving org.scala-sbt#cross;0.13.9 ...
[info] Resolving org.scala-sbt.ivy#ivy;2.3.0-sbt-c5d1b95fdcc1e1007740ffbecf4eb07abc51ec93 ...
[info] Resolving com.jcraft#jsch;0.1.46 ...
[info] Resolving org.scala-sbt#serialization_2.10;0.1.1 ...
[info] Resolving org.scala-lang.modules#scala-pickling_2.10;0.10.0 ...
[info] Resolving org.scalamacros#quasiquotes_2.10;2.0.1 ...
[info] Resolving org.json4s#json4s-core_2.10;3.2.10 ...
[info] Resolving org.json4s#json4s-ast_2.10;3.2.10 ...
[info] Resolving com.thoughtworks.paranamer#paranamer;2.6 ...
[info] Resolving org.spire-math#jawn-parser_2.10;0.6.0 ...
[info] Resolving org.spire-math#json4s-support_2.10;0.6.0 ...
[info] Resolving org.scala-sbt#run;0.13.9 ...
[info] Resolving org.scala-sbt#task-system;0.13.9 ...
[info] Resolving org.scala-sbt#tasks;0.13.9 ...
[info] Resolving org.scala-sbt#tracking;0.13.9 ...
[info] Resolving org.scala-sbt#cache;0.13.9 ...
[info] Resolving org.scala-sbt#testing;0.13.9 ...
[info] Resolving org.scala-sbt#test-agent;0.13.9 ...
[info] Resolving org.scala-sbt#test-interface;1.0 ...
[info] Resolving org.scala-sbt#main-settings;0.13.9 ...
[info] Resolving org.scala-sbt#apply-macro;0.13.9 ...
[info] Resolving org.scala-sbt#command;0.13.9 ...
[info] Resolving org.scala-sbt#logic;0.13.9 ...
[info] Resolving org.scala-sbt#compiler-interface;0.13.9 ...
[info] Resolving org.scala-sbt#precompiled-2_8_2;0.13.9 ...
[info] Resolving org.scala-sbt#precompiled-2_9_2;0.13.9 ...
[info] Resolving org.scala-sbt#precompiled-2_9_3;0.13.9 ...
[info] Resolving org.scala-lang#jline;2.10.5 ...
[info] Resolving org.fusesource.jansi#jansi;1.4 ...
[info] Done updating.
[canve] sbt canve plugin loaded - enter `canve` in sbt, to run canve for your project
[info] Set current project to empty (in build file:/repos/canve/extractor/sbt-plugin-integration-test/target/scala-2.11/classes/integration-test-projects/empty/)
[info] Set current project to empty (in build file:/repos/canve/extractor/sbt-plugin-integration-test/target/scala-2.11/classes/integration-test-projects/empty/)
[info] Updating {file:/repos/canve/extractor/sbt-plugin-integration-test/target/scala-2.11/classes/integration-test-projects/empty/}empty...
[info] Resolving org.scala-lang#scala-library;2.10.5 ...
[info] Resolving canve#compiler-plugin_2.10;0.0.1 ...
[info] Resolving org.scala-lang#scala-library;2.10.4 ...
[info] Resolving canve#simple-graph_2.10;0.0.1 ...
[info] Resolving com.github.tototoshi#scala-csv_2.10;1.2.2 ...
[info] Resolving org.scala-lang#scala-compiler;2.10.5 ...
[info] Resolving org.scala-lang#scala-reflect;2.10.5 ...
[info] Resolving org.scala-lang#jline;2.10.5 ...
[info] Resolving org.fusesource.jansi#jansi;1.4 ...
[info] Done updating.
canve task done
----------------------------------------------------------------------------------------------------
Following is the stdout and stderr output of the sbt process started on Sat Nov 14 15:49:39 IST 2015
----------------------------------------------------------------------------------------------------
[info] Loading global plugins from /home/matan/.sbt/0.13/plugins
[info] Updating {file:/home/matan/.sbt/0.13/plugins/}global-plugins...
[info] Resolving com.typesafe.sbteclipse#sbteclipse-plugin;4.0.0 ...
[info] Resolving org.scalaz#scalaz-core_2.10;7.1.0 ...
[info] Resolving org.scala-lang#scala-library;2.10.5 ...
[info] Resolving org.scalaz#scalaz-effect_2.10;7.1.0 ...
[info] Resolving com.github.mpeltonen#sbt-idea;1.6.0 ...
[info] Resolving commons-io#commons-io;2.0.1 ...
[info] Resolving com.hanhuy.sbt#key-path;0.2 ...
[info] Resolving net.virtual-void#sbt-dependency-graph;0.7.5 ...
[info] Resolving com.github.mdr#ascii-graphs_2.10;0.0.3 ...
[info] Resolving org.scala-sbt#sbt;0.13.9 ...
[info] Resolving org.scala-sbt#main;0.13.9 ...
[info] Resolving org.scala-sbt#actions;0.13.9 ...
[info] Resolving org.scala-sbt#classpath;0.13.9 ...
[info] Resolving org.scala-lang#scala-compiler;2.10.5 ...
[info] Resolving org.scala-lang#scala-reflect;2.10.5 ...
[info] Resolving org.scala-sbt#interface;0.13.9 ...
[info] Resolving org.scala-sbt#io;0.13.9 ...
[info] Resolving org.scala-sbt#control;0.13.9 ...
[info] Resolving org.scala-sbt#launcher-interface;1.0.0-M1 ...
[info] Resolving org.scala-sbt#completion;0.13.9 ...
[info] Resolving org.scala-sbt#collections;0.13.9 ...
[info] Resolving jline#jline;2.11 ...
[info] Resolving org.scala-sbt#api;0.13.9 ...
[info] Resolving org.scala-sbt#compiler-integration;0.13.9 ...
[info] Resolving org.scala-sbt#incremental-compiler;0.13.9 ...
[info] Resolving org.scala-sbt#logging;0.13.9 ...
[info] Resolving org.scala-sbt#process;0.13.9 ...
[info] Resolving org.scala-sbt#relation;0.13.9 ...
[info] Resolving org.scala-sbt#compile;0.13.9 ...
[info] Resolving org.scala-sbt#classfile;0.13.9 ...
[info] Resolving org.scala-sbt#persist;0.13.9 ...
[info] Resolving org.scala-tools.sbinary#sbinary_2.10;0.4.2 ...
[info] Resolving org.scala-sbt#compiler-ivy-integration;0.13.9 ...
[info] Resolving org.scala-sbt#ivy;0.13.9 ...
[info] Resolving org.scala-sbt#cross;0.13.9 ...
[info] Resolving org.scala-sbt.ivy#ivy;2.3.0-sbt-c5d1b95fdcc1e1007740ffbecf4eb07abc51ec93 ...
[info] Resolving com.jcraft#jsch;0.1.46 ...
[info] Resolving org.scala-sbt#serialization_2.10;0.1.1 ...
[info] Resolving org.scala-lang.modules#scala-pickling_2.10;0.10.0 ...
[info] Resolving org.scalamacros#quasiquotes_2.10;2.0.1 ...
[info] Resolving org.json4s#json4s-core_2.10;3.2.10 ...
[info] Resolving org.json4s#json4s-ast_2.10;3.2.10 ...
[info] Resolving com.thoughtworks.paranamer#paranamer;2.6 ...
[info] Resolving org.spire-math#jawn-parser_2.10;0.6.0 ...
[info] Resolving org.spire-math#json4s-support_2.10;0.6.0 ...
[info] Resolving org.scala-sbt#run;0.13.9 ...
[info] Resolving org.scala-sbt#task-system;0.13.9 ...
[info] Resolving org.scala-sbt#tasks;0.13.9 ...
[info] Resolving org.scala-sbt#tracking;0.13.9 ...
[info] Resolving org.scala-sbt#cache;0.13.9 ...
[info] Resolving org.scala-sbt#testing;0.13.9 ...
[info] Resolving org.scala-sbt#test-agent;0.13.9 ...
[info] Resolving org.scala-sbt#test-interface;1.0 ...
[info] Resolving org.scala-sbt#main-settings;0.13.9 ...
[info] Resolving org.scala-sbt#apply-macro;0.13.9 ...
[info] Resolving org.scala-sbt#command;0.13.9 ...
[info] Resolving org.scala-sbt#logic;0.13.9 ...
[info] Resolving org.scala-sbt#compiler-interface;0.13.9 ...
[info] Resolving org.scala-sbt#precompiled-2_8_2;0.13.9 ...
[info] Resolving org.scala-sbt#precompiled-2_9_2;0.13.9 ...
[info] Resolving org.scala-sbt#precompiled-2_9_3;0.13.9 ...
[info] Resolving org.scala-lang#jline;2.10.5 ...
[info] Resolving org.fusesource.jansi#jansi;1.4 ...
[info] Done updating.
[info] Loading project definition from /repos/canve/extractor/sbt-plugin-integration-test/target/scala-2.11/classes/integration-test-projects/empty/project
[info] Updating {file:/repos/canve/extractor/sbt-plugin-integration-test/target/scala-2.11/classes/integration-test-projects/empty/project/}empty-build...
[info] Resolving org.scala-sbt#global-plugins;0.0 ...
[info] Resolving com.typesafe.sbteclipse#sbteclipse-plugin;4.0.0 ...
[info] Resolving org.scalaz#scalaz-core_2.10;7.1.0 ...
[info] Resolving org.scala-lang#scala-library;2.10.5 ...
[info] Resolving org.scalaz#scalaz-effect_2.10;7.1.0 ...
[info] Resolving com.github.mpeltonen#sbt-idea;1.6.0 ...
[info] Resolving commons-io#commons-io;2.0.1 ...
[info] Resolving com.hanhuy.sbt#key-path;0.2 ...
[info] Resolving net.virtual-void#sbt-dependency-graph;0.7.5 ...
[info] Resolving com.github.mdr#ascii-graphs_2.10;0.0.3 ...
[info] Resolving canve#sbt-plugin;0.0.1 ...
[info] Resolving canve#compiler-plugin_2.10;0.0.1 ...
[info] Resolving canve#simple-graph_2.10;0.0.1 ...
[info] Resolving com.github.tototoshi#scala-csv_2.10;1.2.2 ...
[info] Resolving org.scala-sbt#sbt;0.13.9 ...
[info] Resolving org.scala-sbt#main;0.13.9 ...
[info] Resolving org.scala-sbt#actions;0.13.9 ...
[info] Resolving org.scala-sbt#classpath;0.13.9 ...
[info] Resolving org.scala-lang#scala-compiler;2.10.5 ...
[info] Resolving org.scala-lang#scala-reflect;2.10.5 ...
[info] Resolving org.scala-sbt#interface;0.13.9 ...
[info] Resolving org.scala-sbt#io;0.13.9 ...
[info] Resolving org.scala-sbt#control;0.13.9 ...
[info] Resolving org.scala-sbt#launcher-interface;1.0.0-M1 ...
[info] Resolving org.scala-sbt#completion;0.13.9 ...
[info] Resolving org.scala-sbt#collections;0.13.9 ...
[info] Resolving jline#jline;2.11 ...
[info] Resolving org.scala-sbt#api;0.13.9 ...
[info] Resolving org.scala-sbt#compiler-integration;0.13.9 ...
[info] Resolving org.scala-sbt#incremental-compiler;0.13.9 ...
[info] Resolving org.scala-sbt#logging;0.13.9 ...
[info] Resolving org.scala-sbt#process;0.13.9 ...
[info] Resolving org.scala-sbt#relation;0.13.9 ...
[info] Resolving org.scala-sbt#compile;0.13.9 ...
[info] Resolving org.scala-sbt#classfile;0.13.9 ...
[info] Resolving org.scala-sbt#persist;0.13.9 ...
[info] Resolving org.scala-tools.sbinary#sbinary_2.10;0.4.2 ...
[info] Resolving org.scala-sbt#compiler-ivy-integration;0.13.9 ...
[info] Resolving org.scala-sbt#ivy;0.13.9 ...
[info] Resolving org.scala-sbt#cross;0.13.9 ...
[info] Resolving org.scala-sbt.ivy#ivy;2.3.0-sbt-c5d1b95fdcc1e1007740ffbecf4eb07abc51ec93 ...
[info] Resolving com.jcraft#jsch;0.1.46 ...
[info] Resolving org.scala-sbt#serialization_2.10;0.1.1 ...
[info] Resolving org.scala-lang.modules#scala-pickling_2.10;0.10.0 ...
[info] Resolving org.scalamacros#quasiquotes_2.10;2.0.1 ...
[info] Resolving org.json4s#json4s-core_2.10;3.2.10 ...
[info] Resolving org.json4s#json4s-ast_2.10;3.2.10 ...
[info] Resolving com.thoughtworks.paranamer#paranamer;2.6 ...
[info] Resolving org.spire-math#jawn-parser_2.10;0.6.0 ...
[info] Resolving org.spire-math#json4s-support_2.10;0.6.0 ...
[info] Resolving org.scala-sbt#run;0.13.9 ...
[info] Resolving org.scala-sbt#task-system;0.13.9 ...
[info] Resolving org.scala-sbt#tasks;0.13.9 ...
[info] Resolving org.scala-sbt#tracking;0.13.9 ...
[info] Resolving org.scala-sbt#cache;0.13.9 ...
[info] Resolving org.scala-sbt#testing;0.13.9 ...
[info] Resolving org.scala-sbt#test-agent;0.13.9 ...
[info] Resolving org.scala-sbt#test-interface;1.0 ...
[info] Resolving org.scala-sbt#main-settings;0.13.9 ...
[info] Resolving org.scala-sbt#apply-macro;0.13.9 ...
[info] Resolving org.scala-sbt#command;0.13.9 ...
[info] Resolving org.scala-sbt#logic;0.13.9 ...
[info] Resolving org.scala-sbt#compiler-interface;0.13.9 ...
[info] Resolving org.scala-sbt#precompiled-2_8_2;0.13.9 ...
[info] Resolving org.scala-sbt#precompiled-2_9_2;0.13.9 ...
[info] Resolving org.scala-sbt#precompiled-2_9_3;0.13.9 ...
[info] Resolving org.scala-lang#jline;2.10.5 ...
[info] Resolving org.fusesource.jansi#jansi;1.4 ...
[info] Done updating.
[canve] sbt canve plugin loaded - enter `canve` in sbt, to run canve for your project
[info] Set current project to empty (in build file:/repos/canve/extractor/sbt-plugin-integration-test/target/scala-2.11/classes/integration-test-projects/empty/)
[info] Set current project to empty (in build file:/repos/canve/extractor/sbt-plugin-integration-test/target/scala-2.11/classes/integration-test-projects/empty/)
[info] Updating {file:/repos/canve/extractor/sbt-plugin-integration-test/target/scala-2.11/classes/integration-test-projects/empty/}empty...
[info] Resolving org.scala-lang#scala-library;2.10.5 ...
[info] Resolving canve#compiler-plugin_2.10;0.0.1 ...
[info] Resolving org.scala-lang#scala-library;2.10.4 ...
[info] Resolving canve#simple-graph_2.10;0.0.1 ...
[info] Resolving com.github.tototoshi#scala-csv_2.10;1.2.2 ...
[info] Resolving org.scala-lang#scala-compiler;2.10.5 ...
[info] Resolving org.scala-lang#scala-reflect;2.10.5 ...
[info] Resolving org.scala-lang#jline;2.10.5 ...
[info] Resolving org.fusesource.jansi#jansi;1.4 ...
[info] Done updating.
canve task done
----------------------------------------------------------------------------------------------------
Following is the stdout and stderr output of the sbt process started on Sat Nov 14 15:51:56 IST 2015
----------------------------------------------------------------------------------------------------
[info] Loading global plugins from /home/matan/.sbt/0.13/plugins
[info] Updating {file:/home/matan/.sbt/0.13/plugins/}global-plugins...
[info] Resolving com.typesafe.sbteclipse#sbteclipse-plugin;4.0.0 ...
[info] Resolving org.scalaz#scalaz-core_2.10;7.1.0 ...
[info] Resolving org.scala-lang#scala-library;2.10.5 ...
[info] Resolving org.scalaz#scalaz-effect_2.10;7.1.0 ...
[info] Resolving com.github.mpeltonen#sbt-idea;1.6.0 ...
[info] Resolving commons-io#commons-io;2.0.1 ...
[info] Resolving com.hanhuy.sbt#key-path;0.2 ...
[info] Resolving net.virtual-void#sbt-dependency-graph;0.7.5 ...
[info] Resolving com.github.mdr#ascii-graphs_2.10;0.0.3 ...
[info] Resolving org.scala-sbt#sbt;0.13.9 ...
[info] Resolving org.scala-sbt#main;0.13.9 ...
[info] Resolving org.scala-sbt#actions;0.13.9 ...
[info] Resolving org.scala-sbt#classpath;0.13.9 ...
[info] Resolving org.scala-lang#scala-compiler;2.10.5 ...
[info] Resolving org.scala-lang#scala-reflect;2.10.5 ...
[info] Resolving org.scala-sbt#interface;0.13.9 ...
[info] Resolving org.scala-sbt#io;0.13.9 ...
[info] Resolving org.scala-sbt#control;0.13.9 ...
[info] Resolving org.scala-sbt#launcher-interface;1.0.0-M1 ...
[info] Resolving org.scala-sbt#completion;0.13.9 ...
[info] Resolving org.scala-sbt#collections;0.13.9 ...
[info] Resolving jline#jline;2.11 ...
[info] Resolving org.scala-sbt#api;0.13.9 ...
[info] Resolving org.scala-sbt#compiler-integration;0.13.9 ...
[info] Resolving org.scala-sbt#incremental-compiler;0.13.9 ...
[info] Resolving org.scala-sbt#logging;0.13.9 ...
[info] Resolving org.scala-sbt#process;0.13.9 ...
[info] Resolving org.scala-sbt#relation;0.13.9 ...
[info] Resolving org.scala-sbt#compile;0.13.9 ...
[info] Resolving org.scala-sbt#classfile;0.13.9 ...
[info] Resolving org.scala-sbt#persist;0.13.9 ...
[info] Resolving org.scala-tools.sbinary#sbinary_2.10;0.4.2 ...
[info] Resolving org.scala-sbt#compiler-ivy-integration;0.13.9 ...
[info] Resolving org.scala-sbt#ivy;0.13.9 ...
[info] Resolving org.scala-sbt#cross;0.13.9 ...
[info] Resolving org.scala-sbt.ivy#ivy;2.3.0-sbt-c5d1b95fdcc1e1007740ffbecf4eb07abc51ec93 ...
[info] Resolving com.jcraft#jsch;0.1.46 ...
[info] Resolving org.scala-sbt#serialization_2.10;0.1.1 ...
[info] Resolving org.scala-lang.modules#scala-pickling_2.10;0.10.0 ...
[info] Resolving org.scalamacros#quasiquotes_2.10;2.0.1 ...
[info] Resolving org.json4s#json4s-core_2.10;3.2.10 ...
[info] Resolving org.json4s#json4s-ast_2.10;3.2.10 ...
[info] Resolving com.thoughtworks.paranamer#paranamer;2.6 ...
[info] Resolving org.spire-math#jawn-parser_2.10;0.6.0 ...
[info] Resolving org.spire-math#json4s-support_2.10;0.6.0 ...
[info] Resolving org.scala-sbt#run;0.13.9 ...
[info] Resolving org.scala-sbt#task-system;0.13.9 ...
[info] Resolving org.scala-sbt#tasks;0.13.9 ...
[info] Resolving org.scala-sbt#tracking;0.13.9 ...
[info] Resolving org.scala-sbt#cache;0.13.9 ...
[info] Resolving org.scala-sbt#testing;0.13.9 ...
[info] Resolving org.scala-sbt#test-agent;0.13.9 ...
[info] Resolving org.scala-sbt#test-interface;1.0 ...
[info] Resolving org.scala-sbt#main-settings;0.13.9 ...
[info] Resolving org.scala-sbt#apply-macro;0.13.9 ...
[info] Resolving org.scala-sbt#command;0.13.9 ...
[info] Resolving org.scala-sbt#logic;0.13.9 ...
[info] Resolving org.scala-sbt#compiler-interface;0.13.9 ...
[info] Resolving org.scala-sbt#precompiled-2_8_2;0.13.9 ...
[info] Resolving org.scala-sbt#precompiled-2_9_2;0.13.9 ...
[info] Resolving org.scala-sbt#precompiled-2_9_3;0.13.9 ...
[info] Resolving org.scala-lang#jline;2.10.5 ...
[info] Resolving org.fusesource.jansi#jansi;1.4 ...
[info] Done updating.
[info] Loading project definition from /repos/canve/extractor/sbt-plugin-integration-test/target/scala-2.11/classes/integration-test-projects/empty/project
[info] Updating {file:/repos/canve/extractor/sbt-plugin-integration-test/target/scala-2.11/classes/integration-test-projects/empty/project/}empty-build...
[info] Resolving org.scala-sbt#global-plugins;0.0 ...
[info] Resolving com.typesafe.sbteclipse#sbteclipse-plugin;4.0.0 ...
[info] Resolving org.scalaz#scalaz-core_2.10;7.1.0 ...
[info] Resolving org.scala-lang#scala-library;2.10.5 ...
[info] Resolving org.scalaz#scalaz-effect_2.10;7.1.0 ...
[info] Resolving com.github.mpeltonen#sbt-idea;1.6.0 ...
[info] Resolving commons-io#commons-io;2.0.1 ...
[info] Resolving com.hanhuy.sbt#key-path;0.2 ...
[info] Resolving net.virtual-void#sbt-dependency-graph;0.7.5 ...
[info] Resolving com.github.mdr#ascii-graphs_2.10;0.0.3 ...
[info] Resolving canve#sbt-plugin;0.0.1 ...
[info] Resolving canve#compiler-plugin_2.10;0.0.1 ...
[info] Resolving canve#simple-graph_2.10;0.0.1 ...
[info] Resolving com.github.tototoshi#scala-csv_2.10;1.2.2 ...
[info] Resolving org.scala-sbt#sbt;0.13.9 ...
[info] Resolving org.scala-sbt#main;0.13.9 ...
[info] Resolving org.scala-sbt#actions;0.13.9 ...
[info] Resolving org.scala-sbt#classpath;0.13.9 ...
[info] Resolving org.scala-lang#scala-compiler;2.10.5 ...
[info] Resolving org.scala-lang#scala-reflect;2.10.5 ...
[info] Resolving org.scala-sbt#interface;0.13.9 ...
[info] Resolving org.scala-sbt#io;0.13.9 ...
[info] Resolving org.scala-sbt#control;0.13.9 ...
[info] Resolving org.scala-sbt#launcher-interface;1.0.0-M1 ...
[info] Resolving org.scala-sbt#completion;0.13.9 ...
[info] Resolving org.scala-sbt#collections;0.13.9 ...
[info] Resolving jline#jline;2.11 ...
[info] Resolving org.scala-sbt#api;0.13.9 ...
[info] Resolving org.scala-sbt#compiler-integration;0.13.9 ...
[info] Resolving org.scala-sbt#incremental-compiler;0.13.9 ...
[info] Resolving org.scala-sbt#logging;0.13.9 ...
[info] Resolving org.scala-sbt#process;0.13.9 ...
[info] Resolving org.scala-sbt#relation;0.13.9 ...
[info] Resolving org.scala-sbt#compile;0.13.9 ...
[info] Resolving org.scala-sbt#classfile;0.13.9 ...
[info] Resolving org.scala-sbt#persist;0.13.9 ...
[info] Resolving org.scala-tools.sbinary#sbinary_2.10;0.4.2 ...
[info] Resolving org.scala-sbt#compiler-ivy-integration;0.13.9 ...
[info] Resolving org.scala-sbt#ivy;0.13.9 ...
[info] Resolving org.scala-sbt#cross;0.13.9 ...
[info] Resolving org.scala-sbt.ivy#ivy;2.3.0-sbt-c5d1b95fdcc1e1007740ffbecf4eb07abc51ec93 ...
[info] Resolving com.jcraft#jsch;0.1.46 ...
[info] Resolving org.scala-sbt#serialization_2.10;0.1.1 ...
[info] Resolving org.scala-lang.modules#scala-pickling_2.10;0.10.0 ...
[info] Resolving org.scalamacros#quasiquotes_2.10;2.0.1 ...
[info] Resolving org.json4s#json4s-core_2.10;3.2.10 ...
[info] Resolving org.json4s#json4s-ast_2.10;3.2.10 ...
[info] Resolving com.thoughtworks.paranamer#paranamer;2.6 ...
[info] Resolving org.spire-math#jawn-parser_2.10;0.6.0 ...
[info] Resolving org.spire-math#json4s-support_2.10;0.6.0 ...
[info] Resolving org.scala-sbt#run;0.13.9 ...
[info] Resolving org.scala-sbt#task-system;0.13.9 ...
[info] Resolving org.scala-sbt#tasks;0.13.9 ...
[info] Resolving org.scala-sbt#tracking;0.13.9 ...
[info] Resolving org.scala-sbt#cache;0.13.9 ...
[info] Resolving org.scala-sbt#testing;0.13.9 ...
[info] Resolving org.scala-sbt#test-agent;0.13.9 ...
[info] Resolving org.scala-sbt#test-interface;1.0 ...
[info] Resolving org.scala-sbt#main-settings;0.13.9 ...
[info] Resolving org.scala-sbt#apply-macro;0.13.9 ...
[info] Resolving org.scala-sbt#command;0.13.9 ...
[info] Resolving org.scala-sbt#logic;0.13.9 ...
[info] Resolving org.scala-sbt#compiler-interface;0.13.9 ...
[info] Resolving org.scala-sbt#precompiled-2_8_2;0.13.9 ...
[info] Resolving org.scala-sbt#precompiled-2_9_2;0.13.9 ...
[info] Resolving org.scala-sbt#precompiled-2_9_3;0.13.9 ...
[info] Resolving org.scala-lang#jline;2.10.5 ...
[info] Resolving org.fusesource.jansi#jansi;1.4 ...
[info] Done updating.
[canve] sbt canve plugin loaded - enter `canve` in sbt, to run canve for your project
[info] Set current project to empty (in build file:/repos/canve/extractor/sbt-plugin-integration-test/target/scala-2.11/classes/integration-test-projects/empty/)
[info] Set current project to empty (in build file:/repos/canve/extractor/sbt-plugin-integration-test/target/scala-2.11/classes/integration-test-projects/empty/)
[info] Updating {file:/repos/canve/extractor/sbt-plugin-integration-test/target/scala-2.11/classes/integration-test-projects/empty/}empty...
[info] Resolving org.scala-lang#scala-library;2.10.5 ...
[info] Resolving canve#compiler-plugin_2.10;0.0.1 ...
[info] Resolving org.scala-lang#scala-library;2.10.4 ...
[info] Resolving canve#simple-graph_2.10;0.0.1 ...
[info] Resolving com.github.tototoshi#scala-csv_2.10;1.2.2 ...
[info] Resolving org.scala-lang#scala-compiler;2.10.5 ...
[info] Resolving org.scala-lang#scala-reflect;2.10.5 ...
[info] Resolving org.scala-lang#jline;2.10.5 ...
[info] Resolving org.fusesource.jansi#jansi;1.4 ...
[info] Done updating.
canve task done
----------------------------------------------------------------------------------------------------
Following is the stdout and stderr output of the sbt process started on Sat Nov 14 16:45:31 IST 2015
----------------------------------------------------------------------------------------------------
[info] Loading global plugins from /home/matan/.sbt/0.13/plugins
[info] Updating {file:/home/matan/.sbt/0.13/plugins/}global-plugins...
[info] Resolving com.typesafe.sbteclipse#sbteclipse-plugin;4.0.0 ...
[info] Resolving org.scalaz#scalaz-core_2.10;7.1.0 ...
[info] Resolving org.scala-lang#scala-library;2.10.5 ...
[info] Resolving org.scalaz#scalaz-effect_2.10;7.1.0 ...
[info] Resolving com.github.mpeltonen#sbt-idea;1.6.0 ...
[info] Resolving commons-io#commons-io;2.0.1 ...
[info] Resolving com.hanhuy.sbt#key-path;0.2 ...
[info] Resolving net.virtual-void#sbt-dependency-graph;0.7.5 ...
[info] Resolving com.github.mdr#ascii-graphs_2.10;0.0.3 ...
[info] Resolving org.scala-sbt#sbt;0.13.9 ...
[info] Resolving org.scala-sbt#main;0.13.9 ...
[info] Resolving org.scala-sbt#actions;0.13.9 ...
[info] Resolving org.scala-sbt#classpath;0.13.9 ...
[info] Resolving org.scala-lang#scala-compiler;2.10.5 ...
[info] Resolving org.scala-lang#scala-reflect;2.10.5 ...
[info] Resolving org.scala-sbt#interface;0.13.9 ...
[info] Resolving org.scala-sbt#io;0.13.9 ...
[info] Resolving org.scala-sbt#control;0.13.9 ...
[info] Resolving org.scala-sbt#launcher-interface;1.0.0-M1 ...
[info] Resolving org.scala-sbt#completion;0.13.9 ...
[info] Resolving org.scala-sbt#collections;0.13.9 ...
[info] Resolving jline#jline;2.11 ...
[info] Resolving org.scala-sbt#api;0.13.9 ...
[info] Resolving org.scala-sbt#compiler-integration;0.13.9 ...
[info] Resolving org.scala-sbt#incremental-compiler;0.13.9 ...
[info] Resolving org.scala-sbt#logging;0.13.9 ...
[info] Resolving org.scala-sbt#process;0.13.9 ...
[info] Resolving org.scala-sbt#relation;0.13.9 ...
[info] Resolving org.scala-sbt#compile;0.13.9 ...
[info] Resolving org.scala-sbt#classfile;0.13.9 ...
[info] Resolving org.scala-sbt#persist;0.13.9 ...
[info] Resolving org.scala-tools.sbinary#sbinary_2.10;0.4.2 ...
[info] Resolving org.scala-sbt#compiler-ivy-integration;0.13.9 ...
[info] Resolving org.scala-sbt#ivy;0.13.9 ...
[info] Resolving org.scala-sbt#cross;0.13.9 ...
[info] Resolving org.scala-sbt.ivy#ivy;2.3.0-sbt-c5d1b95fdcc1e1007740ffbecf4eb07abc51ec93 ...
[info] Resolving com.jcraft#jsch;0.1.46 ...
[info] Resolving org.scala-sbt#serialization_2.10;0.1.1 ...
[info] Resolving org.scala-lang.modules#scala-pickling_2.10;0.10.0 ...
[info] Resolving org.scalamacros#quasiquotes_2.10;2.0.1 ...
[info] Resolving org.json4s#json4s-core_2.10;3.2.10 ...
[info] Resolving org.json4s#json4s-ast_2.10;3.2.10 ...
[info] Resolving com.thoughtworks.paranamer#paranamer;2.6 ...
[info] Resolving org.spire-math#jawn-parser_2.10;0.6.0 ...
[info] Resolving org.spire-math#json4s-support_2.10;0.6.0 ...
[info] Resolving org.scala-sbt#run;0.13.9 ...
[info] Resolving org.scala-sbt#task-system;0.13.9 ...
[info] Resolving org.scala-sbt#tasks;0.13.9 ...
[info] Resolving org.scala-sbt#tracking;0.13.9 ...
[info] Resolving org.scala-sbt#cache;0.13.9 ...
[info] Resolving org.scala-sbt#testing;0.13.9 ...
[info] Resolving org.scala-sbt#test-agent;0.13.9 ...
[info] Resolving org.scala-sbt#test-interface;1.0 ...
[info] Resolving org.scala-sbt#main-settings;0.13.9 ...
[info] Resolving org.scala-sbt#apply-macro;0.13.9 ...
[info] Resolving org.scala-sbt#command;0.13.9 ...
[info] Resolving org.scala-sbt#logic;0.13.9 ...
[info] Resolving org.scala-sbt#compiler-interface;0.13.9 ...
[info] Resolving org.scala-sbt#precompiled-2_8_2;0.13.9 ...
[info] Resolving org.scala-sbt#precompiled-2_9_2;0.13.9 ...
[info] Resolving org.scala-sbt#precompiled-2_9_3;0.13.9 ...
[info] Resolving org.scala-lang#jline;2.10.5 ...
[info] Resolving org.fusesource.jansi#jansi;1.4 ...
[info] Done updating.
[info] Loading project definition from /repos/canve/extractor/sbt-plugin-integration-test/target/scala-2.11/classes/integration-test-projects/empty/project
[info] Updating {file:/repos/canve/extractor/sbt-plugin-integration-test/target/scala-2.11/classes/integration-test-projects/empty/project/}empty-build...
[info] Resolving org.scala-sbt#global-plugins;0.0 ...
[info] Resolving com.typesafe.sbteclipse#sbteclipse-plugin;4.0.0 ...
[info] Resolving org.scalaz#scalaz-core_2.10;7.1.0 ...
[info] Resolving org.scala-lang#scala-library;2.10.5 ...
[info] Resolving org.scalaz#scalaz-effect_2.10;7.1.0 ...
[info] Resolving com.github.mpeltonen#sbt-idea;1.6.0 ...
[info] Resolving commons-io#commons-io;2.0.1 ...
[info] Resolving com.hanhuy.sbt#key-path;0.2 ...
[info] Resolving net.virtual-void#sbt-dependency-graph;0.7.5 ...
[info] Resolving com.github.mdr#ascii-graphs_2.10;0.0.3 ...
[info] Resolving canve#sbt-plugin;0.0.1 ...
[info] Resolving canve#compiler-plugin_2.10;0.0.1 ...
[info] Resolving canve#simple-graph_2.10;0.0.1 ...
[info] Resolving com.github.tototoshi#scala-csv_2.10;1.2.2 ...
[info] Resolving org.scala-sbt#sbt;0.13.9 ...
[info] Resolving org.scala-sbt#main;0.13.9 ...
[info] Resolving org.scala-sbt#actions;0.13.9 ...
[info] Resolving org.scala-sbt#classpath;0.13.9 ...
[info] Resolving org.scala-lang#scala-compiler;2.10.5 ...
[info] Resolving org.scala-lang#scala-reflect;2.10.5 ...
[info] Resolving org.scala-sbt#interface;0.13.9 ...
[info] Resolving org.scala-sbt#io;0.13.9 ...
[info] Resolving org.scala-sbt#control;0.13.9 ...
[info] Resolving org.scala-sbt#launcher-interface;1.0.0-M1 ...
[info] Resolving org.scala-sbt#completion;0.13.9 ...
[info] Resolving org.scala-sbt#collections;0.13.9 ...
[info] Resolving jline#jline;2.11 ...
[info] Resolving org.scala-sbt#api;0.13.9 ...
[info] Resolving org.scala-sbt#compiler-integration;0.13.9 ...
[info] Resolving org.scala-sbt#incremental-compiler;0.13.9 ...
[info] Resolving org.scala-sbt#logging;0.13.9 ...
[info] Resolving org.scala-sbt#process;0.13.9 ...
[info] Resolving org.scala-sbt#relation;0.13.9 ...
[info] Resolving org.scala-sbt#compile;0.13.9 ...
[info] Resolving org.scala-sbt#classfile;0.13.9 ...
[info] Resolving org.scala-sbt#persist;0.13.9 ...
[info] Resolving org.scala-tools.sbinary#sbinary_2.10;0.4.2 ...
[info] Resolving org.scala-sbt#compiler-ivy-integration;0.13.9 ...
[info] Resolving org.scala-sbt#ivy;0.13.9 ...
[info] Resolving org.scala-sbt#cross;0.13.9 ...
[info] Resolving org.scala-sbt.ivy#ivy;2.3.0-sbt-c5d1b95fdcc1e1007740ffbecf4eb07abc51ec93 ...
[info] Resolving com.jcraft#jsch;0.1.46 ...
[info] Resolving org.scala-sbt#serialization_2.10;0.1.1 ...
[info] Resolving org.scala-lang.modules#scala-pickling_2.10;0.10.0 ...
[info] Resolving org.scalamacros#quasiquotes_2.10;2.0.1 ...
[info] Resolving org.json4s#json4s-core_2.10;3.2.10 ...
[info] Resolving org.json4s#json4s-ast_2.10;3.2.10 ...
[info] Resolving com.thoughtworks.paranamer#paranamer;2.6 ...
[info] Resolving org.spire-math#jawn-parser_2.10;0.6.0 ...
[info] Resolving org.spire-math#json4s-support_2.10;0.6.0 ...
[info] Resolving org.scala-sbt#run;0.13.9 ...
[info] Resolving org.scala-sbt#task-system;0.13.9 ...
[info] Resolving org.scala-sbt#tasks;0.13.9 ...
[info] Resolving org.scala-sbt#tracking;0.13.9 ...
[info] Resolving org.scala-sbt#cache;0.13.9 ...
[info] Resolving org.scala-sbt#testing;0.13.9 ...
[info] Resolving org.scala-sbt#test-agent;0.13.9 ...
[info] Resolving org.scala-sbt#test-interface;1.0 ...
[info] Resolving org.scala-sbt#main-settings;0.13.9 ...
[info] Resolving org.scala-sbt#apply-macro;0.13.9 ...
[info] Resolving org.scala-sbt#command;0.13.9 ...
[info] Resolving org.scala-sbt#logic;0.13.9 ...
[info] Resolving org.scala-sbt#compiler-interface;0.13.9 ...
[info] Resolving org.scala-sbt#precompiled-2_8_2;0.13.9 ...
[info] Resolving org.scala-sbt#precompiled-2_9_2;0.13.9 ...
[info] Resolving org.scala-sbt#precompiled-2_9_3;0.13.9 ...
[info] Resolving org.scala-lang#jline;2.10.5 ...
[info] Resolving org.fusesource.jansi#jansi;1.4 ...
[info] Done updating.
[canve] sbt canve plugin loaded - enter `canve` in sbt, to run canve for your project
[info] Set current project to empty (in build file:/repos/canve/extractor/sbt-plugin-integration-test/target/scala-2.11/classes/integration-test-projects/empty/)
[info] Set current project to empty (in build file:/repos/canve/extractor/sbt-plugin-integration-test/target/scala-2.11/classes/integration-test-projects/empty/)
[info] Updating {file:/repos/canve/extractor/sbt-plugin-integration-test/target/scala-2.11/classes/integration-test-projects/empty/}empty...
[info] Resolving org.scala-lang#scala-library;2.10.5 ...
[info] Resolving canve#compiler-plugin_2.10;0.0.1 ...
[info] Resolving org.scala-lang#scala-library;2.10.4 ...
[info] Resolving canve#simple-graph_2.10;0.0.1 ...
[info] Resolving com.github.tototoshi#scala-csv_2.10;1.2.2 ...
[info] Resolving org.scala-lang#scala-compiler;2.10.5 ...
[info] Resolving org.scala-lang#scala-reflect;2.10.5 ...
[info] Resolving org.scala-lang#jline;2.10.5 ...
[info] Resolving org.fusesource.jansi#jansi;1.4 ...
[info] Done updating.
canve task done
