----------------------------------------------------------------------------------------------------
Following is the stdout and stderr output of the sbt process started on Sat Nov 14 14:21:06 IST 2015
----------------------------------------------------------------------------------------------------
[info] Loading global plugins from /home/matan/.sbt/0.13/plugins
[info] Loading project definition from /repos/canve/extractor/sbt-plugin-integration-test/target/scala-2.11/classes/integration-test-projects/simple-2.11/project
[canve] sbt canve plugin loaded - enter `canve` in sbt, to run canve for your project
[info] Set current project to simple-2-11 (in build file:/repos/canve/extractor/sbt-plugin-integration-test/target/scala-2.11/classes/integration-test-projects/simple-2.11/)
[info] Set current project to simple-2-11 (in build file:/repos/canve/extractor/sbt-plugin-integration-test/target/scala-2.11/classes/integration-test-projects/simple-2.11/)
[info] Updating {file:/repos/canve/extractor/sbt-plugin-integration-test/target/scala-2.11/classes/integration-test-projects/simple-2.11/}simple-2-11...
[info] Updating {file:/repos/canve/extractor/sbt-plugin-integration-test/target/scala-2.11/classes/integration-test-projects/simple-2.11/}simple-2-11...
[info] Resolving org.scala-lang#scala-library;2.11.7 ...
[info] Resolving org.slf4j#slf4j-api;1.7.12 ...
[info] Resolving com.typesafe.play#play-json_2.11;2.4.1 ...
[info] Resolving com.typesafe.play#play-iteratees_2.11;2.4.1 ...
[info] Resolving org.scala-stm#scala-stm_2.11;0.7 ...
[info] Resolving com.typesafe#config;1.3.0 ...
[info] Resolving com.typesafe.play#play-functional_2.11;2.4.1 ...
[info] Resolving com.typesafe.play#play-datacommons_2.11;2.4.1 ...
[info] Resolving joda-time#joda-time;2.7 ...
[info] Resolving org.joda#joda-convert;1.7 ...
[info] Resolving org.scala-lang#scala-reflect;2.11.6 ...
[info] Resolving com.fasterxml.jackson.core#jackson-core;2.5.4 ...
[info] Resolving com.fasterxml.jackson.core#jackson-annotations;2.5.4 ...
[info] Resolving com.fasterxml.jackson.core#jackson-databind;2.5.4 ...
[info] Resolving com.fasterxml.jackson.datatype#jackson-datatype-jdk8;2.5.4 ...
[info] Resolving com.fasterxml.jackson.datatype#jackson-datatype-jsr310;2.5.4 ...
[info] Resolving org.apache.commons#commons-io;1.3.2 ...
[info] Resolving commons-io#commons-io;1.3.2 ...
[info] Resolving canve#compiler-plugin_2.11;0.0.1 ...
[info] Resolving canve#simple-graph_2.11;0.0.1 ...
[info] Resolving com.github.tototoshi#scala-csv_2.11;1.2.2 ...
[info] Resolving org.scala-lang#scala-compiler;2.11.7 ...
[info] Resolving org.scala-lang#scala-reflect;2.11.7 ...
[info] Resolving org.scala-lang.modules#scala-xml_2.11;1.0.4 ...
[info] Resolving org.scala-lang.modules#scala-parser-combinators_2.11;1.0.4 ...
[info] Resolving jline#jline;2.12.1 ...
[info] Done updating.
[info] Resolving org.scala-lang#scala-library;2.11.7 ...
[info] Resolving org.slf4j#slf4j-api;1.7.12 ...
[info] Resolving com.typesafe.play#play-json_2.11;2.4.1 ...
[info] Resolving com.typesafe.play#play-iteratees_2.11;2.4.1 ...
[info] Resolving org.scala-stm#scala-stm_2.11;0.7 ...
[info] Resolving com.typesafe#config;1.3.0 ...
[info] Resolving com.typesafe.play#play-functional_2.11;2.4.1 ...
[info] Resolving com.typesafe.play#play-datacommons_2.11;2.4.1 ...
[info] Resolving joda-time#joda-time;2.7 ...
[info] Resolving org.joda#joda-convert;1.7 ...
[info] Resolving org.scala-lang#scala-reflect;2.11.6 ...
[info] Resolving com.fasterxml.jackson.core#jackson-core;2.5.4 ...
[info] Resolving com.fasterxml.jackson.core#jackson-annotations;2.5.4 ...
[info] Resolving com.fasterxml.jackson.core#jackson-databind;2.5.4 ...
[info] Resolving com.fasterxml.jackson.datatype#jackson-datatype-jdk8;2.5.4 ...
[info] Resolving com.fasterxml.jackson.datatype#jackson-datatype-jsr310;2.5.4 ...
[info] Resolving org.apache.commons#commons-io;1.3.2 ...
[info] Resolving commons-io#commons-io;1.3.2 ...
[info] Resolving canve#compiler-plugin_2.11;0.0.1 ...
[info] Resolving canve#simple-graph_2.11;0.0.1 ...
[info] Resolving com.github.tototoshi#scala-csv_2.11;1.2.2 ...
[info] Resolving org.scala-lang#scala-compiler;2.11.7 ...
[info] Resolving org.scala-lang#scala-reflect;2.11.7 ...
[info] Resolving org.scala-lang.modules#scala-xml_2.11;1.0.4 ...
[info] Resolving org.scala-lang.modules#scala-parser-combinators_2.11;1.0.4 ...
[info] Resolving jline#jline;2.12.1 ...
[info] Done updating.
[info] Compiling 1 Scala source to /repos/canve/extractor/sbt-plugin-integration-test/target/scala-2.11/classes/integration-test-projects/simple-2.11/target/scala-2.11/classes...
[canve] instrumenting project simple-2-11...
[canve] extraction starting for project simple-2-11 (1 compilation units)
[canve] Settings {
  -d = .
  -Yrangepos = true
  -encoding = UTF-8
  -classpath = /repos/canve/extractor/sbt-plugin-integration-test/target/scala-2.11/classes/integration-test-projects/simple-2.11/target/scala-2.11/classes:/home/matan/.ivy2/cache/org.slf4j/slf4j-api/jars/slf4j-api-1.7.12.jar:/home/matan/.ivy2/cache/com.typesafe.play/play-json_2.11/jars/play-json_2.11-2.4.1.jar:/home/matan/.ivy2/cache/com.typesafe.play/play-iteratees_2.11/jars/play-iteratees_2.11-2.4.1.jar:/home/matan/.ivy2/cache/org.scala-stm/scala-stm_2.11/jars/scala-stm_2.11-0.7.jar:/home/matan/.ivy2/cache/com.typesafe/config/bundles/config-1.3.0.jar:/home/matan/.ivy2/cache/com.typesafe.play/play-functional_2.11/jars/play-functional_2.11-2.4.1.jar:/home/matan/.ivy2/cache/com.typesafe.play/play-datacommons_2.11/jars/play-datacommons_2.11-2.4.1.jar:/home/matan/.ivy2/cache/joda-time/joda-time/jars/joda-time-2.7.jar:/home/matan/.ivy2/cache/org.joda/joda-convert/jars/joda-convert-1.7.jar:/home/matan/.ivy2/cache/org.scala-lang/scala-reflect/jars/scala-reflect-2.11.6.jar:/home/matan/.ivy2/cache/com.fasterxml.jackson.core/jackson-core/bundles/jackson-core-2.5.4.jar:/home/matan/.ivy2/cache/com.fasterxml.jackson.core/jackson-annotations/bundles/jackson-annotations-2.5.4.jar:/home/matan/.ivy2/cache/com.fasterxml.jackson.core/jackson-databind/bundles/jackson-databind-2.5.4.jar:/home/matan/.ivy2/cache/com.fasterxml.jackson.datatype/jackson-datatype-jdk8/bundles/jackson-datatype-jdk8-2.5.4.jar:/home/matan/.ivy2/cache/com.fasterxml.jackson.datatype/jackson-datatype-jsr310/bundles/jackson-datatype-jsr310-2.5.4.jar:/home/matan/.ivy2/cache/commons-io/commons-io/jars/commons-io-1.3.2.jar:/home/matan/.ivy2/local/canve/compiler-plugin_2.11/0.0.1/jars/compiler-plugin_2.11.jar:/home/matan/.ivy2/local/canve/simple-graph_2.11/0.0.1/jars/simple-graph_2.11.jar:/home/matan/.ivy2/cache/com.github.tototoshi/scala-csv_2.11/jars/scala-csv_2.11-1.2.2.jar
  -Xplugin = List(/home/matan/.ivy2/local/canve/compiler-plugin_2.11/0.0.1/jars/compiler-plugin_2.11.jar)
  -P = List(canve:projectName:simple-2-11)
  -bootclasspath = /usr/lib/jvm/java-8-oracle/jre/lib/resources.jar:/usr/lib/jvm/java-8-oracle/jre/lib/rt.jar:/usr/lib/jvm/java-8-oracle/jre/lib/sunrsasign.jar:/usr/lib/jvm/java-8-oracle/jre/lib/jsse.jar:/usr/lib/jvm/java-8-oracle/jre/lib/jce.jar:/usr/lib/jvm/java-8-oracle/jre/lib/charsets.jar:/usr/lib/jvm/java-8-oracle/jre/lib/jfr.jar:/usr/lib/jvm/java-8-oracle/jre/classes:/home/matan/.ivy2/cache/org.scala-lang/scala-library/jars/scala-library-2.11.7.jar
}

[canve] examining source file/repos/canve/extractor/sbt-plugin-integration-test/target/scala-2.11/classes/integration-test-projects/simple-2.11/src/main/scala/fileUtil.scala...
[canve] ignoring Ident: package fileUtil
[canve] ignoring Ident: value fileName
[canve] ignoring Ident: value fileName
[canve] ignoring Ident: value outDir
[canve] ignoring Ident: value outDirObj
[canve] ignoring Ident: value outDir
[canve] ignoring Ident: value outDirObj
[canve] (existing node calls,performance.Counter@6eef0be7): (existing edge calls,performance.Counter@79f7827f)
[canve] 46 entities so far in project simple-2-11
[canve] 59 edges so far for project simple-2-11
[canve] writing extracted type relations and call graph for project simple-2-11...
[canve] done examining source file/repos/canve/extractor/sbt-plugin-integration-test/target/scala-2.11/classes/integration-test-projects/simple-2.11/src/main/scala/fileUtil.scala...
canve task done
----------------------------------------------------------------------------------------------------
Following is the stdout and stderr output of the sbt process started on Sat Nov 14 14:43:34 IST 2015
----------------------------------------------------------------------------------------------------
[info] Loading global plugins from /home/matan/.sbt/0.13/plugins
[info] Loading project definition from /repos/canve/extractor/sbt-plugin-integration-test/target/scala-2.11/classes/integration-test-projects/simple-2.11/project
[info] Updating {file:/repos/canve/extractor/sbt-plugin-integration-test/target/scala-2.11/classes/integration-test-projects/simple-2.11/project/}simple-2-11-build...
[info] Resolving org.scala-sbt#global-plugins;0.0 ...
[info] Resolving com.typesafe.sbteclipse#sbteclipse-plugin;4.0.0 ...
[info] Resolving org.scalaz#scalaz-core_2.10;7.1.0 ...
[info] Resolving org.scala-lang#scala-library;2.10.5 ...
[info] Resolving org.scalaz#scalaz-effect_2.10;7.1.0 ...
[info] Resolving com.github.mpeltonen#sbt-idea;1.6.0 ...
[info] Resolving commons-io#commons-io;2.0.1 ...
[info] Resolving com.hanhuy.sbt#key-path;0.2 ...
[info] Resolving net.virtual-void#sbt-dependency-graph;0.7.5 ...
[info] Resolving com.github.mdr#ascii-graphs_2.10;0.0.3 ...
[info] Resolving canve#sbt-plugin;0.0.1 ...
[info] Resolving canve#compiler-plugin_2.10;0.0.1 ...
[info] Resolving canve#simple-graph_2.10;0.0.1 ...
[info] Resolving com.github.tototoshi#scala-csv_2.10;1.2.2 ...
[info] Resolving org.scala-sbt#sbt;0.13.9 ...
[info] Resolving org.scala-sbt#main;0.13.9 ...
[info] Resolving org.scala-sbt#actions;0.13.9 ...
[info] Resolving org.scala-sbt#classpath;0.13.9 ...
[info] Resolving org.scala-lang#scala-compiler;2.10.5 ...
[info] Resolving org.scala-lang#scala-reflect;2.10.5 ...
[info] Resolving org.scala-sbt#interface;0.13.9 ...
[info] Resolving org.scala-sbt#io;0.13.9 ...
[info] Resolving org.scala-sbt#control;0.13.9 ...
[info] Resolving org.scala-sbt#launcher-interface;1.0.0-M1 ...
[info] Resolving org.scala-sbt#completion;0.13.9 ...
[info] Resolving org.scala-sbt#collections;0.13.9 ...
[info] Resolving jline#jline;2.11 ...
[info] Resolving org.scala-sbt#api;0.13.9 ...
[info] Resolving org.scala-sbt#compiler-integration;0.13.9 ...
[info] Resolving org.scala-sbt#incremental-compiler;0.13.9 ...
[info] Resolving org.scala-sbt#logging;0.13.9 ...
[info] Resolving org.scala-sbt#process;0.13.9 ...
[info] Resolving org.scala-sbt#relation;0.13.9 ...
[info] Resolving org.scala-sbt#compile;0.13.9 ...
[info] Resolving org.scala-sbt#classfile;0.13.9 ...
[info] Resolving org.scala-sbt#persist;0.13.9 ...
[info] Resolving org.scala-tools.sbinary#sbinary_2.10;0.4.2 ...
[info] Resolving org.scala-sbt#compiler-ivy-integration;0.13.9 ...
[info] Resolving org.scala-sbt#ivy;0.13.9 ...
[info] Resolving org.scala-sbt#cross;0.13.9 ...
[info] Resolving org.scala-sbt.ivy#ivy;2.3.0-sbt-c5d1b95fdcc1e1007740ffbecf4eb07abc51ec93 ...
[info] Resolving com.jcraft#jsch;0.1.46 ...
[info] Resolving org.scala-sbt#serialization_2.10;0.1.1 ...
[info] Resolving org.scala-lang.modules#scala-pickling_2.10;0.10.0 ...
[info] Resolving org.scalamacros#quasiquotes_2.10;2.0.1 ...
[info] Resolving org.json4s#json4s-core_2.10;3.2.10 ...
[info] Resolving org.json4s#json4s-ast_2.10;3.2.10 ...
[info] Resolving com.thoughtworks.paranamer#paranamer;2.6 ...
[info] Resolving org.spire-math#jawn-parser_2.10;0.6.0 ...
[info] Resolving org.spire-math#json4s-support_2.10;0.6.0 ...
[info] Resolving org.scala-sbt#run;0.13.9 ...
[info] Resolving org.scala-sbt#task-system;0.13.9 ...
[info] Resolving org.scala-sbt#tasks;0.13.9 ...
[info] Resolving org.scala-sbt#tracking;0.13.9 ...
[info] Resolving org.scala-sbt#cache;0.13.9 ...
[info] Resolving org.scala-sbt#testing;0.13.9 ...
[info] Resolving org.scala-sbt#test-agent;0.13.9 ...
[info] Resolving org.scala-sbt#test-interface;1.0 ...
[info] Resolving org.scala-sbt#main-settings;0.13.9 ...
[info] Resolving org.scala-sbt#apply-macro;0.13.9 ...
[info] Resolving org.scala-sbt#command;0.13.9 ...
[info] Resolving org.scala-sbt#logic;0.13.9 ...
[info] Resolving org.scala-sbt#compiler-interface;0.13.9 ...
[info] Resolving org.scala-sbt#precompiled-2_8_2;0.13.9 ...
[info] Resolving org.scala-sbt#precompiled-2_9_2;0.13.9 ...
[info] Resolving org.scala-sbt#precompiled-2_9_3;0.13.9 ...
[info] Resolving org.scala-lang#jline;2.10.5 ...
[info] Resolving org.fusesource.jansi#jansi;1.4 ...
[info] Done updating.
[canve] sbt canve plugin loaded - enter `canve` in sbt, to run canve for your project
[info] Set current project to simple-2-11 (in build file:/repos/canve/extractor/sbt-plugin-integration-test/target/scala-2.11/classes/integration-test-projects/simple-2.11/)
[info] Set current project to simple-2-11 (in build file:/repos/canve/extractor/sbt-plugin-integration-test/target/scala-2.11/classes/integration-test-projects/simple-2.11/)
[info] Updating {file:/repos/canve/extractor/sbt-plugin-integration-test/target/scala-2.11/classes/integration-test-projects/simple-2.11/}simple-2-11...
[info] Updating {file:/repos/canve/extractor/sbt-plugin-integration-test/target/scala-2.11/classes/integration-test-projects/simple-2.11/}simple-2-11...
[info] Resolving org.scala-lang#scala-library;2.11.7 ...
[info] Resolving org.slf4j#slf4j-api;1.7.12 ...
[info] Resolving com.typesafe.play#play-json_2.11;2.4.1 ...
[info] Resolving com.typesafe.play#play-iteratees_2.11;2.4.1 ...
[info] Resolving org.scala-stm#scala-stm_2.11;0.7 ...
[info] Resolving com.typesafe#config;1.3.0 ...
[info] Resolving com.typesafe.play#play-functional_2.11;2.4.1 ...
[info] Resolving com.typesafe.play#play-datacommons_2.11;2.4.1 ...
[info] Resolving joda-time#joda-time;2.7 ...
[info] Resolving org.joda#joda-convert;1.7 ...
[info] Resolving org.scala-lang#scala-reflect;2.11.6 ...
[info] Resolving com.fasterxml.jackson.core#jackson-core;2.5.4 ...
[info] Resolving com.fasterxml.jackson.core#jackson-annotations;2.5.4 ...
[info] Resolving com.fasterxml.jackson.core#jackson-databind;2.5.4 ...
[info] Resolving com.fasterxml.jackson.datatype#jackson-datatype-jdk8;2.5.4 ...
[info] Resolving com.fasterxml.jackson.datatype#jackson-datatype-jsr310;2.5.4 ...
[info] Resolving org.apache.commons#commons-io;1.3.2 ...
[info] Resolving commons-io#commons-io;1.3.2 ...
[info] Resolving canve#compiler-plugin_2.11;0.0.1 ...
[info] Resolving canve#simple-graph_2.11;0.0.1 ...
[info] Resolving com.github.tototoshi#scala-csv_2.11;1.2.2 ...
[info] Resolving org.scala-lang#scala-compiler;2.11.7 ...
[info] Resolving org.scala-lang#scala-reflect;2.11.7 ...
[info] Resolving org.scala-lang.modules#scala-xml_2.11;1.0.4 ...
[info] Resolving org.scala-lang.modules#scala-parser-combinators_2.11;1.0.4 ...
[info] Resolving jline#jline;2.12.1 ...
[info] Done updating.
[info] Resolving org.scala-lang#scala-library;2.11.7 ...
[info] Resolving org.slf4j#slf4j-api;1.7.12 ...
[info] Resolving com.typesafe.play#play-json_2.11;2.4.1 ...
[info] Resolving com.typesafe.play#play-iteratees_2.11;2.4.1 ...
[info] Resolving org.scala-stm#scala-stm_2.11;0.7 ...
[info] Resolving com.typesafe#config;1.3.0 ...
[info] Resolving com.typesafe.play#play-functional_2.11;2.4.1 ...
[info] Resolving com.typesafe.play#play-datacommons_2.11;2.4.1 ...
[info] Resolving joda-time#joda-time;2.7 ...
[info] Resolving org.joda#joda-convert;1.7 ...
[info] Resolving org.scala-lang#scala-reflect;2.11.6 ...
[info] Resolving com.fasterxml.jackson.core#jackson-core;2.5.4 ...
[info] Resolving com.fasterxml.jackson.core#jackson-annotations;2.5.4 ...
[info] Resolving com.fasterxml.jackson.core#jackson-databind;2.5.4 ...
[info] Resolving com.fasterxml.jackson.datatype#jackson-datatype-jdk8;2.5.4 ...
[info] Resolving com.fasterxml.jackson.datatype#jackson-datatype-jsr310;2.5.4 ...
[info] Resolving org.apache.commons#commons-io;1.3.2 ...
[info] Resolving commons-io#commons-io;1.3.2 ...
[info] Resolving canve#compiler-plugin_2.11;0.0.1 ...
[info] Resolving canve#simple-graph_2.11;0.0.1 ...
[info] Resolving com.github.tototoshi#scala-csv_2.11;1.2.2 ...
[info] Resolving org.scala-lang#scala-compiler;2.11.7 ...
[info] Resolving org.scala-lang#scala-reflect;2.11.7 ...
[info] Resolving org.scala-lang.modules#scala-xml_2.11;1.0.4 ...
[info] Resolving org.scala-lang.modules#scala-parser-combinators_2.11;1.0.4 ...
[info] Resolving jline#jline;2.12.1 ...
[info] Done updating.
[info] Compiling 1 Scala source to /repos/canve/extractor/sbt-plugin-integration-test/target/scala-2.11/classes/integration-test-projects/simple-2.11/target/scala-2.11/classes...
[canve] instrumenting project simple-2-11...
[canve] extraction starting for project simple-2-11 (1 compilation units)
[canve] Settings {
  -d = .
  -Yrangepos = true
  -encoding = UTF-8
  -classpath = /repos/canve/extractor/sbt-plugin-integration-test/target/scala-2.11/classes/integration-test-projects/simple-2.11/target/scala-2.11/classes:/home/matan/.ivy2/cache/org.slf4j/slf4j-api/jars/slf4j-api-1.7.12.jar:/home/matan/.ivy2/cache/com.typesafe.play/play-json_2.11/jars/play-json_2.11-2.4.1.jar:/home/matan/.ivy2/cache/com.typesafe.play/play-iteratees_2.11/jars/play-iteratees_2.11-2.4.1.jar:/home/matan/.ivy2/cache/org.scala-stm/scala-stm_2.11/jars/scala-stm_2.11-0.7.jar:/home/matan/.ivy2/cache/com.typesafe/config/bundles/config-1.3.0.jar:/home/matan/.ivy2/cache/com.typesafe.play/play-functional_2.11/jars/play-functional_2.11-2.4.1.jar:/home/matan/.ivy2/cache/com.typesafe.play/play-datacommons_2.11/jars/play-datacommons_2.11-2.4.1.jar:/home/matan/.ivy2/cache/joda-time/joda-time/jars/joda-time-2.7.jar:/home/matan/.ivy2/cache/org.joda/joda-convert/jars/joda-convert-1.7.jar:/home/matan/.ivy2/cache/org.scala-lang/scala-reflect/jars/scala-reflect-2.11.6.jar:/home/matan/.ivy2/cache/com.fasterxml.jackson.core/jackson-core/bundles/jackson-core-2.5.4.jar:/home/matan/.ivy2/cache/com.fasterxml.jackson.core/jackson-annotations/bundles/jackson-annotations-2.5.4.jar:/home/matan/.ivy2/cache/com.fasterxml.jackson.core/jackson-databind/bundles/jackson-databind-2.5.4.jar:/home/matan/.ivy2/cache/com.fasterxml.jackson.datatype/jackson-datatype-jdk8/bundles/jackson-datatype-jdk8-2.5.4.jar:/home/matan/.ivy2/cache/com.fasterxml.jackson.datatype/jackson-datatype-jsr310/bundles/jackson-datatype-jsr310-2.5.4.jar:/home/matan/.ivy2/cache/commons-io/commons-io/jars/commons-io-1.3.2.jar:/home/matan/.ivy2/local/canve/compiler-plugin_2.11/0.0.1/jars/compiler-plugin_2.11.jar:/home/matan/.ivy2/local/canve/simple-graph_2.11/0.0.1/jars/simple-graph_2.11.jar:/home/matan/.ivy2/cache/com.github.tototoshi/scala-csv_2.11/jars/scala-csv_2.11-1.2.2.jar
  -Xplugin = List(/home/matan/.ivy2/local/canve/compiler-plugin_2.11/0.0.1/jars/compiler-plugin_2.11.jar)
  -P = List(canve:projectName:simple-2-11)
  -bootclasspath = /usr/lib/jvm/java-8-oracle/jre/lib/resources.jar:/usr/lib/jvm/java-8-oracle/jre/lib/rt.jar:/usr/lib/jvm/java-8-oracle/jre/lib/sunrsasign.jar:/usr/lib/jvm/java-8-oracle/jre/lib/jsse.jar:/usr/lib/jvm/java-8-oracle/jre/lib/jce.jar:/usr/lib/jvm/java-8-oracle/jre/lib/charsets.jar:/usr/lib/jvm/java-8-oracle/jre/lib/jfr.jar:/usr/lib/jvm/java-8-oracle/jre/classes:/home/matan/.ivy2/cache/org.scala-lang/scala-library/jars/scala-library-2.11.7.jar
}

[canve] examining source file/repos/canve/extractor/sbt-plugin-integration-test/target/scala-2.11/classes/integration-test-projects/simple-2.11/src/main/scala/fileUtil.scala...
[canve] ignoring Ident: package fileUtil
[canve] ignoring Ident: value fileName
[canve] ignoring Ident: value fileName
[canve] ignoring Ident: value outDir
[canve] ignoring Ident: value outDirObj
[canve] ignoring Ident: value outDir
[canve] ignoring Ident: value outDirObj
[canve] (existing node calls,performance.Counter@6b72609e): (existing edge calls,performance.Counter@48868c1a)
[canve] 46 entities so far in project simple-2-11
[canve] 59 edges so far for project simple-2-11
[canve] writing extracted type relations and call graph for project simple-2-11...
[canve] done examining source file/repos/canve/extractor/sbt-plugin-integration-test/target/scala-2.11/classes/integration-test-projects/simple-2.11/src/main/scala/fileUtil.scala...
canve task done
----------------------------------------------------------------------------------------------------
Following is the stdout and stderr output of the sbt process started on Sat Nov 14 14:54:19 IST 2015
----------------------------------------------------------------------------------------------------
[info] Loading global plugins from /home/matan/.sbt/0.13/plugins
[info] Loading project definition from /repos/canve/extractor/sbt-plugin-integration-test/target/scala-2.11/classes/integration-test-projects/simple-2.11/project
[info] Updating {file:/repos/canve/extractor/sbt-plugin-integration-test/target/scala-2.11/classes/integration-test-projects/simple-2.11/project/}simple-2-11-build...
[info] Resolving org.scala-sbt#global-plugins;0.0 ...
[info] Resolving com.typesafe.sbteclipse#sbteclipse-plugin;4.0.0 ...
[info] Resolving org.scalaz#scalaz-core_2.10;7.1.0 ...
[info] Resolving org.scala-lang#scala-library;2.10.5 ...
[info] Resolving org.scalaz#scalaz-effect_2.10;7.1.0 ...
[info] Resolving com.github.mpeltonen#sbt-idea;1.6.0 ...
[info] Resolving commons-io#commons-io;2.0.1 ...
[info] Resolving com.hanhuy.sbt#key-path;0.2 ...
[info] Resolving net.virtual-void#sbt-dependency-graph;0.7.5 ...
[info] Resolving com.github.mdr#ascii-graphs_2.10;0.0.3 ...
[info] Resolving canve#sbt-plugin;0.0.1 ...
[info] Resolving canve#compiler-plugin_2.10;0.0.1 ...
[info] Resolving canve#simple-graph_2.10;0.0.1 ...
[info] Resolving com.github.tototoshi#scala-csv_2.10;1.2.2 ...
[info] Resolving org.scala-sbt#sbt;0.13.9 ...
[info] Resolving org.scala-sbt#main;0.13.9 ...
[info] Resolving org.scala-sbt#actions;0.13.9 ...
[info] Resolving org.scala-sbt#classpath;0.13.9 ...
[info] Resolving org.scala-lang#scala-compiler;2.10.5 ...
[info] Resolving org.scala-lang#scala-reflect;2.10.5 ...
[info] Resolving org.scala-sbt#interface;0.13.9 ...
[info] Resolving org.scala-sbt#io;0.13.9 ...
[info] Resolving org.scala-sbt#control;0.13.9 ...
[info] Resolving org.scala-sbt#launcher-interface;1.0.0-M1 ...
[info] Resolving org.scala-sbt#completion;0.13.9 ...
[info] Resolving org.scala-sbt#collections;0.13.9 ...
[info] Resolving jline#jline;2.11 ...
[info] Resolving org.scala-sbt#api;0.13.9 ...
[info] Resolving org.scala-sbt#compiler-integration;0.13.9 ...
[info] Resolving org.scala-sbt#incremental-compiler;0.13.9 ...
[info] Resolving org.scala-sbt#logging;0.13.9 ...
[info] Resolving org.scala-sbt#process;0.13.9 ...
[info] Resolving org.scala-sbt#relation;0.13.9 ...
[info] Resolving org.scala-sbt#compile;0.13.9 ...
[info] Resolving org.scala-sbt#classfile;0.13.9 ...
[info] Resolving org.scala-sbt#persist;0.13.9 ...
[info] Resolving org.scala-tools.sbinary#sbinary_2.10;0.4.2 ...
[info] Resolving org.scala-sbt#compiler-ivy-integration;0.13.9 ...
[info] Resolving org.scala-sbt#ivy;0.13.9 ...
[info] Resolving org.scala-sbt#cross;0.13.9 ...
[info] Resolving org.scala-sbt.ivy#ivy;2.3.0-sbt-c5d1b95fdcc1e1007740ffbecf4eb07abc51ec93 ...
[info] Resolving com.jcraft#jsch;0.1.46 ...
[info] Resolving org.scala-sbt#serialization_2.10;0.1.1 ...
[info] Resolving org.scala-lang.modules#scala-pickling_2.10;0.10.0 ...
[info] Resolving org.scalamacros#quasiquotes_2.10;2.0.1 ...
[info] Resolving org.json4s#json4s-core_2.10;3.2.10 ...
[info] Resolving org.json4s#json4s-ast_2.10;3.2.10 ...
[info] Resolving com.thoughtworks.paranamer#paranamer;2.6 ...
[info] Resolving org.spire-math#jawn-parser_2.10;0.6.0 ...
[info] Resolving org.spire-math#json4s-support_2.10;0.6.0 ...
[info] Resolving org.scala-sbt#run;0.13.9 ...
[info] Resolving org.scala-sbt#task-system;0.13.9 ...
[info] Resolving org.scala-sbt#tasks;0.13.9 ...
[info] Resolving org.scala-sbt#tracking;0.13.9 ...
[info] Resolving org.scala-sbt#cache;0.13.9 ...
[info] Resolving org.scala-sbt#testing;0.13.9 ...
[info] Resolving org.scala-sbt#test-agent;0.13.9 ...
[info] Resolving org.scala-sbt#test-interface;1.0 ...
[info] Resolving org.scala-sbt#main-settings;0.13.9 ...
[info] Resolving org.scala-sbt#apply-macro;0.13.9 ...
[info] Resolving org.scala-sbt#command;0.13.9 ...
[info] Resolving org.scala-sbt#logic;0.13.9 ...
[info] Resolving org.scala-sbt#compiler-interface;0.13.9 ...
[info] Resolving org.scala-sbt#precompiled-2_8_2;0.13.9 ...
[info] Resolving org.scala-sbt#precompiled-2_9_2;0.13.9 ...
[info] Resolving org.scala-sbt#precompiled-2_9_3;0.13.9 ...
[info] Resolving org.scala-lang#jline;2.10.5 ...
[info] Resolving org.fusesource.jansi#jansi;1.4 ...
[info] Done updating.
[canve] sbt canve plugin loaded - enter `canve` in sbt, to run canve for your project
[info] Set current project to simple-2-11 (in build file:/repos/canve/extractor/sbt-plugin-integration-test/target/scala-2.11/classes/integration-test-projects/simple-2.11/)
[info] Set current project to simple-2-11 (in build file:/repos/canve/extractor/sbt-plugin-integration-test/target/scala-2.11/classes/integration-test-projects/simple-2.11/)
[info] Updating {file:/repos/canve/extractor/sbt-plugin-integration-test/target/scala-2.11/classes/integration-test-projects/simple-2.11/}simple-2-11...
[info] Updating {file:/repos/canve/extractor/sbt-plugin-integration-test/target/scala-2.11/classes/integration-test-projects/simple-2.11/}simple-2-11...
[info] Resolving org.scala-lang#scala-library;2.11.7 ...
[info] Resolving org.slf4j#slf4j-api;1.7.12 ...
[info] Resolving com.typesafe.play#play-json_2.11;2.4.1 ...
[info] Resolving com.typesafe.play#play-iteratees_2.11;2.4.1 ...
[info] Resolving org.scala-stm#scala-stm_2.11;0.7 ...
[info] Resolving com.typesafe#config;1.3.0 ...
[info] Resolving com.typesafe.play#play-functional_2.11;2.4.1 ...
[info] Resolving com.typesafe.play#play-datacommons_2.11;2.4.1 ...
[info] Resolving joda-time#joda-time;2.7 ...
[info] Resolving org.joda#joda-convert;1.7 ...
[info] Resolving org.scala-lang#scala-reflect;2.11.6 ...
[info] Resolving com.fasterxml.jackson.core#jackson-core;2.5.4 ...
[info] Resolving com.fasterxml.jackson.core#jackson-annotations;2.5.4 ...
[info] Resolving com.fasterxml.jackson.core#jackson-databind;2.5.4 ...
[info] Resolving com.fasterxml.jackson.datatype#jackson-datatype-jdk8;2.5.4 ...
[info] Resolving com.fasterxml.jackson.datatype#jackson-datatype-jsr310;2.5.4 ...
[info] Resolving org.apache.commons#commons-io;1.3.2 ...
[info] Resolving commons-io#commons-io;1.3.2 ...
[info] Resolving canve#compiler-plugin_2.11;0.0.1 ...
[info] Resolving canve#simple-graph_2.11;0.0.1 ...
[info] Resolving com.github.tototoshi#scala-csv_2.11;1.2.2 ...
[info] Resolving org.scala-lang#scala-compiler;2.11.7 ...
[info] Resolving org.scala-lang#scala-reflect;2.11.7 ...
[info] Resolving org.scala-lang.modules#scala-xml_2.11;1.0.4 ...
[info] Resolving org.scala-lang.modules#scala-parser-combinators_2.11;1.0.4 ...
[info] Resolving jline#jline;2.12.1 ...
[info] Done updating.
[info] Resolving org.scala-lang#scala-library;2.11.7 ...
[info] Resolving org.slf4j#slf4j-api;1.7.12 ...
[info] Resolving com.typesafe.play#play-json_2.11;2.4.1 ...
[info] Resolving com.typesafe.play#play-iteratees_2.11;2.4.1 ...
[info] Resolving org.scala-stm#scala-stm_2.11;0.7 ...
[info] Resolving com.typesafe#config;1.3.0 ...
[info] Resolving com.typesafe.play#play-functional_2.11;2.4.1 ...
[info] Resolving com.typesafe.play#play-datacommons_2.11;2.4.1 ...
[info] Resolving joda-time#joda-time;2.7 ...
[info] Resolving org.joda#joda-convert;1.7 ...
[info] Resolving org.scala-lang#scala-reflect;2.11.6 ...
[info] Resolving com.fasterxml.jackson.core#jackson-core;2.5.4 ...
[info] Resolving com.fasterxml.jackson.core#jackson-annotations;2.5.4 ...
[info] Resolving com.fasterxml.jackson.core#jackson-databind;2.5.4 ...
[info] Resolving com.fasterxml.jackson.datatype#jackson-datatype-jdk8;2.5.4 ...
[info] Resolving com.fasterxml.jackson.datatype#jackson-datatype-jsr310;2.5.4 ...
[info] Resolving org.apache.commons#commons-io;1.3.2 ...
[info] Resolving commons-io#commons-io;1.3.2 ...
[info] Resolving canve#compiler-plugin_2.11;0.0.1 ...
[info] Resolving canve#simple-graph_2.11;0.0.1 ...
[info] Resolving com.github.tototoshi#scala-csv_2.11;1.2.2 ...
[info] Resolving org.scala-lang#scala-compiler;2.11.7 ...
[info] Resolving org.scala-lang#scala-reflect;2.11.7 ...
[info] Resolving org.scala-lang.modules#scala-xml_2.11;1.0.4 ...
[info] Resolving org.scala-lang.modules#scala-parser-combinators_2.11;1.0.4 ...
[info] Resolving jline#jline;2.12.1 ...
[info] Done updating.
[info] Compiling 1 Scala source to /repos/canve/extractor/sbt-plugin-integration-test/target/scala-2.11/classes/integration-test-projects/simple-2.11/target/scala-2.11/classes...
[canve] instrumenting project simple-2-11...
[canve] extraction starting for project simple-2-11 (1 compilation units)
[canve] Settings {
  -d = .
  -Yrangepos = true
  -encoding = UTF-8
  -classpath = /repos/canve/extractor/sbt-plugin-integration-test/target/scala-2.11/classes/integration-test-projects/simple-2.11/target/scala-2.11/classes:/home/matan/.ivy2/cache/org.slf4j/slf4j-api/jars/slf4j-api-1.7.12.jar:/home/matan/.ivy2/cache/com.typesafe.play/play-json_2.11/jars/play-json_2.11-2.4.1.jar:/home/matan/.ivy2/cache/com.typesafe.play/play-iteratees_2.11/jars/play-iteratees_2.11-2.4.1.jar:/home/matan/.ivy2/cache/org.scala-stm/scala-stm_2.11/jars/scala-stm_2.11-0.7.jar:/home/matan/.ivy2/cache/com.typesafe/config/bundles/config-1.3.0.jar:/home/matan/.ivy2/cache/com.typesafe.play/play-functional_2.11/jars/play-functional_2.11-2.4.1.jar:/home/matan/.ivy2/cache/com.typesafe.play/play-datacommons_2.11/jars/play-datacommons_2.11-2.4.1.jar:/home/matan/.ivy2/cache/joda-time/joda-time/jars/joda-time-2.7.jar:/home/matan/.ivy2/cache/org.joda/joda-convert/jars/joda-convert-1.7.jar:/home/matan/.ivy2/cache/org.scala-lang/scala-reflect/jars/scala-reflect-2.11.6.jar:/home/matan/.ivy2/cache/com.fasterxml.jackson.core/jackson-core/bundles/jackson-core-2.5.4.jar:/home/matan/.ivy2/cache/com.fasterxml.jackson.core/jackson-annotations/bundles/jackson-annotations-2.5.4.jar:/home/matan/.ivy2/cache/com.fasterxml.jackson.core/jackson-databind/bundles/jackson-databind-2.5.4.jar:/home/matan/.ivy2/cache/com.fasterxml.jackson.datatype/jackson-datatype-jdk8/bundles/jackson-datatype-jdk8-2.5.4.jar:/home/matan/.ivy2/cache/com.fasterxml.jackson.datatype/jackson-datatype-jsr310/bundles/jackson-datatype-jsr310-2.5.4.jar:/home/matan/.ivy2/cache/commons-io/commons-io/jars/commons-io-1.3.2.jar:/home/matan/.ivy2/local/canve/compiler-plugin_2.11/0.0.1/jars/compiler-plugin_2.11.jar:/home/matan/.ivy2/local/canve/simple-graph_2.11/0.0.1/jars/simple-graph_2.11.jar:/home/matan/.ivy2/cache/com.github.tototoshi/scala-csv_2.11/jars/scala-csv_2.11-1.2.2.jar
  -Xplugin = List(/home/matan/.ivy2/local/canve/compiler-plugin_2.11/0.0.1/jars/compiler-plugin_2.11.jar)
  -P = List(canve:projectName:simple-2-11)
  -bootclasspath = /usr/lib/jvm/java-8-oracle/jre/lib/resources.jar:/usr/lib/jvm/java-8-oracle/jre/lib/rt.jar:/usr/lib/jvm/java-8-oracle/jre/lib/sunrsasign.jar:/usr/lib/jvm/java-8-oracle/jre/lib/jsse.jar:/usr/lib/jvm/java-8-oracle/jre/lib/jce.jar:/usr/lib/jvm/java-8-oracle/jre/lib/charsets.jar:/usr/lib/jvm/java-8-oracle/jre/lib/jfr.jar:/usr/lib/jvm/java-8-oracle/jre/classes:/home/matan/.ivy2/cache/org.scala-lang/scala-library/jars/scala-library-2.11.7.jar
}

[canve] examining source file/repos/canve/extractor/sbt-plugin-integration-test/target/scala-2.11/classes/integration-test-projects/simple-2.11/src/main/scala/fileUtil.scala...
[canve] ignoring Ident: package fileUtil
[canve] ignoring Ident: value fileName
[canve] ignoring Ident: value fileName
[canve] ignoring Ident: value outDir
[canve] ignoring Ident: value outDirObj
[canve] ignoring Ident: value outDir
[canve] ignoring Ident: value outDirObj
[canve] (existing node calls,performance.Counter@141cfc50): (existing edge calls,performance.Counter@3aeda4c0)
[canve] 46 entities so far in project simple-2-11
[canve] 59 edges so far for project simple-2-11
[canve] writing extracted type relations and call graph for project simple-2-11...
[canve] done examining source file/repos/canve/extractor/sbt-plugin-integration-test/target/scala-2.11/classes/integration-test-projects/simple-2.11/src/main/scala/fileUtil.scala...
canve task done
----------------------------------------------------------------------------------------------------
Following is the stdout and stderr output of the sbt process started on Sat Nov 14 14:58:57 IST 2015
----------------------------------------------------------------------------------------------------
[info] Loading global plugins from /home/matan/.sbt/0.13/plugins
[info] Loading project definition from /repos/canve/extractor/sbt-plugin-integration-test/target/scala-2.11/classes/integration-test-projects/simple-2.11/project
[info] Updating {file:/repos/canve/extractor/sbt-plugin-integration-test/target/scala-2.11/classes/integration-test-projects/simple-2.11/project/}simple-2-11-build...
[info] Resolving org.scala-sbt#global-plugins;0.0 ...
[info] Resolving com.typesafe.sbteclipse#sbteclipse-plugin;4.0.0 ...
[info] Resolving org.scalaz#scalaz-core_2.10;7.1.0 ...
[info] Resolving org.scala-lang#scala-library;2.10.5 ...
[info] Resolving org.scalaz#scalaz-effect_2.10;7.1.0 ...
[info] Resolving com.github.mpeltonen#sbt-idea;1.6.0 ...
[info] Resolving commons-io#commons-io;2.0.1 ...
[info] Resolving com.hanhuy.sbt#key-path;0.2 ...
[info] Resolving net.virtual-void#sbt-dependency-graph;0.7.5 ...
[info] Resolving com.github.mdr#ascii-graphs_2.10;0.0.3 ...
[info] Resolving canve#sbt-plugin;0.0.1 ...
[info] Resolving canve#compiler-plugin_2.10;0.0.1 ...
[info] Resolving canve#simple-graph_2.10;0.0.1 ...
[info] Resolving com.github.tototoshi#scala-csv_2.10;1.2.2 ...
[info] Resolving org.scala-sbt#sbt;0.13.9 ...
[info] Resolving org.scala-sbt#main;0.13.9 ...
[info] Resolving org.scala-sbt#actions;0.13.9 ...
[info] Resolving org.scala-sbt#classpath;0.13.9 ...
[info] Resolving org.scala-lang#scala-compiler;2.10.5 ...
[info] Resolving org.scala-lang#scala-reflect;2.10.5 ...
[info] Resolving org.scala-sbt#interface;0.13.9 ...
[info] Resolving org.scala-sbt#io;0.13.9 ...
[info] Resolving org.scala-sbt#control;0.13.9 ...
[info] Resolving org.scala-sbt#launcher-interface;1.0.0-M1 ...
[info] Resolving org.scala-sbt#completion;0.13.9 ...
[info] Resolving org.scala-sbt#collections;0.13.9 ...
[info] Resolving jline#jline;2.11 ...
[info] Resolving org.scala-sbt#api;0.13.9 ...
[info] Resolving org.scala-sbt#compiler-integration;0.13.9 ...
[info] Resolving org.scala-sbt#incremental-compiler;0.13.9 ...
[info] Resolving org.scala-sbt#logging;0.13.9 ...
[info] Resolving org.scala-sbt#process;0.13.9 ...
[info] Resolving org.scala-sbt#relation;0.13.9 ...
[info] Resolving org.scala-sbt#compile;0.13.9 ...
[info] Resolving org.scala-sbt#classfile;0.13.9 ...
[info] Resolving org.scala-sbt#persist;0.13.9 ...
[info] Resolving org.scala-tools.sbinary#sbinary_2.10;0.4.2 ...
[info] Resolving org.scala-sbt#compiler-ivy-integration;0.13.9 ...
[info] Resolving org.scala-sbt#ivy;0.13.9 ...
[info] Resolving org.scala-sbt#cross;0.13.9 ...
[info] Resolving org.scala-sbt.ivy#ivy;2.3.0-sbt-c5d1b95fdcc1e1007740ffbecf4eb07abc51ec93 ...
[info] Resolving com.jcraft#jsch;0.1.46 ...
[info] Resolving org.scala-sbt#serialization_2.10;0.1.1 ...
[info] Resolving org.scala-lang.modules#scala-pickling_2.10;0.10.0 ...
[info] Resolving org.scalamacros#quasiquotes_2.10;2.0.1 ...
[info] Resolving org.json4s#json4s-core_2.10;3.2.10 ...
[info] Resolving org.json4s#json4s-ast_2.10;3.2.10 ...
[info] Resolving com.thoughtworks.paranamer#paranamer;2.6 ...
[info] Resolving org.spire-math#jawn-parser_2.10;0.6.0 ...
[info] Resolving org.spire-math#json4s-support_2.10;0.6.0 ...
[info] Resolving org.scala-sbt#run;0.13.9 ...
[info] Resolving org.scala-sbt#task-system;0.13.9 ...
[info] Resolving org.scala-sbt#tasks;0.13.9 ...
[info] Resolving org.scala-sbt#tracking;0.13.9 ...
[info] Resolving org.scala-sbt#cache;0.13.9 ...
[info] Resolving org.scala-sbt#testing;0.13.9 ...
[info] Resolving org.scala-sbt#test-agent;0.13.9 ...
[info] Resolving org.scala-sbt#test-interface;1.0 ...
[info] Resolving org.scala-sbt#main-settings;0.13.9 ...
[info] Resolving org.scala-sbt#apply-macro;0.13.9 ...
[info] Resolving org.scala-sbt#command;0.13.9 ...
[info] Resolving org.scala-sbt#logic;0.13.9 ...
[info] Resolving org.scala-sbt#compiler-interface;0.13.9 ...
[info] Resolving org.scala-sbt#precompiled-2_8_2;0.13.9 ...
[info] Resolving org.scala-sbt#precompiled-2_9_2;0.13.9 ...
[info] Resolving org.scala-sbt#precompiled-2_9_3;0.13.9 ...
[info] Resolving org.scala-lang#jline;2.10.5 ...
[info] Resolving org.fusesource.jansi#jansi;1.4 ...
[info] Done updating.
[canve] sbt canve plugin loaded - enter `canve` in sbt, to run canve for your project
[info] Set current project to simple-2-11 (in build file:/repos/canve/extractor/sbt-plugin-integration-test/target/scala-2.11/classes/integration-test-projects/simple-2.11/)
[info] Set current project to simple-2-11 (in build file:/repos/canve/extractor/sbt-plugin-integration-test/target/scala-2.11/classes/integration-test-projects/simple-2.11/)
[info] Updating {file:/repos/canve/extractor/sbt-plugin-integration-test/target/scala-2.11/classes/integration-test-projects/simple-2.11/}simple-2-11...
[info] Updating {file:/repos/canve/extractor/sbt-plugin-integration-test/target/scala-2.11/classes/integration-test-projects/simple-2.11/}simple-2-11...
[info] Resolving org.scala-lang#scala-library;2.11.7 ...
[info] Resolving org.slf4j#slf4j-api;1.7.12 ...
[info] Resolving com.typesafe.play#play-json_2.11;2.4.1 ...
[info] Resolving com.typesafe.play#play-iteratees_2.11;2.4.1 ...
[info] Resolving org.scala-stm#scala-stm_2.11;0.7 ...
[info] Resolving com.typesafe#config;1.3.0 ...
[info] Resolving com.typesafe.play#play-functional_2.11;2.4.1 ...
[info] Resolving com.typesafe.play#play-datacommons_2.11;2.4.1 ...
[info] Resolving joda-time#joda-time;2.7 ...
[info] Resolving org.joda#joda-convert;1.7 ...
[info] Resolving org.scala-lang#scala-reflect;2.11.6 ...
[info] Resolving com.fasterxml.jackson.core#jackson-core;2.5.4 ...
[info] Resolving com.fasterxml.jackson.core#jackson-annotations;2.5.4 ...
[info] Resolving com.fasterxml.jackson.core#jackson-databind;2.5.4 ...
[info] Resolving com.fasterxml.jackson.datatype#jackson-datatype-jdk8;2.5.4 ...
[info] Resolving com.fasterxml.jackson.datatype#jackson-datatype-jsr310;2.5.4 ...
[info] Resolving org.apache.commons#commons-io;1.3.2 ...
[info] Resolving commons-io#commons-io;1.3.2 ...
[info] Resolving canve#compiler-plugin_2.11;0.0.1 ...
[info] Resolving canve#simple-graph_2.11;0.0.1 ...
[info] Resolving com.github.tototoshi#scala-csv_2.11;1.2.2 ...
[info] Resolving org.scala-lang#scala-compiler;2.11.7 ...
[info] Resolving org.scala-lang#scala-reflect;2.11.7 ...
[info] Resolving org.scala-lang.modules#scala-xml_2.11;1.0.4 ...
[info] Resolving org.scala-lang.modules#scala-parser-combinators_2.11;1.0.4 ...
[info] Resolving jline#jline;2.12.1 ...
[info] Done updating.
[info] Resolving org.scala-lang#scala-library;2.11.7 ...
[info] Resolving org.slf4j#slf4j-api;1.7.12 ...
[info] Resolving com.typesafe.play#play-json_2.11;2.4.1 ...
[info] Resolving com.typesafe.play#play-iteratees_2.11;2.4.1 ...
[info] Resolving org.scala-stm#scala-stm_2.11;0.7 ...
[info] Resolving com.typesafe#config;1.3.0 ...
[info] Resolving com.typesafe.play#play-functional_2.11;2.4.1 ...
[info] Resolving com.typesafe.play#play-datacommons_2.11;2.4.1 ...
[info] Resolving joda-time#joda-time;2.7 ...
[info] Resolving org.joda#joda-convert;1.7 ...
[info] Resolving org.scala-lang#scala-reflect;2.11.6 ...
[info] Resolving com.fasterxml.jackson.core#jackson-core;2.5.4 ...
[info] Resolving com.fasterxml.jackson.core#jackson-annotations;2.5.4 ...
[info] Resolving com.fasterxml.jackson.core#jackson-databind;2.5.4 ...
[info] Resolving com.fasterxml.jackson.datatype#jackson-datatype-jdk8;2.5.4 ...
[info] Resolving com.fasterxml.jackson.datatype#jackson-datatype-jsr310;2.5.4 ...
[info] Resolving org.apache.commons#commons-io;1.3.2 ...
[info] Resolving commons-io#commons-io;1.3.2 ...
[info] Resolving canve#compiler-plugin_2.11;0.0.1 ...
[info] Resolving canve#simple-graph_2.11;0.0.1 ...
[info] Resolving com.github.tototoshi#scala-csv_2.11;1.2.2 ...
[info] Resolving org.scala-lang#scala-compiler;2.11.7 ...
[info] Resolving org.scala-lang#scala-reflect;2.11.7 ...
[info] Resolving org.scala-lang.modules#scala-xml_2.11;1.0.4 ...
[info] Resolving org.scala-lang.modules#scala-parser-combinators_2.11;1.0.4 ...
[info] Resolving jline#jline;2.12.1 ...
[info] Done updating.
[info] Compiling 1 Scala source to /repos/canve/extractor/sbt-plugin-integration-test/target/scala-2.11/classes/integration-test-projects/simple-2.11/target/scala-2.11/classes...
[canve] instrumenting project simple-2-11...
[canve] extraction starting for project simple-2-11 (1 compilation units)
[canve] Settings {
  -d = .
  -Yrangepos = true
  -encoding = UTF-8
  -classpath = /repos/canve/extractor/sbt-plugin-integration-test/target/scala-2.11/classes/integration-test-projects/simple-2.11/target/scala-2.11/classes:/home/matan/.ivy2/cache/org.slf4j/slf4j-api/jars/slf4j-api-1.7.12.jar:/home/matan/.ivy2/cache/com.typesafe.play/play-json_2.11/jars/play-json_2.11-2.4.1.jar:/home/matan/.ivy2/cache/com.typesafe.play/play-iteratees_2.11/jars/play-iteratees_2.11-2.4.1.jar:/home/matan/.ivy2/cache/org.scala-stm/scala-stm_2.11/jars/scala-stm_2.11-0.7.jar:/home/matan/.ivy2/cache/com.typesafe/config/bundles/config-1.3.0.jar:/home/matan/.ivy2/cache/com.typesafe.play/play-functional_2.11/jars/play-functional_2.11-2.4.1.jar:/home/matan/.ivy2/cache/com.typesafe.play/play-datacommons_2.11/jars/play-datacommons_2.11-2.4.1.jar:/home/matan/.ivy2/cache/joda-time/joda-time/jars/joda-time-2.7.jar:/home/matan/.ivy2/cache/org.joda/joda-convert/jars/joda-convert-1.7.jar:/home/matan/.ivy2/cache/org.scala-lang/scala-reflect/jars/scala-reflect-2.11.6.jar:/home/matan/.ivy2/cache/com.fasterxml.jackson.core/jackson-core/bundles/jackson-core-2.5.4.jar:/home/matan/.ivy2/cache/com.fasterxml.jackson.core/jackson-annotations/bundles/jackson-annotations-2.5.4.jar:/home/matan/.ivy2/cache/com.fasterxml.jackson.core/jackson-databind/bundles/jackson-databind-2.5.4.jar:/home/matan/.ivy2/cache/com.fasterxml.jackson.datatype/jackson-datatype-jdk8/bundles/jackson-datatype-jdk8-2.5.4.jar:/home/matan/.ivy2/cache/com.fasterxml.jackson.datatype/jackson-datatype-jsr310/bundles/jackson-datatype-jsr310-2.5.4.jar:/home/matan/.ivy2/cache/commons-io/commons-io/jars/commons-io-1.3.2.jar:/home/matan/.ivy2/local/canve/compiler-plugin_2.11/0.0.1/jars/compiler-plugin_2.11.jar:/home/matan/.ivy2/local/canve/simple-graph_2.11/0.0.1/jars/simple-graph_2.11.jar:/home/matan/.ivy2/cache/com.github.tototoshi/scala-csv_2.11/jars/scala-csv_2.11-1.2.2.jar
  -Xplugin = List(/home/matan/.ivy2/local/canve/compiler-plugin_2.11/0.0.1/jars/compiler-plugin_2.11.jar)
  -P = List(canve:projectName:simple-2-11)
  -bootclasspath = /usr/lib/jvm/java-8-oracle/jre/lib/resources.jar:/usr/lib/jvm/java-8-oracle/jre/lib/rt.jar:/usr/lib/jvm/java-8-oracle/jre/lib/sunrsasign.jar:/usr/lib/jvm/java-8-oracle/jre/lib/jsse.jar:/usr/lib/jvm/java-8-oracle/jre/lib/jce.jar:/usr/lib/jvm/java-8-oracle/jre/lib/charsets.jar:/usr/lib/jvm/java-8-oracle/jre/lib/jfr.jar:/usr/lib/jvm/java-8-oracle/jre/classes:/home/matan/.ivy2/cache/org.scala-lang/scala-library/jars/scala-library-2.11.7.jar
}

[canve] examining source file/repos/canve/extractor/sbt-plugin-integration-test/target/scala-2.11/classes/integration-test-projects/simple-2.11/src/main/scala/fileUtil.scala...
[canve] ignoring Ident: package fileUtil
[canve] ignoring Ident: value fileName
[canve] ignoring Ident: value fileName
[canve] ignoring Ident: value outDir
[canve] ignoring Ident: value outDirObj
[canve] ignoring Ident: value outDir
[canve] ignoring Ident: value outDirObj
[canve] (existing node calls,performance.Counter@336c0274): (existing edge calls,performance.Counter@29f7acb4)
[canve] 46 entities so far in project simple-2-11
[canve] 59 edges so far for project simple-2-11
[canve] writing extracted type relations and call graph for project simple-2-11...
[canve] done examining source file/repos/canve/extractor/sbt-plugin-integration-test/target/scala-2.11/classes/integration-test-projects/simple-2.11/src/main/scala/fileUtil.scala...
canve task done
----------------------------------------------------------------------------------------------------
Following is the stdout and stderr output of the sbt process started on Sat Nov 14 15:50:04 IST 2015
----------------------------------------------------------------------------------------------------
[info] Loading global plugins from /home/matan/.sbt/0.13/plugins
[info] Loading project definition from /repos/canve/extractor/sbt-plugin-integration-test/target/scala-2.11/classes/integration-test-projects/simple-2.11/project
[info] Updating {file:/repos/canve/extractor/sbt-plugin-integration-test/target/scala-2.11/classes/integration-test-projects/simple-2.11/project/}simple-2-11-build...
[info] Resolving org.scala-sbt#global-plugins;0.0 ...
[info] Resolving com.typesafe.sbteclipse#sbteclipse-plugin;4.0.0 ...
[info] Resolving org.scalaz#scalaz-core_2.10;7.1.0 ...
[info] Resolving org.scala-lang#scala-library;2.10.5 ...
[info] Resolving org.scalaz#scalaz-effect_2.10;7.1.0 ...
[info] Resolving com.github.mpeltonen#sbt-idea;1.6.0 ...
[info] Resolving commons-io#commons-io;2.0.1 ...
[info] Resolving com.hanhuy.sbt#key-path;0.2 ...
[info] Resolving net.virtual-void#sbt-dependency-graph;0.7.5 ...
[info] Resolving com.github.mdr#ascii-graphs_2.10;0.0.3 ...
[info] Resolving canve#sbt-plugin;0.0.1 ...
[info] Resolving canve#compiler-plugin_2.10;0.0.1 ...
[info] Resolving canve#simple-graph_2.10;0.0.1 ...
[info] Resolving com.github.tototoshi#scala-csv_2.10;1.2.2 ...
[info] Resolving org.scala-sbt#sbt;0.13.9 ...
[info] Resolving org.scala-sbt#main;0.13.9 ...
[info] Resolving org.scala-sbt#actions;0.13.9 ...
[info] Resolving org.scala-sbt#classpath;0.13.9 ...
[info] Resolving org.scala-lang#scala-compiler;2.10.5 ...
[info] Resolving org.scala-lang#scala-reflect;2.10.5 ...
[info] Resolving org.scala-sbt#interface;0.13.9 ...
[info] Resolving org.scala-sbt#io;0.13.9 ...
[info] Resolving org.scala-sbt#control;0.13.9 ...
[info] Resolving org.scala-sbt#launcher-interface;1.0.0-M1 ...
[info] Resolving org.scala-sbt#completion;0.13.9 ...
[info] Resolving org.scala-sbt#collections;0.13.9 ...
[info] Resolving jline#jline;2.11 ...
[info] Resolving org.scala-sbt#api;0.13.9 ...
[info] Resolving org.scala-sbt#compiler-integration;0.13.9 ...
[info] Resolving org.scala-sbt#incremental-compiler;0.13.9 ...
[info] Resolving org.scala-sbt#logging;0.13.9 ...
[info] Resolving org.scala-sbt#process;0.13.9 ...
[info] Resolving org.scala-sbt#relation;0.13.9 ...
[info] Resolving org.scala-sbt#compile;0.13.9 ...
[info] Resolving org.scala-sbt#classfile;0.13.9 ...
[info] Resolving org.scala-sbt#persist;0.13.9 ...
[info] Resolving org.scala-tools.sbinary#sbinary_2.10;0.4.2 ...
[info] Resolving org.scala-sbt#compiler-ivy-integration;0.13.9 ...
[info] Resolving org.scala-sbt#ivy;0.13.9 ...
[info] Resolving org.scala-sbt#cross;0.13.9 ...
[info] Resolving org.scala-sbt.ivy#ivy;2.3.0-sbt-c5d1b95fdcc1e1007740ffbecf4eb07abc51ec93 ...
[info] Resolving com.jcraft#jsch;0.1.46 ...
[info] Resolving org.scala-sbt#serialization_2.10;0.1.1 ...
[info] Resolving org.scala-lang.modules#scala-pickling_2.10;0.10.0 ...
[info] Resolving org.scalamacros#quasiquotes_2.10;2.0.1 ...
[info] Resolving org.json4s#json4s-core_2.10;3.2.10 ...
[info] Resolving org.json4s#json4s-ast_2.10;3.2.10 ...
[info] Resolving com.thoughtworks.paranamer#paranamer;2.6 ...
[info] Resolving org.spire-math#jawn-parser_2.10;0.6.0 ...
[info] Resolving org.spire-math#json4s-support_2.10;0.6.0 ...
[info] Resolving org.scala-sbt#run;0.13.9 ...
[info] Resolving org.scala-sbt#task-system;0.13.9 ...
[info] Resolving org.scala-sbt#tasks;0.13.9 ...
[info] Resolving org.scala-sbt#tracking;0.13.9 ...
[info] Resolving org.scala-sbt#cache;0.13.9 ...
[info] Resolving org.scala-sbt#testing;0.13.9 ...
[info] Resolving org.scala-sbt#test-agent;0.13.9 ...
[info] Resolving org.scala-sbt#test-interface;1.0 ...
[info] Resolving org.scala-sbt#main-settings;0.13.9 ...
[info] Resolving org.scala-sbt#apply-macro;0.13.9 ...
[info] Resolving org.scala-sbt#command;0.13.9 ...
[info] Resolving org.scala-sbt#logic;0.13.9 ...
[info] Resolving org.scala-sbt#compiler-interface;0.13.9 ...
[info] Resolving org.scala-sbt#precompiled-2_8_2;0.13.9 ...
[info] Resolving org.scala-sbt#precompiled-2_9_2;0.13.9 ...
[info] Resolving org.scala-sbt#precompiled-2_9_3;0.13.9 ...
[info] Resolving org.scala-lang#jline;2.10.5 ...
[info] Resolving org.fusesource.jansi#jansi;1.4 ...
[info] Done updating.
[canve] sbt canve plugin loaded - enter `canve` in sbt, to run canve for your project
[info] Set current project to simple-2-11 (in build file:/repos/canve/extractor/sbt-plugin-integration-test/target/scala-2.11/classes/integration-test-projects/simple-2.11/)
[info] Set current project to simple-2-11 (in build file:/repos/canve/extractor/sbt-plugin-integration-test/target/scala-2.11/classes/integration-test-projects/simple-2.11/)
[info] Updating {file:/repos/canve/extractor/sbt-plugin-integration-test/target/scala-2.11/classes/integration-test-projects/simple-2.11/}simple-2-11...
[info] Updating {file:/repos/canve/extractor/sbt-plugin-integration-test/target/scala-2.11/classes/integration-test-projects/simple-2.11/}simple-2-11...
[info] Resolving org.scala-lang#scala-library;2.11.7 ...
[info] Resolving org.slf4j#slf4j-api;1.7.12 ...
[info] Resolving com.typesafe.play#play-json_2.11;2.4.1 ...
[info] Resolving com.typesafe.play#play-iteratees_2.11;2.4.1 ...
[info] Resolving org.scala-stm#scala-stm_2.11;0.7 ...
[info] Resolving com.typesafe#config;1.3.0 ...
[info] Resolving com.typesafe.play#play-functional_2.11;2.4.1 ...
[info] Resolving com.typesafe.play#play-datacommons_2.11;2.4.1 ...
[info] Resolving joda-time#joda-time;2.7 ...
[info] Resolving org.joda#joda-convert;1.7 ...
[info] Resolving org.scala-lang#scala-reflect;2.11.6 ...
[info] Resolving com.fasterxml.jackson.core#jackson-core;2.5.4 ...
[info] Resolving com.fasterxml.jackson.core#jackson-annotations;2.5.4 ...
[info] Resolving com.fasterxml.jackson.core#jackson-databind;2.5.4 ...
[info] Resolving com.fasterxml.jackson.datatype#jackson-datatype-jdk8;2.5.4 ...
[info] Resolving com.fasterxml.jackson.datatype#jackson-datatype-jsr310;2.5.4 ...
[info] Resolving org.apache.commons#commons-io;1.3.2 ...
[info] Resolving commons-io#commons-io;1.3.2 ...
[info] Resolving canve#compiler-plugin_2.11;0.0.1 ...
[info] Resolving canve#simple-graph_2.11;0.0.1 ...
[info] Resolving com.github.tototoshi#scala-csv_2.11;1.2.2 ...
[info] Resolving org.scala-lang#scala-compiler;2.11.7 ...
[info] Resolving org.scala-lang#scala-reflect;2.11.7 ...
[info] Resolving org.scala-lang.modules#scala-xml_2.11;1.0.4 ...
[info] Resolving org.scala-lang.modules#scala-parser-combinators_2.11;1.0.4 ...
[info] Resolving jline#jline;2.12.1 ...
[info] Done updating.
[info] Resolving org.scala-lang#scala-library;2.11.7 ...
[info] Resolving org.slf4j#slf4j-api;1.7.12 ...
[info] Resolving com.typesafe.play#play-json_2.11;2.4.1 ...
[info] Resolving com.typesafe.play#play-iteratees_2.11;2.4.1 ...
[info] Resolving org.scala-stm#scala-stm_2.11;0.7 ...
[info] Resolving com.typesafe#config;1.3.0 ...
[info] Resolving com.typesafe.play#play-functional_2.11;2.4.1 ...
[info] Resolving com.typesafe.play#play-datacommons_2.11;2.4.1 ...
[info] Resolving joda-time#joda-time;2.7 ...
[info] Resolving org.joda#joda-convert;1.7 ...
[info] Resolving org.scala-lang#scala-reflect;2.11.6 ...
[info] Resolving com.fasterxml.jackson.core#jackson-core;2.5.4 ...
[info] Resolving com.fasterxml.jackson.core#jackson-annotations;2.5.4 ...
[info] Resolving com.fasterxml.jackson.core#jackson-databind;2.5.4 ...
[info] Resolving com.fasterxml.jackson.datatype#jackson-datatype-jdk8;2.5.4 ...
[info] Resolving com.fasterxml.jackson.datatype#jackson-datatype-jsr310;2.5.4 ...
[info] Resolving org.apache.commons#commons-io;1.3.2 ...
[info] Resolving commons-io#commons-io;1.3.2 ...
[info] Resolving canve#compiler-plugin_2.11;0.0.1 ...
[info] Resolving canve#simple-graph_2.11;0.0.1 ...
[info] Resolving com.github.tototoshi#scala-csv_2.11;1.2.2 ...
[info] Resolving org.scala-lang#scala-compiler;2.11.7 ...
[info] Resolving org.scala-lang#scala-reflect;2.11.7 ...
[info] Resolving org.scala-lang.modules#scala-xml_2.11;1.0.4 ...
[info] Resolving org.scala-lang.modules#scala-parser-combinators_2.11;1.0.4 ...
[info] Resolving jline#jline;2.12.1 ...
[info] Done updating.
[info] Compiling 1 Scala source to /repos/canve/extractor/sbt-plugin-integration-test/target/scala-2.11/classes/integration-test-projects/simple-2.11/target/scala-2.11/classes...
[canve] instrumenting project simple-2-11...
[canve] extraction starting for project simple-2-11 (1 compilation units)
[canve] Settings {
  -d = .
  -Yrangepos = true
  -encoding = UTF-8
  -classpath = /repos/canve/extractor/sbt-plugin-integration-test/target/scala-2.11/classes/integration-test-projects/simple-2.11/target/scala-2.11/classes:/home/matan/.ivy2/cache/org.slf4j/slf4j-api/jars/slf4j-api-1.7.12.jar:/home/matan/.ivy2/cache/com.typesafe.play/play-json_2.11/jars/play-json_2.11-2.4.1.jar:/home/matan/.ivy2/cache/com.typesafe.play/play-iteratees_2.11/jars/play-iteratees_2.11-2.4.1.jar:/home/matan/.ivy2/cache/org.scala-stm/scala-stm_2.11/jars/scala-stm_2.11-0.7.jar:/home/matan/.ivy2/cache/com.typesafe/config/bundles/config-1.3.0.jar:/home/matan/.ivy2/cache/com.typesafe.play/play-functional_2.11/jars/play-functional_2.11-2.4.1.jar:/home/matan/.ivy2/cache/com.typesafe.play/play-datacommons_2.11/jars/play-datacommons_2.11-2.4.1.jar:/home/matan/.ivy2/cache/joda-time/joda-time/jars/joda-time-2.7.jar:/home/matan/.ivy2/cache/org.joda/joda-convert/jars/joda-convert-1.7.jar:/home/matan/.ivy2/cache/org.scala-lang/scala-reflect/jars/scala-reflect-2.11.6.jar:/home/matan/.ivy2/cache/com.fasterxml.jackson.core/jackson-core/bundles/jackson-core-2.5.4.jar:/home/matan/.ivy2/cache/com.fasterxml.jackson.core/jackson-annotations/bundles/jackson-annotations-2.5.4.jar:/home/matan/.ivy2/cache/com.fasterxml.jackson.core/jackson-databind/bundles/jackson-databind-2.5.4.jar:/home/matan/.ivy2/cache/com.fasterxml.jackson.datatype/jackson-datatype-jdk8/bundles/jackson-datatype-jdk8-2.5.4.jar:/home/matan/.ivy2/cache/com.fasterxml.jackson.datatype/jackson-datatype-jsr310/bundles/jackson-datatype-jsr310-2.5.4.jar:/home/matan/.ivy2/cache/commons-io/commons-io/jars/commons-io-1.3.2.jar:/home/matan/.ivy2/local/canve/compiler-plugin_2.11/0.0.1/jars/compiler-plugin_2.11.jar:/home/matan/.ivy2/local/canve/simple-graph_2.11/0.0.1/jars/simple-graph_2.11.jar:/home/matan/.ivy2/cache/com.github.tototoshi/scala-csv_2.11/jars/scala-csv_2.11-1.2.2.jar
  -Xplugin = List(/home/matan/.ivy2/local/canve/compiler-plugin_2.11/0.0.1/jars/compiler-plugin_2.11.jar)
  -P = List(canve:projectName:simple-2-11)
  -bootclasspath = /usr/lib/jvm/java-8-oracle/jre/lib/resources.jar:/usr/lib/jvm/java-8-oracle/jre/lib/rt.jar:/usr/lib/jvm/java-8-oracle/jre/lib/sunrsasign.jar:/usr/lib/jvm/java-8-oracle/jre/lib/jsse.jar:/usr/lib/jvm/java-8-oracle/jre/lib/jce.jar:/usr/lib/jvm/java-8-oracle/jre/lib/charsets.jar:/usr/lib/jvm/java-8-oracle/jre/lib/jfr.jar:/usr/lib/jvm/java-8-oracle/jre/classes:/home/matan/.ivy2/cache/org.scala-lang/scala-library/jars/scala-library-2.11.7.jar
}

[canve] examining source file/repos/canve/extractor/sbt-plugin-integration-test/target/scala-2.11/classes/integration-test-projects/simple-2.11/src/main/scala/fileUtil.scala...
[canve] ignoring Ident: package fileUtil
[canve] ignoring Ident: value fileName
[canve] ignoring Ident: value fileName
[canve] ignoring Ident: value outDir
[canve] ignoring Ident: value outDirObj
[canve] ignoring Ident: value outDir
[canve] ignoring Ident: value outDirObj
[canve] (existing node calls,performance.Counter@2233f096): (existing edge calls,performance.Counter@1dc45c11)
[canve] 46 symbols extracted for project simple-2-11
[canve] 59 symbol relations extracted for project simple-2-11
[canve] writing extracted type relations and call graph for project simple-2-11...
[canve] done examining source file/repos/canve/extractor/sbt-plugin-integration-test/target/scala-2.11/classes/integration-test-projects/simple-2.11/src/main/scala/fileUtil.scala...
canve task done
----------------------------------------------------------------------------------------------------
Following is the stdout and stderr output of the sbt process started on Sat Nov 14 15:52:19 IST 2015
----------------------------------------------------------------------------------------------------
[info] Loading global plugins from /home/matan/.sbt/0.13/plugins
[info] Loading project definition from /repos/canve/extractor/sbt-plugin-integration-test/target/scala-2.11/classes/integration-test-projects/simple-2.11/project
[info] Updating {file:/repos/canve/extractor/sbt-plugin-integration-test/target/scala-2.11/classes/integration-test-projects/simple-2.11/project/}simple-2-11-build...
[info] Resolving org.scala-sbt#global-plugins;0.0 ...
[info] Resolving com.typesafe.sbteclipse#sbteclipse-plugin;4.0.0 ...
[info] Resolving org.scalaz#scalaz-core_2.10;7.1.0 ...
[info] Resolving org.scala-lang#scala-library;2.10.5 ...
[info] Resolving org.scalaz#scalaz-effect_2.10;7.1.0 ...
[info] Resolving com.github.mpeltonen#sbt-idea;1.6.0 ...
[info] Resolving commons-io#commons-io;2.0.1 ...
[info] Resolving com.hanhuy.sbt#key-path;0.2 ...
[info] Resolving net.virtual-void#sbt-dependency-graph;0.7.5 ...
[info] Resolving com.github.mdr#ascii-graphs_2.10;0.0.3 ...
[info] Resolving canve#sbt-plugin;0.0.1 ...
[info] Resolving canve#compiler-plugin_2.10;0.0.1 ...
[info] Resolving canve#simple-graph_2.10;0.0.1 ...
[info] Resolving com.github.tototoshi#scala-csv_2.10;1.2.2 ...
[info] Resolving org.scala-sbt#sbt;0.13.9 ...
[info] Resolving org.scala-sbt#main;0.13.9 ...
[info] Resolving org.scala-sbt#actions;0.13.9 ...
[info] Resolving org.scala-sbt#classpath;0.13.9 ...
[info] Resolving org.scala-lang#scala-compiler;2.10.5 ...
[info] Resolving org.scala-lang#scala-reflect;2.10.5 ...
[info] Resolving org.scala-sbt#interface;0.13.9 ...
[info] Resolving org.scala-sbt#io;0.13.9 ...
[info] Resolving org.scala-sbt#control;0.13.9 ...
[info] Resolving org.scala-sbt#launcher-interface;1.0.0-M1 ...
[info] Resolving org.scala-sbt#completion;0.13.9 ...
[info] Resolving org.scala-sbt#collections;0.13.9 ...
[info] Resolving jline#jline;2.11 ...
[info] Resolving org.scala-sbt#api;0.13.9 ...
[info] Resolving org.scala-sbt#compiler-integration;0.13.9 ...
[info] Resolving org.scala-sbt#incremental-compiler;0.13.9 ...
[info] Resolving org.scala-sbt#logging;0.13.9 ...
[info] Resolving org.scala-sbt#process;0.13.9 ...
[info] Resolving org.scala-sbt#relation;0.13.9 ...
[info] Resolving org.scala-sbt#compile;0.13.9 ...
[info] Resolving org.scala-sbt#classfile;0.13.9 ...
[info] Resolving org.scala-sbt#persist;0.13.9 ...
[info] Resolving org.scala-tools.sbinary#sbinary_2.10;0.4.2 ...
[info] Resolving org.scala-sbt#compiler-ivy-integration;0.13.9 ...
[info] Resolving org.scala-sbt#ivy;0.13.9 ...
[info] Resolving org.scala-sbt#cross;0.13.9 ...
[info] Resolving org.scala-sbt.ivy#ivy;2.3.0-sbt-c5d1b95fdcc1e1007740ffbecf4eb07abc51ec93 ...
[info] Resolving com.jcraft#jsch;0.1.46 ...
[info] Resolving org.scala-sbt#serialization_2.10;0.1.1 ...
[info] Resolving org.scala-lang.modules#scala-pickling_2.10;0.10.0 ...
[info] Resolving org.scalamacros#quasiquotes_2.10;2.0.1 ...
[info] Resolving org.json4s#json4s-core_2.10;3.2.10 ...
[info] Resolving org.json4s#json4s-ast_2.10;3.2.10 ...
[info] Resolving com.thoughtworks.paranamer#paranamer;2.6 ...
[info] Resolving org.spire-math#jawn-parser_2.10;0.6.0 ...
[info] Resolving org.spire-math#json4s-support_2.10;0.6.0 ...
[info] Resolving org.scala-sbt#run;0.13.9 ...
[info] Resolving org.scala-sbt#task-system;0.13.9 ...
[info] Resolving org.scala-sbt#tasks;0.13.9 ...
[info] Resolving org.scala-sbt#tracking;0.13.9 ...
[info] Resolving org.scala-sbt#cache;0.13.9 ...
[info] Resolving org.scala-sbt#testing;0.13.9 ...
[info] Resolving org.scala-sbt#test-agent;0.13.9 ...
[info] Resolving org.scala-sbt#test-interface;1.0 ...
[info] Resolving org.scala-sbt#main-settings;0.13.9 ...
[info] Resolving org.scala-sbt#apply-macro;0.13.9 ...
[info] Resolving org.scala-sbt#command;0.13.9 ...
[info] Resolving org.scala-sbt#logic;0.13.9 ...
[info] Resolving org.scala-sbt#compiler-interface;0.13.9 ...
[info] Resolving org.scala-sbt#precompiled-2_8_2;0.13.9 ...
[info] Resolving org.scala-sbt#precompiled-2_9_2;0.13.9 ...
[info] Resolving org.scala-sbt#precompiled-2_9_3;0.13.9 ...
[info] Resolving org.scala-lang#jline;2.10.5 ...
[info] Resolving org.fusesource.jansi#jansi;1.4 ...
[info] Done updating.
[canve] sbt canve plugin loaded - enter `canve` in sbt, to run canve for your project
[info] Set current project to simple-2-11 (in build file:/repos/canve/extractor/sbt-plugin-integration-test/target/scala-2.11/classes/integration-test-projects/simple-2.11/)
[info] Set current project to simple-2-11 (in build file:/repos/canve/extractor/sbt-plugin-integration-test/target/scala-2.11/classes/integration-test-projects/simple-2.11/)
[info] Updating {file:/repos/canve/extractor/sbt-plugin-integration-test/target/scala-2.11/classes/integration-test-projects/simple-2.11/}simple-2-11...
[info] Updating {file:/repos/canve/extractor/sbt-plugin-integration-test/target/scala-2.11/classes/integration-test-projects/simple-2.11/}simple-2-11...
[info] Resolving org.scala-lang#scala-library;2.11.7 ...
[info] Resolving org.slf4j#slf4j-api;1.7.12 ...
[info] Resolving com.typesafe.play#play-json_2.11;2.4.1 ...
[info] Resolving com.typesafe.play#play-iteratees_2.11;2.4.1 ...
[info] Resolving org.scala-stm#scala-stm_2.11;0.7 ...
[info] Resolving com.typesafe#config;1.3.0 ...
[info] Resolving com.typesafe.play#play-functional_2.11;2.4.1 ...
[info] Resolving com.typesafe.play#play-datacommons_2.11;2.4.1 ...
[info] Resolving joda-time#joda-time;2.7 ...
[info] Resolving org.joda#joda-convert;1.7 ...
[info] Resolving org.scala-lang#scala-reflect;2.11.6 ...
[info] Resolving com.fasterxml.jackson.core#jackson-core;2.5.4 ...
[info] Resolving com.fasterxml.jackson.core#jackson-annotations;2.5.4 ...
[info] Resolving com.fasterxml.jackson.core#jackson-databind;2.5.4 ...
[info] Resolving com.fasterxml.jackson.datatype#jackson-datatype-jdk8;2.5.4 ...
[info] Resolving com.fasterxml.jackson.datatype#jackson-datatype-jsr310;2.5.4 ...
[info] Resolving org.apache.commons#commons-io;1.3.2 ...
[info] Resolving commons-io#commons-io;1.3.2 ...
[info] Resolving canve#compiler-plugin_2.11;0.0.1 ...
[info] Resolving canve#simple-graph_2.11;0.0.1 ...
[info] Resolving com.github.tototoshi#scala-csv_2.11;1.2.2 ...
[info] Resolving org.scala-lang#scala-compiler;2.11.7 ...
[info] Resolving org.scala-lang#scala-reflect;2.11.7 ...
[info] Resolving org.scala-lang.modules#scala-xml_2.11;1.0.4 ...
[info] Resolving org.scala-lang.modules#scala-parser-combinators_2.11;1.0.4 ...
[info] Resolving jline#jline;2.12.1 ...
[info] Done updating.
[info] Resolving org.scala-lang#scala-library;2.11.7 ...
[info] Resolving org.slf4j#slf4j-api;1.7.12 ...
[info] Resolving com.typesafe.play#play-json_2.11;2.4.1 ...
[info] Resolving com.typesafe.play#play-iteratees_2.11;2.4.1 ...
[info] Resolving org.scala-stm#scala-stm_2.11;0.7 ...
[info] Resolving com.typesafe#config;1.3.0 ...
[info] Resolving com.typesafe.play#play-functional_2.11;2.4.1 ...
[info] Resolving com.typesafe.play#play-datacommons_2.11;2.4.1 ...
[info] Resolving joda-time#joda-time;2.7 ...
[info] Resolving org.joda#joda-convert;1.7 ...
[info] Resolving org.scala-lang#scala-reflect;2.11.6 ...
[info] Resolving com.fasterxml.jackson.core#jackson-core;2.5.4 ...
[info] Resolving com.fasterxml.jackson.core#jackson-annotations;2.5.4 ...
[info] Resolving com.fasterxml.jackson.core#jackson-databind;2.5.4 ...
[info] Resolving com.fasterxml.jackson.datatype#jackson-datatype-jdk8;2.5.4 ...
[info] Resolving com.fasterxml.jackson.datatype#jackson-datatype-jsr310;2.5.4 ...
[info] Resolving org.apache.commons#commons-io;1.3.2 ...
[info] Resolving commons-io#commons-io;1.3.2 ...
[info] Resolving canve#compiler-plugin_2.11;0.0.1 ...
[info] Resolving canve#simple-graph_2.11;0.0.1 ...
[info] Resolving com.github.tototoshi#scala-csv_2.11;1.2.2 ...
[info] Resolving org.scala-lang#scala-compiler;2.11.7 ...
[info] Resolving org.scala-lang#scala-reflect;2.11.7 ...
[info] Resolving org.scala-lang.modules#scala-xml_2.11;1.0.4 ...
[info] Resolving org.scala-lang.modules#scala-parser-combinators_2.11;1.0.4 ...
[info] Resolving jline#jline;2.12.1 ...
[info] Done updating.
[info] Compiling 1 Scala source to /repos/canve/extractor/sbt-plugin-integration-test/target/scala-2.11/classes/integration-test-projects/simple-2.11/target/scala-2.11/classes...
[canve] instrumenting project simple-2-11...
[canve] extraction starting for project simple-2-11 (1 compilation units)
[canve] Settings {
  -d = .
  -Yrangepos = true
  -encoding = UTF-8
  -classpath = /repos/canve/extractor/sbt-plugin-integration-test/target/scala-2.11/classes/integration-test-projects/simple-2.11/target/scala-2.11/classes:/home/matan/.ivy2/cache/org.slf4j/slf4j-api/jars/slf4j-api-1.7.12.jar:/home/matan/.ivy2/cache/com.typesafe.play/play-json_2.11/jars/play-json_2.11-2.4.1.jar:/home/matan/.ivy2/cache/com.typesafe.play/play-iteratees_2.11/jars/play-iteratees_2.11-2.4.1.jar:/home/matan/.ivy2/cache/org.scala-stm/scala-stm_2.11/jars/scala-stm_2.11-0.7.jar:/home/matan/.ivy2/cache/com.typesafe/config/bundles/config-1.3.0.jar:/home/matan/.ivy2/cache/com.typesafe.play/play-functional_2.11/jars/play-functional_2.11-2.4.1.jar:/home/matan/.ivy2/cache/com.typesafe.play/play-datacommons_2.11/jars/play-datacommons_2.11-2.4.1.jar:/home/matan/.ivy2/cache/joda-time/joda-time/jars/joda-time-2.7.jar:/home/matan/.ivy2/cache/org.joda/joda-convert/jars/joda-convert-1.7.jar:/home/matan/.ivy2/cache/org.scala-lang/scala-reflect/jars/scala-reflect-2.11.6.jar:/home/matan/.ivy2/cache/com.fasterxml.jackson.core/jackson-core/bundles/jackson-core-2.5.4.jar:/home/matan/.ivy2/cache/com.fasterxml.jackson.core/jackson-annotations/bundles/jackson-annotations-2.5.4.jar:/home/matan/.ivy2/cache/com.fasterxml.jackson.core/jackson-databind/bundles/jackson-databind-2.5.4.jar:/home/matan/.ivy2/cache/com.fasterxml.jackson.datatype/jackson-datatype-jdk8/bundles/jackson-datatype-jdk8-2.5.4.jar:/home/matan/.ivy2/cache/com.fasterxml.jackson.datatype/jackson-datatype-jsr310/bundles/jackson-datatype-jsr310-2.5.4.jar:/home/matan/.ivy2/cache/commons-io/commons-io/jars/commons-io-1.3.2.jar:/home/matan/.ivy2/local/canve/compiler-plugin_2.11/0.0.1/jars/compiler-plugin_2.11.jar:/home/matan/.ivy2/local/canve/simple-graph_2.11/0.0.1/jars/simple-graph_2.11.jar:/home/matan/.ivy2/cache/com.github.tototoshi/scala-csv_2.11/jars/scala-csv_2.11-1.2.2.jar
  -Xplugin = List(/home/matan/.ivy2/local/canve/compiler-plugin_2.11/0.0.1/jars/compiler-plugin_2.11.jar)
  -P = List(canve:projectName:simple-2-11)
  -bootclasspath = /usr/lib/jvm/java-8-oracle/jre/lib/resources.jar:/usr/lib/jvm/java-8-oracle/jre/lib/rt.jar:/usr/lib/jvm/java-8-oracle/jre/lib/sunrsasign.jar:/usr/lib/jvm/java-8-oracle/jre/lib/jsse.jar:/usr/lib/jvm/java-8-oracle/jre/lib/jce.jar:/usr/lib/jvm/java-8-oracle/jre/lib/charsets.jar:/usr/lib/jvm/java-8-oracle/jre/lib/jfr.jar:/usr/lib/jvm/java-8-oracle/jre/classes:/home/matan/.ivy2/cache/org.scala-lang/scala-library/jars/scala-library-2.11.7.jar
}

[canve] examining source file/repos/canve/extractor/sbt-plugin-integration-test/target/scala-2.11/classes/integration-test-projects/simple-2.11/src/main/scala/fileUtil.scala...
[canve] ignoring Ident: package fileUtil
[canve] ignoring Ident: value fileName
[canve] ignoring Ident: value fileName
[canve] ignoring Ident: value outDir
[canve] ignoring Ident: value outDirObj
[canve] ignoring Ident: value outDir
[canve] ignoring Ident: value outDirObj
[canve] (existing node calls,performance.Counter@47205f7d): (existing edge calls,performance.Counter@149b696d)
[canve] 46 symbols extracted for project simple-2-11
[canve] 59 symbol relations extracted for project simple-2-11
[canve] writing extracted type relations and call graph for project simple-2-11...
[canve] done examining source file/repos/canve/extractor/sbt-plugin-integration-test/target/scala-2.11/classes/integration-test-projects/simple-2.11/src/main/scala/fileUtil.scala...
canve task done
----------------------------------------------------------------------------------------------------
Following is the stdout and stderr output of the sbt process started on Sat Nov 14 16:45:56 IST 2015
----------------------------------------------------------------------------------------------------
[info] Loading global plugins from /home/matan/.sbt/0.13/plugins
[info] Loading project definition from /repos/canve/extractor/sbt-plugin-integration-test/target/scala-2.11/classes/integration-test-projects/simple-2.11/project
[info] Updating {file:/repos/canve/extractor/sbt-plugin-integration-test/target/scala-2.11/classes/integration-test-projects/simple-2.11/project/}simple-2-11-build...
[info] Resolving org.scala-sbt#global-plugins;0.0 ...
[info] Resolving com.typesafe.sbteclipse#sbteclipse-plugin;4.0.0 ...
[info] Resolving org.scalaz#scalaz-core_2.10;7.1.0 ...
[info] Resolving org.scala-lang#scala-library;2.10.5 ...
[info] Resolving org.scalaz#scalaz-effect_2.10;7.1.0 ...
[info] Resolving com.github.mpeltonen#sbt-idea;1.6.0 ...
[info] Resolving commons-io#commons-io;2.0.1 ...
[info] Resolving com.hanhuy.sbt#key-path;0.2 ...
[info] Resolving net.virtual-void#sbt-dependency-graph;0.7.5 ...
[info] Resolving com.github.mdr#ascii-graphs_2.10;0.0.3 ...
[info] Resolving canve#sbt-plugin;0.0.1 ...
[info] Resolving canve#compiler-plugin_2.10;0.0.1 ...
[info] Resolving canve#simple-graph_2.10;0.0.1 ...
[info] Resolving com.github.tototoshi#scala-csv_2.10;1.2.2 ...
[info] Resolving org.scala-sbt#sbt;0.13.9 ...
[info] Resolving org.scala-sbt#main;0.13.9 ...
[info] Resolving org.scala-sbt#actions;0.13.9 ...
[info] Resolving org.scala-sbt#classpath;0.13.9 ...
[info] Resolving org.scala-lang#scala-compiler;2.10.5 ...
[info] Resolving org.scala-lang#scala-reflect;2.10.5 ...
[info] Resolving org.scala-sbt#interface;0.13.9 ...
[info] Resolving org.scala-sbt#io;0.13.9 ...
[info] Resolving org.scala-sbt#control;0.13.9 ...
[info] Resolving org.scala-sbt#launcher-interface;1.0.0-M1 ...
[info] Resolving org.scala-sbt#completion;0.13.9 ...
[info] Resolving org.scala-sbt#collections;0.13.9 ...
[info] Resolving jline#jline;2.11 ...
[info] Resolving org.scala-sbt#api;0.13.9 ...
[info] Resolving org.scala-sbt#compiler-integration;0.13.9 ...
[info] Resolving org.scala-sbt#incremental-compiler;0.13.9 ...
[info] Resolving org.scala-sbt#logging;0.13.9 ...
[info] Resolving org.scala-sbt#process;0.13.9 ...
[info] Resolving org.scala-sbt#relation;0.13.9 ...
[info] Resolving org.scala-sbt#compile;0.13.9 ...
[info] Resolving org.scala-sbt#classfile;0.13.9 ...
[info] Resolving org.scala-sbt#persist;0.13.9 ...
[info] Resolving org.scala-tools.sbinary#sbinary_2.10;0.4.2 ...
[info] Resolving org.scala-sbt#compiler-ivy-integration;0.13.9 ...
[info] Resolving org.scala-sbt#ivy;0.13.9 ...
[info] Resolving org.scala-sbt#cross;0.13.9 ...
[info] Resolving org.scala-sbt.ivy#ivy;2.3.0-sbt-c5d1b95fdcc1e1007740ffbecf4eb07abc51ec93 ...
[info] Resolving com.jcraft#jsch;0.1.46 ...
[info] Resolving org.scala-sbt#serialization_2.10;0.1.1 ...
[info] Resolving org.scala-lang.modules#scala-pickling_2.10;0.10.0 ...
[info] Resolving org.scalamacros#quasiquotes_2.10;2.0.1 ...
[info] Resolving org.json4s#json4s-core_2.10;3.2.10 ...
[info] Resolving org.json4s#json4s-ast_2.10;3.2.10 ...
[info] Resolving com.thoughtworks.paranamer#paranamer;2.6 ...
[info] Resolving org.spire-math#jawn-parser_2.10;0.6.0 ...
[info] Resolving org.spire-math#json4s-support_2.10;0.6.0 ...
[info] Resolving org.scala-sbt#run;0.13.9 ...
[info] Resolving org.scala-sbt#task-system;0.13.9 ...
[info] Resolving org.scala-sbt#tasks;0.13.9 ...
[info] Resolving org.scala-sbt#tracking;0.13.9 ...
[info] Resolving org.scala-sbt#cache;0.13.9 ...
[info] Resolving org.scala-sbt#testing;0.13.9 ...
[info] Resolving org.scala-sbt#test-agent;0.13.9 ...
[info] Resolving org.scala-sbt#test-interface;1.0 ...
[info] Resolving org.scala-sbt#main-settings;0.13.9 ...
[info] Resolving org.scala-sbt#apply-macro;0.13.9 ...
[info] Resolving org.scala-sbt#command;0.13.9 ...
[info] Resolving org.scala-sbt#logic;0.13.9 ...
[info] Resolving org.scala-sbt#compiler-interface;0.13.9 ...
[info] Resolving org.scala-sbt#precompiled-2_8_2;0.13.9 ...
[info] Resolving org.scala-sbt#precompiled-2_9_2;0.13.9 ...
[info] Resolving org.scala-sbt#precompiled-2_9_3;0.13.9 ...
[info] Resolving org.scala-lang#jline;2.10.5 ...
[info] Resolving org.fusesource.jansi#jansi;1.4 ...
[info] Done updating.
[canve] sbt canve plugin loaded - enter `canve` in sbt, to run canve for your project
[info] Set current project to simple-2-11 (in build file:/repos/canve/extractor/sbt-plugin-integration-test/target/scala-2.11/classes/integration-test-projects/simple-2.11/)
[info] Set current project to simple-2-11 (in build file:/repos/canve/extractor/sbt-plugin-integration-test/target/scala-2.11/classes/integration-test-projects/simple-2.11/)
[info] Updating {file:/repos/canve/extractor/sbt-plugin-integration-test/target/scala-2.11/classes/integration-test-projects/simple-2.11/}simple-2-11...
[info] Updating {file:/repos/canve/extractor/sbt-plugin-integration-test/target/scala-2.11/classes/integration-test-projects/simple-2.11/}simple-2-11...
[info] Resolving org.scala-lang#scala-library;2.11.7 ...
[info] Resolving org.slf4j#slf4j-api;1.7.12 ...
[info] Resolving com.typesafe.play#play-json_2.11;2.4.1 ...
[info] Resolving com.typesafe.play#play-iteratees_2.11;2.4.1 ...
[info] Resolving org.scala-stm#scala-stm_2.11;0.7 ...
[info] Resolving com.typesafe#config;1.3.0 ...
[info] Resolving com.typesafe.play#play-functional_2.11;2.4.1 ...
[info] Resolving com.typesafe.play#play-datacommons_2.11;2.4.1 ...
[info] Resolving joda-time#joda-time;2.7 ...
[info] Resolving org.joda#joda-convert;1.7 ...
[info] Resolving org.scala-lang#scala-reflect;2.11.6 ...
[info] Resolving com.fasterxml.jackson.core#jackson-core;2.5.4 ...
[info] Resolving com.fasterxml.jackson.core#jackson-annotations;2.5.4 ...
[info] Resolving com.fasterxml.jackson.core#jackson-databind;2.5.4 ...
[info] Resolving com.fasterxml.jackson.datatype#jackson-datatype-jdk8;2.5.4 ...
[info] Resolving com.fasterxml.jackson.datatype#jackson-datatype-jsr310;2.5.4 ...
[info] Resolving org.apache.commons#commons-io;1.3.2 ...
[info] Resolving commons-io#commons-io;1.3.2 ...
[info] Resolving canve#compiler-plugin_2.11;0.0.1 ...
[info] Resolving canve#simple-graph_2.11;0.0.1 ...
[info] Resolving com.github.tototoshi#scala-csv_2.11;1.2.2 ...
[info] Resolving org.scala-lang#scala-compiler;2.11.7 ...
[info] Resolving org.scala-lang#scala-reflect;2.11.7 ...
[info] Resolving org.scala-lang.modules#scala-xml_2.11;1.0.4 ...
[info] Resolving org.scala-lang.modules#scala-parser-combinators_2.11;1.0.4 ...
[info] Resolving jline#jline;2.12.1 ...
[info] Done updating.
[info] Resolving org.scala-lang#scala-library;2.11.7 ...
[info] Resolving org.slf4j#slf4j-api;1.7.12 ...
[info] Resolving com.typesafe.play#play-json_2.11;2.4.1 ...
[info] Resolving com.typesafe.play#play-iteratees_2.11;2.4.1 ...
[info] Resolving org.scala-stm#scala-stm_2.11;0.7 ...
[info] Resolving com.typesafe#config;1.3.0 ...
[info] Resolving com.typesafe.play#play-functional_2.11;2.4.1 ...
[info] Resolving com.typesafe.play#play-datacommons_2.11;2.4.1 ...
[info] Resolving joda-time#joda-time;2.7 ...
[info] Resolving org.joda#joda-convert;1.7 ...
[info] Resolving org.scala-lang#scala-reflect;2.11.6 ...
[info] Resolving com.fasterxml.jackson.core#jackson-core;2.5.4 ...
[info] Resolving com.fasterxml.jackson.core#jackson-annotations;2.5.4 ...
[info] Resolving com.fasterxml.jackson.core#jackson-databind;2.5.4 ...
[info] Resolving com.fasterxml.jackson.datatype#jackson-datatype-jdk8;2.5.4 ...
[info] Resolving com.fasterxml.jackson.datatype#jackson-datatype-jsr310;2.5.4 ...
[info] Resolving org.apache.commons#commons-io;1.3.2 ...
[info] Resolving commons-io#commons-io;1.3.2 ...
[info] Resolving canve#compiler-plugin_2.11;0.0.1 ...
[info] Resolving canve#simple-graph_2.11;0.0.1 ...
[info] Resolving com.github.tototoshi#scala-csv_2.11;1.2.2 ...
[info] Resolving org.scala-lang#scala-compiler;2.11.7 ...
[info] Resolving org.scala-lang#scala-reflect;2.11.7 ...
[info] Resolving org.scala-lang.modules#scala-xml_2.11;1.0.4 ...
[info] Resolving org.scala-lang.modules#scala-parser-combinators_2.11;1.0.4 ...
[info] Resolving jline#jline;2.12.1 ...
[info] Done updating.
[info] Compiling 1 Scala source to /repos/canve/extractor/sbt-plugin-integration-test/target/scala-2.11/classes/integration-test-projects/simple-2.11/target/scala-2.11/classes...
[canve] instrumenting project simple-2-11...
[canve] extraction starting for project simple-2-11 (1 compilation units)
[canve] Settings {
  -d = .
  -Yrangepos = true
  -encoding = UTF-8
  -classpath = /repos/canve/extractor/sbt-plugin-integration-test/target/scala-2.11/classes/integration-test-projects/simple-2.11/target/scala-2.11/classes:/home/matan/.ivy2/cache/org.slf4j/slf4j-api/jars/slf4j-api-1.7.12.jar:/home/matan/.ivy2/cache/com.typesafe.play/play-json_2.11/jars/play-json_2.11-2.4.1.jar:/home/matan/.ivy2/cache/com.typesafe.play/play-iteratees_2.11/jars/play-iteratees_2.11-2.4.1.jar:/home/matan/.ivy2/cache/org.scala-stm/scala-stm_2.11/jars/scala-stm_2.11-0.7.jar:/home/matan/.ivy2/cache/com.typesafe/config/bundles/config-1.3.0.jar:/home/matan/.ivy2/cache/com.typesafe.play/play-functional_2.11/jars/play-functional_2.11-2.4.1.jar:/home/matan/.ivy2/cache/com.typesafe.play/play-datacommons_2.11/jars/play-datacommons_2.11-2.4.1.jar:/home/matan/.ivy2/cache/joda-time/joda-time/jars/joda-time-2.7.jar:/home/matan/.ivy2/cache/org.joda/joda-convert/jars/joda-convert-1.7.jar:/home/matan/.ivy2/cache/org.scala-lang/scala-reflect/jars/scala-reflect-2.11.6.jar:/home/matan/.ivy2/cache/com.fasterxml.jackson.core/jackson-core/bundles/jackson-core-2.5.4.jar:/home/matan/.ivy2/cache/com.fasterxml.jackson.core/jackson-annotations/bundles/jackson-annotations-2.5.4.jar:/home/matan/.ivy2/cache/com.fasterxml.jackson.core/jackson-databind/bundles/jackson-databind-2.5.4.jar:/home/matan/.ivy2/cache/com.fasterxml.jackson.datatype/jackson-datatype-jdk8/bundles/jackson-datatype-jdk8-2.5.4.jar:/home/matan/.ivy2/cache/com.fasterxml.jackson.datatype/jackson-datatype-jsr310/bundles/jackson-datatype-jsr310-2.5.4.jar:/home/matan/.ivy2/cache/commons-io/commons-io/jars/commons-io-1.3.2.jar:/home/matan/.ivy2/local/canve/compiler-plugin_2.11/0.0.1/jars/compiler-plugin_2.11.jar:/home/matan/.ivy2/local/canve/simple-graph_2.11/0.0.1/jars/simple-graph_2.11.jar:/home/matan/.ivy2/cache/com.github.tototoshi/scala-csv_2.11/jars/scala-csv_2.11-1.2.2.jar
  -Xplugin = List(/home/matan/.ivy2/local/canve/compiler-plugin_2.11/0.0.1/jars/compiler-plugin_2.11.jar)
  -P = List(canve:projectName:simple-2-11)
  -bootclasspath = /usr/lib/jvm/java-8-oracle/jre/lib/resources.jar:/usr/lib/jvm/java-8-oracle/jre/lib/rt.jar:/usr/lib/jvm/java-8-oracle/jre/lib/sunrsasign.jar:/usr/lib/jvm/java-8-oracle/jre/lib/jsse.jar:/usr/lib/jvm/java-8-oracle/jre/lib/jce.jar:/usr/lib/jvm/java-8-oracle/jre/lib/charsets.jar:/usr/lib/jvm/java-8-oracle/jre/lib/jfr.jar:/usr/lib/jvm/java-8-oracle/jre/classes:/home/matan/.ivy2/cache/org.scala-lang/scala-library/jars/scala-library-2.11.7.jar
}

[canve] examining source file/repos/canve/extractor/sbt-plugin-integration-test/target/scala-2.11/classes/integration-test-projects/simple-2.11/src/main/scala/fileUtil.scala...
[canve] ignoring Ident: package fileUtil
[canve] ignoring Ident: value fileName
[canve] ignoring Ident: value fileName
[canve] ignoring Ident: value outDir
[canve] ignoring Ident: value outDirObj
[canve] ignoring Ident: value outDir
[canve] ignoring Ident: value outDirObj
[canve] (existing node calls,performance.Counter@38e99ab4): (existing edge calls,performance.Counter@1e1fdd50)
[canve] 46 symbols so far extracted for project simple-2-11
[canve] 59 symbol relations so far extracted for project simple-2-11
[canve] writing extracted type relations and call graph for project simple-2-11...
[canve] done examining source file/repos/canve/extractor/sbt-plugin-integration-test/target/scala-2.11/classes/integration-test-projects/simple-2.11/src/main/scala/fileUtil.scala...
canve task done
