----------------------------------------------------------------------------------------------------
Following is the stdout and stderr output of the sbt process started on Sat Nov 14 14:20:59 IST 2015
----------------------------------------------------------------------------------------------------
[info] Loading global plugins from /home/matan/.sbt/0.13/plugins
[info] Loading project definition from /repos/canve/extractor/sbt-plugin-integration-test/target/scala-2.11/classes/integration-test-projects/simple-2.10/project
[canve] sbt canve plugin loaded - enter `canve` in sbt, to run canve for your project
[info] Set current project to simple-2-10 (in build file:/repos/canve/extractor/sbt-plugin-integration-test/target/scala-2.11/classes/integration-test-projects/simple-2.10/)
[info] Set current project to simple-2-10 (in build file:/repos/canve/extractor/sbt-plugin-integration-test/target/scala-2.11/classes/integration-test-projects/simple-2.10/)
[info] Updating {file:/repos/canve/extractor/sbt-plugin-integration-test/target/scala-2.11/classes/integration-test-projects/simple-2.10/}simple-2-10...
[info] Updating {file:/repos/canve/extractor/sbt-plugin-integration-test/target/scala-2.11/classes/integration-test-projects/simple-2.10/}simple-2-10...
[info] Resolving org.scala-lang#scala-library;2.10.4 ...
[info] Resolving org.slf4j#slf4j-api;1.7.12 ...
[info] Resolving com.typesafe.play#play-json_2.10;2.4.1 ...
[info] Resolving org.scala-lang#scala-library;2.10.5 ...
[info] Resolving com.typesafe.play#play-iteratees_2.10;2.4.1 ...
[info] Resolving org.scala-stm#scala-stm_2.10;0.7 ...
[info] Resolving com.typesafe#config;1.3.0 ...
[info] Resolving com.typesafe.play#play-functional_2.10;2.4.1 ...
[info] Resolving com.typesafe.play#play-datacommons_2.10;2.4.1 ...
[info] Resolving joda-time#joda-time;2.7 ...
[info] Resolving org.joda#joda-convert;1.7 ...
[info] Resolving org.scala-lang#scala-reflect;2.10.5 ...
[info] Resolving com.fasterxml.jackson.core#jackson-core;2.5.4 ...
[info] Resolving com.fasterxml.jackson.core#jackson-annotations;2.5.4 ...
[info] Resolving com.fasterxml.jackson.core#jackson-databind;2.5.4 ...
[info] Resolving com.fasterxml.jackson.datatype#jackson-datatype-jdk8;2.5.4 ...
[info] Resolving com.fasterxml.jackson.datatype#jackson-datatype-jsr310;2.5.4 ...
[info] Resolving org.apache.commons#commons-io;1.3.2 ...
[info] Resolving commons-io#commons-io;1.3.2 ...
[info] Resolving canve#compiler-plugin_2.10;0.0.1 ...
[info] Resolving canve#simple-graph_2.10;0.0.1 ...
[info] Resolving com.github.tototoshi#scala-csv_2.10;1.2.2 ...
[info] Resolving org.scala-lang#scala-compiler;2.10.4 ...
[info] Resolving org.scala-lang#scala-reflect;2.10.4 ...
[info] Resolving org.scala-lang#jline;2.10.4 ...
[info] Resolving org.fusesource.jansi#jansi;1.4 ...
[info] Done updating.
[info] Resolving org.scala-lang#scala-library;2.10.4 ...
[info] Resolving org.slf4j#slf4j-api;1.7.12 ...
[warn] Scala version was updated by one of library dependencies:
[warn] 	* org.scala-lang:scala-library:(2.10.4, 2.10.0) -> 2.10.5
[warn] To force scalaVersion, add the following:
[warn] 	ivyScala := ivyScala.value map { _.copy(overrideScalaVersion = true) }
[warn] Run 'evicted' to see detailed eviction warnings
[info] Resolving com.typesafe.play#play-json_2.10;2.4.1 ...
[info] Resolving org.scala-lang#scala-library;2.10.5 ...
[info] Resolving com.typesafe.play#play-iteratees_2.10;2.4.1 ...
[info] Resolving org.scala-stm#scala-stm_2.10;0.7 ...
[info] Resolving com.typesafe#config;1.3.0 ...
[info] Resolving com.typesafe.play#play-functional_2.10;2.4.1 ...
[info] Resolving com.typesafe.play#play-datacommons_2.10;2.4.1 ...
[info] Resolving joda-time#joda-time;2.7 ...
[info] Resolving org.joda#joda-convert;1.7 ...
[info] Resolving org.scala-lang#scala-reflect;2.10.5 ...
[info] Resolving com.fasterxml.jackson.core#jackson-core;2.5.4 ...
[info] Resolving com.fasterxml.jackson.core#jackson-annotations;2.5.4 ...
[info] Resolving com.fasterxml.jackson.core#jackson-databind;2.5.4 ...
[info] Resolving com.fasterxml.jackson.datatype#jackson-datatype-jdk8;2.5.4 ...
[info] Resolving com.fasterxml.jackson.datatype#jackson-datatype-jsr310;2.5.4 ...
[info] Resolving org.apache.commons#commons-io;1.3.2 ...
[info] Resolving commons-io#commons-io;1.3.2 ...
[info] Resolving canve#compiler-plugin_2.10;0.0.1 ...
[info] Resolving canve#simple-graph_2.10;0.0.1 ...
[info] Resolving com.github.tototoshi#scala-csv_2.10;1.2.2 ...
[info] Resolving org.scala-lang#scala-compiler;2.10.4 ...
[info] Resolving org.scala-lang#scala-reflect;2.10.4 ...
[info] Resolving org.scala-lang#jline;2.10.4 ...
[info] Resolving org.fusesource.jansi#jansi;1.4 ...
[info] Done updating.
[warn] Scala version was updated by one of library dependencies:
[warn] 	* org.scala-lang:scala-library:(2.10.4, 2.10.0) -> 2.10.5
[warn] To force scalaVersion, add the following:
[warn] 	ivyScala := ivyScala.value map { _.copy(overrideScalaVersion = true) }
[warn] Run 'evicted' to see detailed eviction warnings
[info] Compiling 1 Scala source to /repos/canve/extractor/sbt-plugin-integration-test/target/scala-2.11/classes/integration-test-projects/simple-2.10/target/scala-2.10/classes...
[canve] instrumenting project simple-2-10...
[canve] extraction starting for project simple-2-10 (1 compilation units)
[canve] Settings {
  -bootclasspath = /usr/lib/jvm/java-8-oracle/jre/lib/resources.jar:/usr/lib/jvm/java-8-oracle/jre/lib/rt.jar:/usr/lib/jvm/java-8-oracle/jre/lib/sunrsasign.jar:/usr/lib/jvm/java-8-oracle/jre/lib/jsse.jar:/usr/lib/jvm/java-8-oracle/jre/lib/jce.jar:/usr/lib/jvm/java-8-oracle/jre/lib/charsets.jar:/usr/lib/jvm/java-8-oracle/jre/lib/jfr.jar:/usr/lib/jvm/java-8-oracle/jre/classes:/home/matan/.ivy2/cache/org.scala-lang/scala-library/jars/scala-library-2.10.4.jar
  -classpath = /repos/canve/extractor/sbt-plugin-integration-test/target/scala-2.11/classes/integration-test-projects/simple-2.10/target/scala-2.10/classes:/home/matan/.ivy2/cache/org.slf4j/slf4j-api/jars/slf4j-api-1.7.12.jar:/home/matan/.ivy2/cache/com.typesafe.play/play-json_2.10/jars/play-json_2.10-2.4.1.jar:/home/matan/.ivy2/cache/com.typesafe.play/play-iteratees_2.10/jars/play-iteratees_2.10-2.4.1.jar:/home/matan/.ivy2/cache/org.scala-stm/scala-stm_2.10/jars/scala-stm_2.10-0.7.jar:/home/matan/.ivy2/cache/com.typesafe/config/bundles/config-1.3.0.jar:/home/matan/.ivy2/cache/com.typesafe.play/play-functional_2.10/jars/play-functional_2.10-2.4.1.jar:/home/matan/.ivy2/cache/com.typesafe.play/play-datacommons_2.10/jars/play-datacommons_2.10-2.4.1.jar:/home/matan/.ivy2/cache/joda-time/joda-time/jars/joda-time-2.7.jar:/home/matan/.ivy2/cache/org.joda/joda-convert/jars/joda-convert-1.7.jar:/home/matan/.sbt/boot/scala-2.10.5/lib/scala-reflect.jar:/home/matan/.ivy2/cache/com.fasterxml.jackson.core/jackson-core/bundles/jackson-core-2.5.4.jar:/home/matan/.ivy2/cache/com.fasterxml.jackson.core/jackson-annotations/bundles/jackson-annotations-2.5.4.jar:/home/matan/.ivy2/cache/com.fasterxml.jackson.core/jackson-databind/bundles/jackson-databind-2.5.4.jar:/home/matan/.ivy2/cache/com.fasterxml.jackson.datatype/jackson-datatype-jdk8/bundles/jackson-datatype-jdk8-2.5.4.jar:/home/matan/.ivy2/cache/com.fasterxml.jackson.datatype/jackson-datatype-jsr310/bundles/jackson-datatype-jsr310-2.5.4.jar:/home/matan/.ivy2/cache/commons-io/commons-io/jars/commons-io-1.3.2.jar:/home/matan/.ivy2/local/canve/compiler-plugin_2.10/0.0.1/jars/compiler-plugin_2.10.jar:/home/matan/.ivy2/local/canve/simple-graph_2.10/0.0.1/jars/simple-graph_2.10.jar:/home/matan/.ivy2/cache/com.github.tototoshi/scala-csv_2.10/jars/scala-csv_2.10-1.2.2.jar
  -d = .
  -P = List(canve:projectName:simple-2-10)
  -Yrangepos = true
  -Xplugin = List(/home/matan/.ivy2/local/canve/compiler-plugin_2.10/0.0.1/jars/compiler-plugin_2.10.jar)
  -encoding = UTF-8
}

[canve] examining source file/repos/canve/extractor/sbt-plugin-integration-test/target/scala-2.11/classes/integration-test-projects/simple-2.10/src/main/scala/fileUtil.scala...
[canve] ignoring Ident: package fileUtil
[canve] ignoring Ident: value fileName
[canve] ignoring Ident: value fileName
[canve] ignoring Ident: value outDir
[canve] ignoring Ident: value outDirObj
[canve] ignoring Ident: value outDir
[canve] ignoring Ident: value outDirObj
[canve] (existing node calls,performance.Counter@718dc5e7): (existing edge calls,performance.Counter@6fa45603)
[canve] 46 entities so far in project simple-2-10
[canve] 59 edges so far for project simple-2-10
[canve] writing extracted type relations and call graph for project simple-2-10...
[canve] done examining source file/repos/canve/extractor/sbt-plugin-integration-test/target/scala-2.11/classes/integration-test-projects/simple-2.10/src/main/scala/fileUtil.scala...
canve task done
----------------------------------------------------------------------------------------------------
Following is the stdout and stderr output of the sbt process started on Sat Nov 14 14:43:25 IST 2015
----------------------------------------------------------------------------------------------------
[info] Loading global plugins from /home/matan/.sbt/0.13/plugins
[info] Loading project definition from /repos/canve/extractor/sbt-plugin-integration-test/target/scala-2.11/classes/integration-test-projects/simple-2.10/project
[info] Updating {file:/repos/canve/extractor/sbt-plugin-integration-test/target/scala-2.11/classes/integration-test-projects/simple-2.10/project/}simple-2-10-build...
[info] Resolving org.scala-sbt#global-plugins;0.0 ...
[info] Resolving com.typesafe.sbteclipse#sbteclipse-plugin;4.0.0 ...
[info] Resolving org.scalaz#scalaz-core_2.10;7.1.0 ...
[info] Resolving org.scala-lang#scala-library;2.10.5 ...
[info] Resolving org.scalaz#scalaz-effect_2.10;7.1.0 ...
[info] Resolving com.github.mpeltonen#sbt-idea;1.6.0 ...
[info] Resolving commons-io#commons-io;2.0.1 ...
[info] Resolving com.hanhuy.sbt#key-path;0.2 ...
[info] Resolving net.virtual-void#sbt-dependency-graph;0.7.5 ...
[info] Resolving com.github.mdr#ascii-graphs_2.10;0.0.3 ...
[info] Resolving canve#sbt-plugin;0.0.1 ...
[info] Resolving canve#compiler-plugin_2.10;0.0.1 ...
[info] Resolving canve#simple-graph_2.10;0.0.1 ...
[info] Resolving com.github.tototoshi#scala-csv_2.10;1.2.2 ...
[info] Resolving org.scala-sbt#sbt;0.13.9 ...
[info] Resolving org.scala-sbt#main;0.13.9 ...
[info] Resolving org.scala-sbt#actions;0.13.9 ...
[info] Resolving org.scala-sbt#classpath;0.13.9 ...
[info] Resolving org.scala-lang#scala-compiler;2.10.5 ...
[info] Resolving org.scala-lang#scala-reflect;2.10.5 ...
[info] Resolving org.scala-sbt#interface;0.13.9 ...
[info] Resolving org.scala-sbt#io;0.13.9 ...
[info] Resolving org.scala-sbt#control;0.13.9 ...
[info] Resolving org.scala-sbt#launcher-interface;1.0.0-M1 ...
[info] Resolving org.scala-sbt#completion;0.13.9 ...
[info] Resolving org.scala-sbt#collections;0.13.9 ...
[info] Resolving jline#jline;2.11 ...
[info] Resolving org.scala-sbt#api;0.13.9 ...
[info] Resolving org.scala-sbt#compiler-integration;0.13.9 ...
[info] Resolving org.scala-sbt#incremental-compiler;0.13.9 ...
[info] Resolving org.scala-sbt#logging;0.13.9 ...
[info] Resolving org.scala-sbt#process;0.13.9 ...
[info] Resolving org.scala-sbt#relation;0.13.9 ...
[info] Resolving org.scala-sbt#compile;0.13.9 ...
[info] Resolving org.scala-sbt#classfile;0.13.9 ...
[info] Resolving org.scala-sbt#persist;0.13.9 ...
[info] Resolving org.scala-tools.sbinary#sbinary_2.10;0.4.2 ...
[info] Resolving org.scala-sbt#compiler-ivy-integration;0.13.9 ...
[info] Resolving org.scala-sbt#ivy;0.13.9 ...
[info] Resolving org.scala-sbt#cross;0.13.9 ...
[info] Resolving org.scala-sbt.ivy#ivy;2.3.0-sbt-c5d1b95fdcc1e1007740ffbecf4eb07abc51ec93 ...
[info] Resolving com.jcraft#jsch;0.1.46 ...
[info] Resolving org.scala-sbt#serialization_2.10;0.1.1 ...
[info] Resolving org.scala-lang.modules#scala-pickling_2.10;0.10.0 ...
[info] Resolving org.scalamacros#quasiquotes_2.10;2.0.1 ...
[info] Resolving org.json4s#json4s-core_2.10;3.2.10 ...
[info] Resolving org.json4s#json4s-ast_2.10;3.2.10 ...
[info] Resolving com.thoughtworks.paranamer#paranamer;2.6 ...
[info] Resolving org.spire-math#jawn-parser_2.10;0.6.0 ...
[info] Resolving org.spire-math#json4s-support_2.10;0.6.0 ...
[info] Resolving org.scala-sbt#run;0.13.9 ...
[info] Resolving org.scala-sbt#task-system;0.13.9 ...
[info] Resolving org.scala-sbt#tasks;0.13.9 ...
[info] Resolving org.scala-sbt#tracking;0.13.9 ...
[info] Resolving org.scala-sbt#cache;0.13.9 ...
[info] Resolving org.scala-sbt#testing;0.13.9 ...
[info] Resolving org.scala-sbt#test-agent;0.13.9 ...
[info] Resolving org.scala-sbt#test-interface;1.0 ...
[info] Resolving org.scala-sbt#main-settings;0.13.9 ...
[info] Resolving org.scala-sbt#apply-macro;0.13.9 ...
[info] Resolving org.scala-sbt#command;0.13.9 ...
[info] Resolving org.scala-sbt#logic;0.13.9 ...
[info] Resolving org.scala-sbt#compiler-interface;0.13.9 ...
[info] Resolving org.scala-sbt#precompiled-2_8_2;0.13.9 ...
[info] Resolving org.scala-sbt#precompiled-2_9_2;0.13.9 ...
[info] Resolving org.scala-sbt#precompiled-2_9_3;0.13.9 ...
[info] Resolving org.scala-lang#jline;2.10.5 ...
[info] Resolving org.fusesource.jansi#jansi;1.4 ...
[info] Done updating.
[canve] sbt canve plugin loaded - enter `canve` in sbt, to run canve for your project
[info] Set current project to simple-2-10 (in build file:/repos/canve/extractor/sbt-plugin-integration-test/target/scala-2.11/classes/integration-test-projects/simple-2.10/)
[info] Set current project to simple-2-10 (in build file:/repos/canve/extractor/sbt-plugin-integration-test/target/scala-2.11/classes/integration-test-projects/simple-2.10/)
[info] Updating {file:/repos/canve/extractor/sbt-plugin-integration-test/target/scala-2.11/classes/integration-test-projects/simple-2.10/}simple-2-10...
[info] Updating {file:/repos/canve/extractor/sbt-plugin-integration-test/target/scala-2.11/classes/integration-test-projects/simple-2.10/}simple-2-10...
[info] Resolving org.scala-lang#scala-library;2.10.4 ...
[info] Resolving org.slf4j#slf4j-api;1.7.12 ...
[info] Resolving com.typesafe.play#play-json_2.10;2.4.1 ...
[info] Resolving org.scala-lang#scala-library;2.10.5 ...
[info] Resolving com.typesafe.play#play-iteratees_2.10;2.4.1 ...
[info] Resolving org.scala-stm#scala-stm_2.10;0.7 ...
[info] Resolving com.typesafe#config;1.3.0 ...
[info] Resolving com.typesafe.play#play-functional_2.10;2.4.1 ...
[info] Resolving com.typesafe.play#play-datacommons_2.10;2.4.1 ...
[info] Resolving joda-time#joda-time;2.7 ...
[info] Resolving org.joda#joda-convert;1.7 ...
[info] Resolving org.scala-lang#scala-reflect;2.10.5 ...
[info] Resolving com.fasterxml.jackson.core#jackson-core;2.5.4 ...
[info] Resolving com.fasterxml.jackson.core#jackson-annotations;2.5.4 ...
[info] Resolving com.fasterxml.jackson.core#jackson-databind;2.5.4 ...
[info] Resolving com.fasterxml.jackson.datatype#jackson-datatype-jdk8;2.5.4 ...
[info] Resolving com.fasterxml.jackson.datatype#jackson-datatype-jsr310;2.5.4 ...
[info] Resolving org.apache.commons#commons-io;1.3.2 ...
[info] Resolving commons-io#commons-io;1.3.2 ...
[info] Resolving canve#compiler-plugin_2.10;0.0.1 ...
[info] Resolving canve#simple-graph_2.10;0.0.1 ...
[info] Resolving com.github.tototoshi#scala-csv_2.10;1.2.2 ...
[info] Resolving org.scala-lang#scala-compiler;2.10.4 ...
[info] Resolving org.scala-lang#scala-reflect;2.10.4 ...
[info] Resolving org.scala-lang#jline;2.10.4 ...
[info] Resolving org.fusesource.jansi#jansi;1.4 ...
[info] Done updating.
[info] Resolving org.scala-lang#scala-library;2.10.4 ...
[warn] Scala version was updated by one of library dependencies:
[warn] 	* org.scala-lang:scala-library:(2.10.4, 2.10.0) -> 2.10.5
[warn] To force scalaVersion, add the following:
[warn] 	ivyScala := ivyScala.value map { _.copy(overrideScalaVersion = true) }
[warn] Run 'evicted' to see detailed eviction warnings
[info] Resolving org.slf4j#slf4j-api;1.7.12 ...
[info] Resolving com.typesafe.play#play-json_2.10;2.4.1 ...
[info] Resolving org.scala-lang#scala-library;2.10.5 ...
[info] Resolving com.typesafe.play#play-iteratees_2.10;2.4.1 ...
[info] Resolving org.scala-stm#scala-stm_2.10;0.7 ...
[info] Resolving com.typesafe#config;1.3.0 ...
[info] Resolving com.typesafe.play#play-functional_2.10;2.4.1 ...
[info] Resolving com.typesafe.play#play-datacommons_2.10;2.4.1 ...
[info] Resolving joda-time#joda-time;2.7 ...
[info] Resolving org.joda#joda-convert;1.7 ...
[info] Resolving org.scala-lang#scala-reflect;2.10.5 ...
[info] Resolving com.fasterxml.jackson.core#jackson-core;2.5.4 ...
[info] Resolving com.fasterxml.jackson.core#jackson-annotations;2.5.4 ...
[info] Resolving com.fasterxml.jackson.core#jackson-databind;2.5.4 ...
[info] Resolving com.fasterxml.jackson.datatype#jackson-datatype-jdk8;2.5.4 ...
[info] Resolving com.fasterxml.jackson.datatype#jackson-datatype-jsr310;2.5.4 ...
[info] Resolving org.apache.commons#commons-io;1.3.2 ...
[info] Resolving commons-io#commons-io;1.3.2 ...
[info] Resolving canve#compiler-plugin_2.10;0.0.1 ...
[info] Resolving canve#simple-graph_2.10;0.0.1 ...
[info] Resolving com.github.tototoshi#scala-csv_2.10;1.2.2 ...
[info] Resolving org.scala-lang#scala-compiler;2.10.4 ...
[info] Resolving org.scala-lang#scala-reflect;2.10.4 ...
[info] Resolving org.scala-lang#jline;2.10.4 ...
[info] Resolving org.fusesource.jansi#jansi;1.4 ...
[info] Done updating.
[warn] Scala version was updated by one of library dependencies:
[warn] 	* org.scala-lang:scala-library:(2.10.4, 2.10.0) -> 2.10.5
[warn] To force scalaVersion, add the following:
[warn] 	ivyScala := ivyScala.value map { _.copy(overrideScalaVersion = true) }
[warn] Run 'evicted' to see detailed eviction warnings
[info] Compiling 1 Scala source to /repos/canve/extractor/sbt-plugin-integration-test/target/scala-2.11/classes/integration-test-projects/simple-2.10/target/scala-2.10/classes...
[canve] instrumenting project simple-2-10...
[canve] extraction starting for project simple-2-10 (1 compilation units)
[canve] Settings {
  -bootclasspath = /usr/lib/jvm/java-8-oracle/jre/lib/resources.jar:/usr/lib/jvm/java-8-oracle/jre/lib/rt.jar:/usr/lib/jvm/java-8-oracle/jre/lib/sunrsasign.jar:/usr/lib/jvm/java-8-oracle/jre/lib/jsse.jar:/usr/lib/jvm/java-8-oracle/jre/lib/jce.jar:/usr/lib/jvm/java-8-oracle/jre/lib/charsets.jar:/usr/lib/jvm/java-8-oracle/jre/lib/jfr.jar:/usr/lib/jvm/java-8-oracle/jre/classes:/home/matan/.ivy2/cache/org.scala-lang/scala-library/jars/scala-library-2.10.4.jar
  -classpath = /repos/canve/extractor/sbt-plugin-integration-test/target/scala-2.11/classes/integration-test-projects/simple-2.10/target/scala-2.10/classes:/home/matan/.ivy2/cache/org.slf4j/slf4j-api/jars/slf4j-api-1.7.12.jar:/home/matan/.ivy2/cache/com.typesafe.play/play-json_2.10/jars/play-json_2.10-2.4.1.jar:/home/matan/.ivy2/cache/com.typesafe.play/play-iteratees_2.10/jars/play-iteratees_2.10-2.4.1.jar:/home/matan/.ivy2/cache/org.scala-stm/scala-stm_2.10/jars/scala-stm_2.10-0.7.jar:/home/matan/.ivy2/cache/com.typesafe/config/bundles/config-1.3.0.jar:/home/matan/.ivy2/cache/com.typesafe.play/play-functional_2.10/jars/play-functional_2.10-2.4.1.jar:/home/matan/.ivy2/cache/com.typesafe.play/play-datacommons_2.10/jars/play-datacommons_2.10-2.4.1.jar:/home/matan/.ivy2/cache/joda-time/joda-time/jars/joda-time-2.7.jar:/home/matan/.ivy2/cache/org.joda/joda-convert/jars/joda-convert-1.7.jar:/home/matan/.sbt/boot/scala-2.10.5/lib/scala-reflect.jar:/home/matan/.ivy2/cache/com.fasterxml.jackson.core/jackson-core/bundles/jackson-core-2.5.4.jar:/home/matan/.ivy2/cache/com.fasterxml.jackson.core/jackson-annotations/bundles/jackson-annotations-2.5.4.jar:/home/matan/.ivy2/cache/com.fasterxml.jackson.core/jackson-databind/bundles/jackson-databind-2.5.4.jar:/home/matan/.ivy2/cache/com.fasterxml.jackson.datatype/jackson-datatype-jdk8/bundles/jackson-datatype-jdk8-2.5.4.jar:/home/matan/.ivy2/cache/com.fasterxml.jackson.datatype/jackson-datatype-jsr310/bundles/jackson-datatype-jsr310-2.5.4.jar:/home/matan/.ivy2/cache/commons-io/commons-io/jars/commons-io-1.3.2.jar:/home/matan/.ivy2/local/canve/compiler-plugin_2.10/0.0.1/jars/compiler-plugin_2.10.jar:/home/matan/.ivy2/local/canve/simple-graph_2.10/0.0.1/jars/simple-graph_2.10.jar:/home/matan/.ivy2/cache/com.github.tototoshi/scala-csv_2.10/jars/scala-csv_2.10-1.2.2.jar
  -d = .
  -P = List(canve:projectName:simple-2-10)
  -Yrangepos = true
  -Xplugin = List(/home/matan/.ivy2/local/canve/compiler-plugin_2.10/0.0.1/jars/compiler-plugin_2.10.jar)
  -encoding = UTF-8
}

[canve] examining source file/repos/canve/extractor/sbt-plugin-integration-test/target/scala-2.11/classes/integration-test-projects/simple-2.10/src/main/scala/fileUtil.scala...
[canve] ignoring Ident: package fileUtil
[canve] ignoring Ident: value fileName
[canve] ignoring Ident: value fileName
[canve] ignoring Ident: value outDir
[canve] ignoring Ident: value outDirObj
[canve] ignoring Ident: value outDir
[canve] ignoring Ident: value outDirObj
[canve] (existing node calls,performance.Counter@5c31b786): (existing edge calls,performance.Counter@73c20459)
[canve] 46 entities so far in project simple-2-10
[canve] 59 edges so far for project simple-2-10
[canve] writing extracted type relations and call graph for project simple-2-10...
[canve] done examining source file/repos/canve/extractor/sbt-plugin-integration-test/target/scala-2.11/classes/integration-test-projects/simple-2.10/src/main/scala/fileUtil.scala...
canve task done
----------------------------------------------------------------------------------------------------
Following is the stdout and stderr output of the sbt process started on Sat Nov 14 14:54:10 IST 2015
----------------------------------------------------------------------------------------------------
[info] Loading global plugins from /home/matan/.sbt/0.13/plugins
[info] Loading project definition from /repos/canve/extractor/sbt-plugin-integration-test/target/scala-2.11/classes/integration-test-projects/simple-2.10/project
[info] Updating {file:/repos/canve/extractor/sbt-plugin-integration-test/target/scala-2.11/classes/integration-test-projects/simple-2.10/project/}simple-2-10-build...
[info] Resolving org.scala-sbt#global-plugins;0.0 ...
[info] Resolving com.typesafe.sbteclipse#sbteclipse-plugin;4.0.0 ...
[info] Resolving org.scalaz#scalaz-core_2.10;7.1.0 ...
[info] Resolving org.scala-lang#scala-library;2.10.5 ...
[info] Resolving org.scalaz#scalaz-effect_2.10;7.1.0 ...
[info] Resolving com.github.mpeltonen#sbt-idea;1.6.0 ...
[info] Resolving commons-io#commons-io;2.0.1 ...
[info] Resolving com.hanhuy.sbt#key-path;0.2 ...
[info] Resolving net.virtual-void#sbt-dependency-graph;0.7.5 ...
[info] Resolving com.github.mdr#ascii-graphs_2.10;0.0.3 ...
[info] Resolving canve#sbt-plugin;0.0.1 ...
[info] Resolving canve#compiler-plugin_2.10;0.0.1 ...
[info] Resolving canve#simple-graph_2.10;0.0.1 ...
[info] Resolving com.github.tototoshi#scala-csv_2.10;1.2.2 ...
[info] Resolving org.scala-sbt#sbt;0.13.9 ...
[info] Resolving org.scala-sbt#main;0.13.9 ...
[info] Resolving org.scala-sbt#actions;0.13.9 ...
[info] Resolving org.scala-sbt#classpath;0.13.9 ...
[info] Resolving org.scala-lang#scala-compiler;2.10.5 ...
[info] Resolving org.scala-lang#scala-reflect;2.10.5 ...
[info] Resolving org.scala-sbt#interface;0.13.9 ...
[info] Resolving org.scala-sbt#io;0.13.9 ...
[info] Resolving org.scala-sbt#control;0.13.9 ...
[info] Resolving org.scala-sbt#launcher-interface;1.0.0-M1 ...
[info] Resolving org.scala-sbt#completion;0.13.9 ...
[info] Resolving org.scala-sbt#collections;0.13.9 ...
[info] Resolving jline#jline;2.11 ...
[info] Resolving org.scala-sbt#api;0.13.9 ...
[info] Resolving org.scala-sbt#compiler-integration;0.13.9 ...
[info] Resolving org.scala-sbt#incremental-compiler;0.13.9 ...
[info] Resolving org.scala-sbt#logging;0.13.9 ...
[info] Resolving org.scala-sbt#process;0.13.9 ...
[info] Resolving org.scala-sbt#relation;0.13.9 ...
[info] Resolving org.scala-sbt#compile;0.13.9 ...
[info] Resolving org.scala-sbt#classfile;0.13.9 ...
[info] Resolving org.scala-sbt#persist;0.13.9 ...
[info] Resolving org.scala-tools.sbinary#sbinary_2.10;0.4.2 ...
[info] Resolving org.scala-sbt#compiler-ivy-integration;0.13.9 ...
[info] Resolving org.scala-sbt#ivy;0.13.9 ...
[info] Resolving org.scala-sbt#cross;0.13.9 ...
[info] Resolving org.scala-sbt.ivy#ivy;2.3.0-sbt-c5d1b95fdcc1e1007740ffbecf4eb07abc51ec93 ...
[info] Resolving com.jcraft#jsch;0.1.46 ...
[info] Resolving org.scala-sbt#serialization_2.10;0.1.1 ...
[info] Resolving org.scala-lang.modules#scala-pickling_2.10;0.10.0 ...
[info] Resolving org.scalamacros#quasiquotes_2.10;2.0.1 ...
[info] Resolving org.json4s#json4s-core_2.10;3.2.10 ...
[info] Resolving org.json4s#json4s-ast_2.10;3.2.10 ...
[info] Resolving com.thoughtworks.paranamer#paranamer;2.6 ...
[info] Resolving org.spire-math#jawn-parser_2.10;0.6.0 ...
[info] Resolving org.spire-math#json4s-support_2.10;0.6.0 ...
[info] Resolving org.scala-sbt#run;0.13.9 ...
[info] Resolving org.scala-sbt#task-system;0.13.9 ...
[info] Resolving org.scala-sbt#tasks;0.13.9 ...
[info] Resolving org.scala-sbt#tracking;0.13.9 ...
[info] Resolving org.scala-sbt#cache;0.13.9 ...
[info] Resolving org.scala-sbt#testing;0.13.9 ...
[info] Resolving org.scala-sbt#test-agent;0.13.9 ...
[info] Resolving org.scala-sbt#test-interface;1.0 ...
[info] Resolving org.scala-sbt#main-settings;0.13.9 ...
[info] Resolving org.scala-sbt#apply-macro;0.13.9 ...
[info] Resolving org.scala-sbt#command;0.13.9 ...
[info] Resolving org.scala-sbt#logic;0.13.9 ...
[info] Resolving org.scala-sbt#compiler-interface;0.13.9 ...
[info] Resolving org.scala-sbt#precompiled-2_8_2;0.13.9 ...
[info] Resolving org.scala-sbt#precompiled-2_9_2;0.13.9 ...
[info] Resolving org.scala-sbt#precompiled-2_9_3;0.13.9 ...
[info] Resolving org.scala-lang#jline;2.10.5 ...
[info] Resolving org.fusesource.jansi#jansi;1.4 ...
[info] Done updating.
[canve] sbt canve plugin loaded - enter `canve` in sbt, to run canve for your project
[info] Set current project to simple-2-10 (in build file:/repos/canve/extractor/sbt-plugin-integration-test/target/scala-2.11/classes/integration-test-projects/simple-2.10/)
[info] Set current project to simple-2-10 (in build file:/repos/canve/extractor/sbt-plugin-integration-test/target/scala-2.11/classes/integration-test-projects/simple-2.10/)
[info] Updating {file:/repos/canve/extractor/sbt-plugin-integration-test/target/scala-2.11/classes/integration-test-projects/simple-2.10/}simple-2-10...
[info] Updating {file:/repos/canve/extractor/sbt-plugin-integration-test/target/scala-2.11/classes/integration-test-projects/simple-2.10/}simple-2-10...
[info] Resolving org.scala-lang#scala-library;2.10.4 ...
[info] Resolving org.slf4j#slf4j-api;1.7.12 ...
[info] Resolving com.typesafe.play#play-json_2.10;2.4.1 ...
[info] Resolving org.scala-lang#scala-library;2.10.5 ...
[info] Resolving com.typesafe.play#play-iteratees_2.10;2.4.1 ...
[info] Resolving org.scala-stm#scala-stm_2.10;0.7 ...
[info] Resolving com.typesafe#config;1.3.0 ...
[info] Resolving com.typesafe.play#play-functional_2.10;2.4.1 ...
[info] Resolving com.typesafe.play#play-datacommons_2.10;2.4.1 ...
[info] Resolving joda-time#joda-time;2.7 ...
[info] Resolving org.joda#joda-convert;1.7 ...
[info] Resolving org.scala-lang#scala-reflect;2.10.5 ...
[info] Resolving com.fasterxml.jackson.core#jackson-core;2.5.4 ...
[info] Resolving com.fasterxml.jackson.core#jackson-annotations;2.5.4 ...
[info] Resolving com.fasterxml.jackson.core#jackson-databind;2.5.4 ...
[info] Resolving com.fasterxml.jackson.datatype#jackson-datatype-jdk8;2.5.4 ...
[info] Resolving com.fasterxml.jackson.datatype#jackson-datatype-jsr310;2.5.4 ...
[info] Resolving org.apache.commons#commons-io;1.3.2 ...
[info] Resolving commons-io#commons-io;1.3.2 ...
[info] Resolving canve#compiler-plugin_2.10;0.0.1 ...
[info] Resolving canve#simple-graph_2.10;0.0.1 ...
[info] Resolving com.github.tototoshi#scala-csv_2.10;1.2.2 ...
[info] Resolving org.scala-lang#scala-compiler;2.10.4 ...
[info] Resolving org.scala-lang#scala-reflect;2.10.4 ...
[info] Resolving org.scala-lang#jline;2.10.4 ...
[info] Resolving org.fusesource.jansi#jansi;1.4 ...
[info] Done updating.
[info] Resolving org.scala-lang#scala-library;2.10.4 ...
[warn] Scala version was updated by one of library dependencies:
[warn] 	* org.scala-lang:scala-library:(2.10.4, 2.10.0) -> 2.10.5
[warn] To force scalaVersion, add the following:
[warn] 	ivyScala := ivyScala.value map { _.copy(overrideScalaVersion = true) }
[warn] Run 'evicted' to see detailed eviction warnings
[info] Resolving org.slf4j#slf4j-api;1.7.12 ...
[info] Resolving com.typesafe.play#play-json_2.10;2.4.1 ...
[info] Resolving org.scala-lang#scala-library;2.10.5 ...
[info] Resolving com.typesafe.play#play-iteratees_2.10;2.4.1 ...
[info] Resolving org.scala-stm#scala-stm_2.10;0.7 ...
[info] Resolving com.typesafe#config;1.3.0 ...
[info] Resolving com.typesafe.play#play-functional_2.10;2.4.1 ...
[info] Resolving com.typesafe.play#play-datacommons_2.10;2.4.1 ...
[info] Resolving joda-time#joda-time;2.7 ...
[info] Resolving org.joda#joda-convert;1.7 ...
[info] Resolving org.scala-lang#scala-reflect;2.10.5 ...
[info] Resolving com.fasterxml.jackson.core#jackson-core;2.5.4 ...
[info] Resolving com.fasterxml.jackson.core#jackson-annotations;2.5.4 ...
[info] Resolving com.fasterxml.jackson.core#jackson-databind;2.5.4 ...
[info] Resolving com.fasterxml.jackson.datatype#jackson-datatype-jdk8;2.5.4 ...
[info] Resolving com.fasterxml.jackson.datatype#jackson-datatype-jsr310;2.5.4 ...
[info] Resolving org.apache.commons#commons-io;1.3.2 ...
[info] Resolving commons-io#commons-io;1.3.2 ...
[info] Resolving canve#compiler-plugin_2.10;0.0.1 ...
[info] Resolving canve#simple-graph_2.10;0.0.1 ...
[info] Resolving com.github.tototoshi#scala-csv_2.10;1.2.2 ...
[info] Resolving org.scala-lang#scala-compiler;2.10.4 ...
[info] Resolving org.scala-lang#scala-reflect;2.10.4 ...
[info] Resolving org.scala-lang#jline;2.10.4 ...
[info] Resolving org.fusesource.jansi#jansi;1.4 ...
[info] Done updating.
[warn] Scala version was updated by one of library dependencies:
[warn] 	* org.scala-lang:scala-library:(2.10.4, 2.10.0) -> 2.10.5
[warn] To force scalaVersion, add the following:
[warn] 	ivyScala := ivyScala.value map { _.copy(overrideScalaVersion = true) }
[warn] Run 'evicted' to see detailed eviction warnings
[info] Compiling 1 Scala source to /repos/canve/extractor/sbt-plugin-integration-test/target/scala-2.11/classes/integration-test-projects/simple-2.10/target/scala-2.10/classes...
[canve] instrumenting project simple-2-10...
[canve] extraction starting for project simple-2-10 (1 compilation units)
[canve] Settings {
  -bootclasspath = /usr/lib/jvm/java-8-oracle/jre/lib/resources.jar:/usr/lib/jvm/java-8-oracle/jre/lib/rt.jar:/usr/lib/jvm/java-8-oracle/jre/lib/sunrsasign.jar:/usr/lib/jvm/java-8-oracle/jre/lib/jsse.jar:/usr/lib/jvm/java-8-oracle/jre/lib/jce.jar:/usr/lib/jvm/java-8-oracle/jre/lib/charsets.jar:/usr/lib/jvm/java-8-oracle/jre/lib/jfr.jar:/usr/lib/jvm/java-8-oracle/jre/classes:/home/matan/.ivy2/cache/org.scala-lang/scala-library/jars/scala-library-2.10.4.jar
  -classpath = /repos/canve/extractor/sbt-plugin-integration-test/target/scala-2.11/classes/integration-test-projects/simple-2.10/target/scala-2.10/classes:/home/matan/.ivy2/cache/org.slf4j/slf4j-api/jars/slf4j-api-1.7.12.jar:/home/matan/.ivy2/cache/com.typesafe.play/play-json_2.10/jars/play-json_2.10-2.4.1.jar:/home/matan/.ivy2/cache/com.typesafe.play/play-iteratees_2.10/jars/play-iteratees_2.10-2.4.1.jar:/home/matan/.ivy2/cache/org.scala-stm/scala-stm_2.10/jars/scala-stm_2.10-0.7.jar:/home/matan/.ivy2/cache/com.typesafe/config/bundles/config-1.3.0.jar:/home/matan/.ivy2/cache/com.typesafe.play/play-functional_2.10/jars/play-functional_2.10-2.4.1.jar:/home/matan/.ivy2/cache/com.typesafe.play/play-datacommons_2.10/jars/play-datacommons_2.10-2.4.1.jar:/home/matan/.ivy2/cache/joda-time/joda-time/jars/joda-time-2.7.jar:/home/matan/.ivy2/cache/org.joda/joda-convert/jars/joda-convert-1.7.jar:/home/matan/.sbt/boot/scala-2.10.5/lib/scala-reflect.jar:/home/matan/.ivy2/cache/com.fasterxml.jackson.core/jackson-core/bundles/jackson-core-2.5.4.jar:/home/matan/.ivy2/cache/com.fasterxml.jackson.core/jackson-annotations/bundles/jackson-annotations-2.5.4.jar:/home/matan/.ivy2/cache/com.fasterxml.jackson.core/jackson-databind/bundles/jackson-databind-2.5.4.jar:/home/matan/.ivy2/cache/com.fasterxml.jackson.datatype/jackson-datatype-jdk8/bundles/jackson-datatype-jdk8-2.5.4.jar:/home/matan/.ivy2/cache/com.fasterxml.jackson.datatype/jackson-datatype-jsr310/bundles/jackson-datatype-jsr310-2.5.4.jar:/home/matan/.ivy2/cache/commons-io/commons-io/jars/commons-io-1.3.2.jar:/home/matan/.ivy2/local/canve/compiler-plugin_2.10/0.0.1/jars/compiler-plugin_2.10.jar:/home/matan/.ivy2/local/canve/simple-graph_2.10/0.0.1/jars/simple-graph_2.10.jar:/home/matan/.ivy2/cache/com.github.tototoshi/scala-csv_2.10/jars/scala-csv_2.10-1.2.2.jar
  -d = .
  -P = List(canve:projectName:simple-2-10)
  -Yrangepos = true
  -Xplugin = List(/home/matan/.ivy2/local/canve/compiler-plugin_2.10/0.0.1/jars/compiler-plugin_2.10.jar)
  -encoding = UTF-8
}

[canve] examining source file/repos/canve/extractor/sbt-plugin-integration-test/target/scala-2.11/classes/integration-test-projects/simple-2.10/src/main/scala/fileUtil.scala...
[canve] ignoring Ident: package fileUtil
[canve] ignoring Ident: value fileName
[canve] ignoring Ident: value fileName
[canve] ignoring Ident: value outDir
[canve] ignoring Ident: value outDirObj
[canve] ignoring Ident: value outDir
[canve] ignoring Ident: value outDirObj
[canve] (existing node calls,performance.Counter@6db1a07f): (existing edge calls,performance.Counter@47d11ec8)
[canve] 46 entities so far in project simple-2-10
[canve] 59 edges so far for project simple-2-10
[canve] writing extracted type relations and call graph for project simple-2-10...
[canve] done examining source file/repos/canve/extractor/sbt-plugin-integration-test/target/scala-2.11/classes/integration-test-projects/simple-2.10/src/main/scala/fileUtil.scala...
canve task done
----------------------------------------------------------------------------------------------------
Following is the stdout and stderr output of the sbt process started on Sat Nov 14 14:58:48 IST 2015
----------------------------------------------------------------------------------------------------
[info] Loading global plugins from /home/matan/.sbt/0.13/plugins
[info] Loading project definition from /repos/canve/extractor/sbt-plugin-integration-test/target/scala-2.11/classes/integration-test-projects/simple-2.10/project
[info] Updating {file:/repos/canve/extractor/sbt-plugin-integration-test/target/scala-2.11/classes/integration-test-projects/simple-2.10/project/}simple-2-10-build...
[info] Resolving org.scala-sbt#global-plugins;0.0 ...
[info] Resolving com.typesafe.sbteclipse#sbteclipse-plugin;4.0.0 ...
[info] Resolving org.scalaz#scalaz-core_2.10;7.1.0 ...
[info] Resolving org.scala-lang#scala-library;2.10.5 ...
[info] Resolving org.scalaz#scalaz-effect_2.10;7.1.0 ...
[info] Resolving com.github.mpeltonen#sbt-idea;1.6.0 ...
[info] Resolving commons-io#commons-io;2.0.1 ...
[info] Resolving com.hanhuy.sbt#key-path;0.2 ...
[info] Resolving net.virtual-void#sbt-dependency-graph;0.7.5 ...
[info] Resolving com.github.mdr#ascii-graphs_2.10;0.0.3 ...
[info] Resolving canve#sbt-plugin;0.0.1 ...
[info] Resolving canve#compiler-plugin_2.10;0.0.1 ...
[info] Resolving canve#simple-graph_2.10;0.0.1 ...
[info] Resolving com.github.tototoshi#scala-csv_2.10;1.2.2 ...
[info] Resolving org.scala-sbt#sbt;0.13.9 ...
[info] Resolving org.scala-sbt#main;0.13.9 ...
[info] Resolving org.scala-sbt#actions;0.13.9 ...
[info] Resolving org.scala-sbt#classpath;0.13.9 ...
[info] Resolving org.scala-lang#scala-compiler;2.10.5 ...
[info] Resolving org.scala-lang#scala-reflect;2.10.5 ...
[info] Resolving org.scala-sbt#interface;0.13.9 ...
[info] Resolving org.scala-sbt#io;0.13.9 ...
[info] Resolving org.scala-sbt#control;0.13.9 ...
[info] Resolving org.scala-sbt#launcher-interface;1.0.0-M1 ...
[info] Resolving org.scala-sbt#completion;0.13.9 ...
[info] Resolving org.scala-sbt#collections;0.13.9 ...
[info] Resolving jline#jline;2.11 ...
[info] Resolving org.scala-sbt#api;0.13.9 ...
[info] Resolving org.scala-sbt#compiler-integration;0.13.9 ...
[info] Resolving org.scala-sbt#incremental-compiler;0.13.9 ...
[info] Resolving org.scala-sbt#logging;0.13.9 ...
[info] Resolving org.scala-sbt#process;0.13.9 ...
[info] Resolving org.scala-sbt#relation;0.13.9 ...
[info] Resolving org.scala-sbt#compile;0.13.9 ...
[info] Resolving org.scala-sbt#classfile;0.13.9 ...
[info] Resolving org.scala-sbt#persist;0.13.9 ...
[info] Resolving org.scala-tools.sbinary#sbinary_2.10;0.4.2 ...
[info] Resolving org.scala-sbt#compiler-ivy-integration;0.13.9 ...
[info] Resolving org.scala-sbt#ivy;0.13.9 ...
[info] Resolving org.scala-sbt#cross;0.13.9 ...
[info] Resolving org.scala-sbt.ivy#ivy;2.3.0-sbt-c5d1b95fdcc1e1007740ffbecf4eb07abc51ec93 ...
[info] Resolving com.jcraft#jsch;0.1.46 ...
[info] Resolving org.scala-sbt#serialization_2.10;0.1.1 ...
[info] Resolving org.scala-lang.modules#scala-pickling_2.10;0.10.0 ...
[info] Resolving org.scalamacros#quasiquotes_2.10;2.0.1 ...
[info] Resolving org.json4s#json4s-core_2.10;3.2.10 ...
[info] Resolving org.json4s#json4s-ast_2.10;3.2.10 ...
[info] Resolving com.thoughtworks.paranamer#paranamer;2.6 ...
[info] Resolving org.spire-math#jawn-parser_2.10;0.6.0 ...
[info] Resolving org.spire-math#json4s-support_2.10;0.6.0 ...
[info] Resolving org.scala-sbt#run;0.13.9 ...
[info] Resolving org.scala-sbt#task-system;0.13.9 ...
[info] Resolving org.scala-sbt#tasks;0.13.9 ...
[info] Resolving org.scala-sbt#tracking;0.13.9 ...
[info] Resolving org.scala-sbt#cache;0.13.9 ...
[info] Resolving org.scala-sbt#testing;0.13.9 ...
[info] Resolving org.scala-sbt#test-agent;0.13.9 ...
[info] Resolving org.scala-sbt#test-interface;1.0 ...
[info] Resolving org.scala-sbt#main-settings;0.13.9 ...
[info] Resolving org.scala-sbt#apply-macro;0.13.9 ...
[info] Resolving org.scala-sbt#command;0.13.9 ...
[info] Resolving org.scala-sbt#logic;0.13.9 ...
[info] Resolving org.scala-sbt#compiler-interface;0.13.9 ...
[info] Resolving org.scala-sbt#precompiled-2_8_2;0.13.9 ...
[info] Resolving org.scala-sbt#precompiled-2_9_2;0.13.9 ...
[info] Resolving org.scala-sbt#precompiled-2_9_3;0.13.9 ...
[info] Resolving org.scala-lang#jline;2.10.5 ...
[info] Resolving org.fusesource.jansi#jansi;1.4 ...
[info] Done updating.
[canve] sbt canve plugin loaded - enter `canve` in sbt, to run canve for your project
[info] Set current project to simple-2-10 (in build file:/repos/canve/extractor/sbt-plugin-integration-test/target/scala-2.11/classes/integration-test-projects/simple-2.10/)
[info] Set current project to simple-2-10 (in build file:/repos/canve/extractor/sbt-plugin-integration-test/target/scala-2.11/classes/integration-test-projects/simple-2.10/)
[info] Updating {file:/repos/canve/extractor/sbt-plugin-integration-test/target/scala-2.11/classes/integration-test-projects/simple-2.10/}simple-2-10...
[info] Updating {file:/repos/canve/extractor/sbt-plugin-integration-test/target/scala-2.11/classes/integration-test-projects/simple-2.10/}simple-2-10...
[info] Resolving org.scala-lang#scala-library;2.10.4 ...
[info] Resolving org.slf4j#slf4j-api;1.7.12 ...
[info] Resolving com.typesafe.play#play-json_2.10;2.4.1 ...
[info] Resolving org.scala-lang#scala-library;2.10.5 ...
[info] Resolving com.typesafe.play#play-iteratees_2.10;2.4.1 ...
[info] Resolving org.scala-stm#scala-stm_2.10;0.7 ...
[info] Resolving com.typesafe#config;1.3.0 ...
[info] Resolving com.typesafe.play#play-functional_2.10;2.4.1 ...
[info] Resolving com.typesafe.play#play-datacommons_2.10;2.4.1 ...
[info] Resolving joda-time#joda-time;2.7 ...
[info] Resolving org.joda#joda-convert;1.7 ...
[info] Resolving org.scala-lang#scala-reflect;2.10.5 ...
[info] Resolving com.fasterxml.jackson.core#jackson-core;2.5.4 ...
[info] Resolving com.fasterxml.jackson.core#jackson-annotations;2.5.4 ...
[info] Resolving com.fasterxml.jackson.core#jackson-databind;2.5.4 ...
[info] Resolving com.fasterxml.jackson.datatype#jackson-datatype-jdk8;2.5.4 ...
[info] Resolving com.fasterxml.jackson.datatype#jackson-datatype-jsr310;2.5.4 ...
[info] Resolving org.apache.commons#commons-io;1.3.2 ...
[info] Resolving commons-io#commons-io;1.3.2 ...
[info] Resolving canve#compiler-plugin_2.10;0.0.1 ...
[info] Resolving canve#simple-graph_2.10;0.0.1 ...
[info] Resolving com.github.tototoshi#scala-csv_2.10;1.2.2 ...
[info] Resolving org.scala-lang#scala-compiler;2.10.4 ...
[info] Resolving org.scala-lang#scala-reflect;2.10.4 ...
[info] Resolving org.scala-lang#jline;2.10.4 ...
[info] Resolving org.fusesource.jansi#jansi;1.4 ...
[info] Done updating.
[info] Resolving org.scala-lang#scala-library;2.10.4 ...
[warn] Scala version was updated by one of library dependencies:
[warn] 	* org.scala-lang:scala-library:(2.10.4, 2.10.0) -> 2.10.5
[warn] To force scalaVersion, add the following:
[warn] 	ivyScala := ivyScala.value map { _.copy(overrideScalaVersion = true) }
[warn] Run 'evicted' to see detailed eviction warnings
[info] Resolving org.slf4j#slf4j-api;1.7.12 ...
[info] Resolving com.typesafe.play#play-json_2.10;2.4.1 ...
[info] Resolving org.scala-lang#scala-library;2.10.5 ...
[info] Resolving com.typesafe.play#play-iteratees_2.10;2.4.1 ...
[info] Resolving org.scala-stm#scala-stm_2.10;0.7 ...
[info] Resolving com.typesafe#config;1.3.0 ...
[info] Resolving com.typesafe.play#play-functional_2.10;2.4.1 ...
[info] Resolving com.typesafe.play#play-datacommons_2.10;2.4.1 ...
[info] Resolving joda-time#joda-time;2.7 ...
[info] Resolving org.joda#joda-convert;1.7 ...
[info] Resolving org.scala-lang#scala-reflect;2.10.5 ...
[info] Resolving com.fasterxml.jackson.core#jackson-core;2.5.4 ...
[info] Resolving com.fasterxml.jackson.core#jackson-annotations;2.5.4 ...
[info] Resolving com.fasterxml.jackson.core#jackson-databind;2.5.4 ...
[info] Resolving com.fasterxml.jackson.datatype#jackson-datatype-jdk8;2.5.4 ...
[info] Resolving com.fasterxml.jackson.datatype#jackson-datatype-jsr310;2.5.4 ...
[info] Resolving org.apache.commons#commons-io;1.3.2 ...
[info] Resolving commons-io#commons-io;1.3.2 ...
[info] Resolving canve#compiler-plugin_2.10;0.0.1 ...
[info] Resolving canve#simple-graph_2.10;0.0.1 ...
[info] Resolving com.github.tototoshi#scala-csv_2.10;1.2.2 ...
[info] Resolving org.scala-lang#scala-compiler;2.10.4 ...
[info] Resolving org.scala-lang#scala-reflect;2.10.4 ...
[info] Resolving org.scala-lang#jline;2.10.4 ...
[info] Resolving org.fusesource.jansi#jansi;1.4 ...
[info] Done updating.
[warn] Scala version was updated by one of library dependencies:
[warn] 	* org.scala-lang:scala-library:(2.10.4, 2.10.0) -> 2.10.5
[warn] To force scalaVersion, add the following:
[warn] 	ivyScala := ivyScala.value map { _.copy(overrideScalaVersion = true) }
[warn] Run 'evicted' to see detailed eviction warnings
[info] Compiling 1 Scala source to /repos/canve/extractor/sbt-plugin-integration-test/target/scala-2.11/classes/integration-test-projects/simple-2.10/target/scala-2.10/classes...
[canve] instrumenting project simple-2-10...
[canve] extraction starting for project simple-2-10 (1 compilation units)
[canve] Settings {
  -bootclasspath = /usr/lib/jvm/java-8-oracle/jre/lib/resources.jar:/usr/lib/jvm/java-8-oracle/jre/lib/rt.jar:/usr/lib/jvm/java-8-oracle/jre/lib/sunrsasign.jar:/usr/lib/jvm/java-8-oracle/jre/lib/jsse.jar:/usr/lib/jvm/java-8-oracle/jre/lib/jce.jar:/usr/lib/jvm/java-8-oracle/jre/lib/charsets.jar:/usr/lib/jvm/java-8-oracle/jre/lib/jfr.jar:/usr/lib/jvm/java-8-oracle/jre/classes:/home/matan/.ivy2/cache/org.scala-lang/scala-library/jars/scala-library-2.10.4.jar
  -classpath = /repos/canve/extractor/sbt-plugin-integration-test/target/scala-2.11/classes/integration-test-projects/simple-2.10/target/scala-2.10/classes:/home/matan/.ivy2/cache/org.slf4j/slf4j-api/jars/slf4j-api-1.7.12.jar:/home/matan/.ivy2/cache/com.typesafe.play/play-json_2.10/jars/play-json_2.10-2.4.1.jar:/home/matan/.ivy2/cache/com.typesafe.play/play-iteratees_2.10/jars/play-iteratees_2.10-2.4.1.jar:/home/matan/.ivy2/cache/org.scala-stm/scala-stm_2.10/jars/scala-stm_2.10-0.7.jar:/home/matan/.ivy2/cache/com.typesafe/config/bundles/config-1.3.0.jar:/home/matan/.ivy2/cache/com.typesafe.play/play-functional_2.10/jars/play-functional_2.10-2.4.1.jar:/home/matan/.ivy2/cache/com.typesafe.play/play-datacommons_2.10/jars/play-datacommons_2.10-2.4.1.jar:/home/matan/.ivy2/cache/joda-time/joda-time/jars/joda-time-2.7.jar:/home/matan/.ivy2/cache/org.joda/joda-convert/jars/joda-convert-1.7.jar:/home/matan/.sbt/boot/scala-2.10.5/lib/scala-reflect.jar:/home/matan/.ivy2/cache/com.fasterxml.jackson.core/jackson-core/bundles/jackson-core-2.5.4.jar:/home/matan/.ivy2/cache/com.fasterxml.jackson.core/jackson-annotations/bundles/jackson-annotations-2.5.4.jar:/home/matan/.ivy2/cache/com.fasterxml.jackson.core/jackson-databind/bundles/jackson-databind-2.5.4.jar:/home/matan/.ivy2/cache/com.fasterxml.jackson.datatype/jackson-datatype-jdk8/bundles/jackson-datatype-jdk8-2.5.4.jar:/home/matan/.ivy2/cache/com.fasterxml.jackson.datatype/jackson-datatype-jsr310/bundles/jackson-datatype-jsr310-2.5.4.jar:/home/matan/.ivy2/cache/commons-io/commons-io/jars/commons-io-1.3.2.jar:/home/matan/.ivy2/local/canve/compiler-plugin_2.10/0.0.1/jars/compiler-plugin_2.10.jar:/home/matan/.ivy2/local/canve/simple-graph_2.10/0.0.1/jars/simple-graph_2.10.jar:/home/matan/.ivy2/cache/com.github.tototoshi/scala-csv_2.10/jars/scala-csv_2.10-1.2.2.jar
  -d = .
  -P = List(canve:projectName:simple-2-10)
  -Yrangepos = true
  -Xplugin = List(/home/matan/.ivy2/local/canve/compiler-plugin_2.10/0.0.1/jars/compiler-plugin_2.10.jar)
  -encoding = UTF-8
}

[canve] examining source file/repos/canve/extractor/sbt-plugin-integration-test/target/scala-2.11/classes/integration-test-projects/simple-2.10/src/main/scala/fileUtil.scala...
[canve] ignoring Ident: package fileUtil
[canve] ignoring Ident: value fileName
[canve] ignoring Ident: value fileName
[canve] ignoring Ident: value outDir
[canve] ignoring Ident: value outDirObj
[canve] ignoring Ident: value outDir
[canve] ignoring Ident: value outDirObj
[canve] (existing node calls,performance.Counter@5a8234eb): (existing edge calls,performance.Counter@5b8e39b9)
[canve] 46 entities so far in project simple-2-10
[canve] 59 edges so far for project simple-2-10
[canve] writing extracted type relations and call graph for project simple-2-10...
[canve] done examining source file/repos/canve/extractor/sbt-plugin-integration-test/target/scala-2.11/classes/integration-test-projects/simple-2.10/src/main/scala/fileUtil.scala...
canve task done
----------------------------------------------------------------------------------------------------
Following is the stdout and stderr output of the sbt process started on Sat Nov 14 15:49:55 IST 2015
----------------------------------------------------------------------------------------------------
[info] Loading global plugins from /home/matan/.sbt/0.13/plugins
[info] Loading project definition from /repos/canve/extractor/sbt-plugin-integration-test/target/scala-2.11/classes/integration-test-projects/simple-2.10/project
[info] Updating {file:/repos/canve/extractor/sbt-plugin-integration-test/target/scala-2.11/classes/integration-test-projects/simple-2.10/project/}simple-2-10-build...
[info] Resolving org.scala-sbt#global-plugins;0.0 ...
[info] Resolving com.typesafe.sbteclipse#sbteclipse-plugin;4.0.0 ...
[info] Resolving org.scalaz#scalaz-core_2.10;7.1.0 ...
[info] Resolving org.scala-lang#scala-library;2.10.5 ...
[info] Resolving org.scalaz#scalaz-effect_2.10;7.1.0 ...
[info] Resolving com.github.mpeltonen#sbt-idea;1.6.0 ...
[info] Resolving commons-io#commons-io;2.0.1 ...
[info] Resolving com.hanhuy.sbt#key-path;0.2 ...
[info] Resolving net.virtual-void#sbt-dependency-graph;0.7.5 ...
[info] Resolving com.github.mdr#ascii-graphs_2.10;0.0.3 ...
[info] Resolving canve#sbt-plugin;0.0.1 ...
[info] Resolving canve#compiler-plugin_2.10;0.0.1 ...
[info] Resolving canve#simple-graph_2.10;0.0.1 ...
[info] Resolving com.github.tototoshi#scala-csv_2.10;1.2.2 ...
[info] Resolving org.scala-sbt#sbt;0.13.9 ...
[info] Resolving org.scala-sbt#main;0.13.9 ...
[info] Resolving org.scala-sbt#actions;0.13.9 ...
[info] Resolving org.scala-sbt#classpath;0.13.9 ...
[info] Resolving org.scala-lang#scala-compiler;2.10.5 ...
[info] Resolving org.scala-lang#scala-reflect;2.10.5 ...
[info] Resolving org.scala-sbt#interface;0.13.9 ...
[info] Resolving org.scala-sbt#io;0.13.9 ...
[info] Resolving org.scala-sbt#control;0.13.9 ...
[info] Resolving org.scala-sbt#launcher-interface;1.0.0-M1 ...
[info] Resolving org.scala-sbt#completion;0.13.9 ...
[info] Resolving org.scala-sbt#collections;0.13.9 ...
[info] Resolving jline#jline;2.11 ...
[info] Resolving org.scala-sbt#api;0.13.9 ...
[info] Resolving org.scala-sbt#compiler-integration;0.13.9 ...
[info] Resolving org.scala-sbt#incremental-compiler;0.13.9 ...
[info] Resolving org.scala-sbt#logging;0.13.9 ...
[info] Resolving org.scala-sbt#process;0.13.9 ...
[info] Resolving org.scala-sbt#relation;0.13.9 ...
[info] Resolving org.scala-sbt#compile;0.13.9 ...
[info] Resolving org.scala-sbt#classfile;0.13.9 ...
[info] Resolving org.scala-sbt#persist;0.13.9 ...
[info] Resolving org.scala-tools.sbinary#sbinary_2.10;0.4.2 ...
[info] Resolving org.scala-sbt#compiler-ivy-integration;0.13.9 ...
[info] Resolving org.scala-sbt#ivy;0.13.9 ...
[info] Resolving org.scala-sbt#cross;0.13.9 ...
[info] Resolving org.scala-sbt.ivy#ivy;2.3.0-sbt-c5d1b95fdcc1e1007740ffbecf4eb07abc51ec93 ...
[info] Resolving com.jcraft#jsch;0.1.46 ...
[info] Resolving org.scala-sbt#serialization_2.10;0.1.1 ...
[info] Resolving org.scala-lang.modules#scala-pickling_2.10;0.10.0 ...
[info] Resolving org.scalamacros#quasiquotes_2.10;2.0.1 ...
[info] Resolving org.json4s#json4s-core_2.10;3.2.10 ...
[info] Resolving org.json4s#json4s-ast_2.10;3.2.10 ...
[info] Resolving com.thoughtworks.paranamer#paranamer;2.6 ...
[info] Resolving org.spire-math#jawn-parser_2.10;0.6.0 ...
[info] Resolving org.spire-math#json4s-support_2.10;0.6.0 ...
[info] Resolving org.scala-sbt#run;0.13.9 ...
[info] Resolving org.scala-sbt#task-system;0.13.9 ...
[info] Resolving org.scala-sbt#tasks;0.13.9 ...
[info] Resolving org.scala-sbt#tracking;0.13.9 ...
[info] Resolving org.scala-sbt#cache;0.13.9 ...
[info] Resolving org.scala-sbt#testing;0.13.9 ...
[info] Resolving org.scala-sbt#test-agent;0.13.9 ...
[info] Resolving org.scala-sbt#test-interface;1.0 ...
[info] Resolving org.scala-sbt#main-settings;0.13.9 ...
[info] Resolving org.scala-sbt#apply-macro;0.13.9 ...
[info] Resolving org.scala-sbt#command;0.13.9 ...
[info] Resolving org.scala-sbt#logic;0.13.9 ...
[info] Resolving org.scala-sbt#compiler-interface;0.13.9 ...
[info] Resolving org.scala-sbt#precompiled-2_8_2;0.13.9 ...
[info] Resolving org.scala-sbt#precompiled-2_9_2;0.13.9 ...
[info] Resolving org.scala-sbt#precompiled-2_9_3;0.13.9 ...
[info] Resolving org.scala-lang#jline;2.10.5 ...
[info] Resolving org.fusesource.jansi#jansi;1.4 ...
[info] Done updating.
[canve] sbt canve plugin loaded - enter `canve` in sbt, to run canve for your project
[info] Set current project to simple-2-10 (in build file:/repos/canve/extractor/sbt-plugin-integration-test/target/scala-2.11/classes/integration-test-projects/simple-2.10/)
[info] Set current project to simple-2-10 (in build file:/repos/canve/extractor/sbt-plugin-integration-test/target/scala-2.11/classes/integration-test-projects/simple-2.10/)
[info] Updating {file:/repos/canve/extractor/sbt-plugin-integration-test/target/scala-2.11/classes/integration-test-projects/simple-2.10/}simple-2-10...
[info] Updating {file:/repos/canve/extractor/sbt-plugin-integration-test/target/scala-2.11/classes/integration-test-projects/simple-2.10/}simple-2-10...
[info] Resolving org.scala-lang#scala-library;2.10.4 ...
[info] Resolving org.slf4j#slf4j-api;1.7.12 ...
[info] Resolving com.typesafe.play#play-json_2.10;2.4.1 ...
[info] Resolving org.scala-lang#scala-library;2.10.5 ...
[info] Resolving com.typesafe.play#play-iteratees_2.10;2.4.1 ...
[info] Resolving org.scala-stm#scala-stm_2.10;0.7 ...
[info] Resolving com.typesafe#config;1.3.0 ...
[info] Resolving com.typesafe.play#play-functional_2.10;2.4.1 ...
[info] Resolving com.typesafe.play#play-datacommons_2.10;2.4.1 ...
[info] Resolving joda-time#joda-time;2.7 ...
[info] Resolving org.joda#joda-convert;1.7 ...
[info] Resolving org.scala-lang#scala-reflect;2.10.5 ...
[info] Resolving com.fasterxml.jackson.core#jackson-core;2.5.4 ...
[info] Resolving com.fasterxml.jackson.core#jackson-annotations;2.5.4 ...
[info] Resolving com.fasterxml.jackson.core#jackson-databind;2.5.4 ...
[info] Resolving com.fasterxml.jackson.datatype#jackson-datatype-jdk8;2.5.4 ...
[info] Resolving com.fasterxml.jackson.datatype#jackson-datatype-jsr310;2.5.4 ...
[info] Resolving org.apache.commons#commons-io;1.3.2 ...
[info] Resolving commons-io#commons-io;1.3.2 ...
[info] Resolving canve#compiler-plugin_2.10;0.0.1 ...
[info] Resolving canve#simple-graph_2.10;0.0.1 ...
[info] Resolving com.github.tototoshi#scala-csv_2.10;1.2.2 ...
[info] Resolving org.scala-lang#scala-compiler;2.10.4 ...
[info] Resolving org.scala-lang#scala-reflect;2.10.4 ...
[info] Resolving org.scala-lang#jline;2.10.4 ...
[info] Resolving org.fusesource.jansi#jansi;1.4 ...
[info] Done updating.
[info] Resolving org.scala-lang#scala-library;2.10.4 ...
[warn] Scala version was updated by one of library dependencies:
[warn] 	* org.scala-lang:scala-library:(2.10.4, 2.10.0) -> 2.10.5
[warn] To force scalaVersion, add the following:
[warn] 	ivyScala := ivyScala.value map { _.copy(overrideScalaVersion = true) }
[warn] Run 'evicted' to see detailed eviction warnings
[info] Resolving org.slf4j#slf4j-api;1.7.12 ...
[info] Resolving com.typesafe.play#play-json_2.10;2.4.1 ...
[info] Resolving org.scala-lang#scala-library;2.10.5 ...
[info] Resolving com.typesafe.play#play-iteratees_2.10;2.4.1 ...
[info] Resolving org.scala-stm#scala-stm_2.10;0.7 ...
[info] Resolving com.typesafe#config;1.3.0 ...
[info] Resolving com.typesafe.play#play-functional_2.10;2.4.1 ...
[info] Resolving com.typesafe.play#play-datacommons_2.10;2.4.1 ...
[info] Resolving joda-time#joda-time;2.7 ...
[info] Resolving org.joda#joda-convert;1.7 ...
[info] Resolving org.scala-lang#scala-reflect;2.10.5 ...
[info] Resolving com.fasterxml.jackson.core#jackson-core;2.5.4 ...
[info] Resolving com.fasterxml.jackson.core#jackson-annotations;2.5.4 ...
[info] Resolving com.fasterxml.jackson.core#jackson-databind;2.5.4 ...
[info] Resolving com.fasterxml.jackson.datatype#jackson-datatype-jdk8;2.5.4 ...
[info] Resolving com.fasterxml.jackson.datatype#jackson-datatype-jsr310;2.5.4 ...
[info] Resolving org.apache.commons#commons-io;1.3.2 ...
[info] Resolving commons-io#commons-io;1.3.2 ...
[info] Resolving canve#compiler-plugin_2.10;0.0.1 ...
[info] Resolving canve#simple-graph_2.10;0.0.1 ...
[info] Resolving com.github.tototoshi#scala-csv_2.10;1.2.2 ...
[info] Resolving org.scala-lang#scala-compiler;2.10.4 ...
[info] Resolving org.scala-lang#scala-reflect;2.10.4 ...
[info] Resolving org.scala-lang#jline;2.10.4 ...
[info] Resolving org.fusesource.jansi#jansi;1.4 ...
[info] Done updating.
[warn] Scala version was updated by one of library dependencies:
[warn] 	* org.scala-lang:scala-library:(2.10.4, 2.10.0) -> 2.10.5
[warn] To force scalaVersion, add the following:
[warn] 	ivyScala := ivyScala.value map { _.copy(overrideScalaVersion = true) }
[warn] Run 'evicted' to see detailed eviction warnings
[info] Compiling 1 Scala source to /repos/canve/extractor/sbt-plugin-integration-test/target/scala-2.11/classes/integration-test-projects/simple-2.10/target/scala-2.10/classes...
[canve] instrumenting project simple-2-10...
[canve] extraction starting for project simple-2-10 (1 compilation units)
[canve] Settings {
  -bootclasspath = /usr/lib/jvm/java-8-oracle/jre/lib/resources.jar:/usr/lib/jvm/java-8-oracle/jre/lib/rt.jar:/usr/lib/jvm/java-8-oracle/jre/lib/sunrsasign.jar:/usr/lib/jvm/java-8-oracle/jre/lib/jsse.jar:/usr/lib/jvm/java-8-oracle/jre/lib/jce.jar:/usr/lib/jvm/java-8-oracle/jre/lib/charsets.jar:/usr/lib/jvm/java-8-oracle/jre/lib/jfr.jar:/usr/lib/jvm/java-8-oracle/jre/classes:/home/matan/.ivy2/cache/org.scala-lang/scala-library/jars/scala-library-2.10.4.jar
  -classpath = /repos/canve/extractor/sbt-plugin-integration-test/target/scala-2.11/classes/integration-test-projects/simple-2.10/target/scala-2.10/classes:/home/matan/.ivy2/cache/org.slf4j/slf4j-api/jars/slf4j-api-1.7.12.jar:/home/matan/.ivy2/cache/com.typesafe.play/play-json_2.10/jars/play-json_2.10-2.4.1.jar:/home/matan/.ivy2/cache/com.typesafe.play/play-iteratees_2.10/jars/play-iteratees_2.10-2.4.1.jar:/home/matan/.ivy2/cache/org.scala-stm/scala-stm_2.10/jars/scala-stm_2.10-0.7.jar:/home/matan/.ivy2/cache/com.typesafe/config/bundles/config-1.3.0.jar:/home/matan/.ivy2/cache/com.typesafe.play/play-functional_2.10/jars/play-functional_2.10-2.4.1.jar:/home/matan/.ivy2/cache/com.typesafe.play/play-datacommons_2.10/jars/play-datacommons_2.10-2.4.1.jar:/home/matan/.ivy2/cache/joda-time/joda-time/jars/joda-time-2.7.jar:/home/matan/.ivy2/cache/org.joda/joda-convert/jars/joda-convert-1.7.jar:/home/matan/.sbt/boot/scala-2.10.5/lib/scala-reflect.jar:/home/matan/.ivy2/cache/com.fasterxml.jackson.core/jackson-core/bundles/jackson-core-2.5.4.jar:/home/matan/.ivy2/cache/com.fasterxml.jackson.core/jackson-annotations/bundles/jackson-annotations-2.5.4.jar:/home/matan/.ivy2/cache/com.fasterxml.jackson.core/jackson-databind/bundles/jackson-databind-2.5.4.jar:/home/matan/.ivy2/cache/com.fasterxml.jackson.datatype/jackson-datatype-jdk8/bundles/jackson-datatype-jdk8-2.5.4.jar:/home/matan/.ivy2/cache/com.fasterxml.jackson.datatype/jackson-datatype-jsr310/bundles/jackson-datatype-jsr310-2.5.4.jar:/home/matan/.ivy2/cache/commons-io/commons-io/jars/commons-io-1.3.2.jar:/home/matan/.ivy2/local/canve/compiler-plugin_2.10/0.0.1/jars/compiler-plugin_2.10.jar:/home/matan/.ivy2/local/canve/simple-graph_2.10/0.0.1/jars/simple-graph_2.10.jar:/home/matan/.ivy2/cache/com.github.tototoshi/scala-csv_2.10/jars/scala-csv_2.10-1.2.2.jar
  -d = .
  -P = List(canve:projectName:simple-2-10)
  -Yrangepos = true
  -Xplugin = List(/home/matan/.ivy2/local/canve/compiler-plugin_2.10/0.0.1/jars/compiler-plugin_2.10.jar)
  -encoding = UTF-8
}

[canve] examining source file/repos/canve/extractor/sbt-plugin-integration-test/target/scala-2.11/classes/integration-test-projects/simple-2.10/src/main/scala/fileUtil.scala...
[canve] ignoring Ident: package fileUtil
[canve] ignoring Ident: value fileName
[canve] ignoring Ident: value fileName
[canve] ignoring Ident: value outDir
[canve] ignoring Ident: value outDirObj
[canve] ignoring Ident: value outDir
[canve] ignoring Ident: value outDirObj
[canve] (existing node calls,performance.Counter@551a8e5f): (existing edge calls,performance.Counter@3efe9aba)
[canve] 46 symbols extracted for project simple-2-10
[canve] 59 symbol relations extracted for project simple-2-10
[canve] writing extracted type relations and call graph for project simple-2-10...
[canve] done examining source file/repos/canve/extractor/sbt-plugin-integration-test/target/scala-2.11/classes/integration-test-projects/simple-2.10/src/main/scala/fileUtil.scala...
canve task done
----------------------------------------------------------------------------------------------------
Following is the stdout and stderr output of the sbt process started on Sat Nov 14 15:52:10 IST 2015
----------------------------------------------------------------------------------------------------
[info] Loading global plugins from /home/matan/.sbt/0.13/plugins
[info] Loading project definition from /repos/canve/extractor/sbt-plugin-integration-test/target/scala-2.11/classes/integration-test-projects/simple-2.10/project
[info] Updating {file:/repos/canve/extractor/sbt-plugin-integration-test/target/scala-2.11/classes/integration-test-projects/simple-2.10/project/}simple-2-10-build...
[info] Resolving org.scala-sbt#global-plugins;0.0 ...
[info] Resolving com.typesafe.sbteclipse#sbteclipse-plugin;4.0.0 ...
[info] Resolving org.scalaz#scalaz-core_2.10;7.1.0 ...
[info] Resolving org.scala-lang#scala-library;2.10.5 ...
[info] Resolving org.scalaz#scalaz-effect_2.10;7.1.0 ...
[info] Resolving com.github.mpeltonen#sbt-idea;1.6.0 ...
[info] Resolving commons-io#commons-io;2.0.1 ...
[info] Resolving com.hanhuy.sbt#key-path;0.2 ...
[info] Resolving net.virtual-void#sbt-dependency-graph;0.7.5 ...
[info] Resolving com.github.mdr#ascii-graphs_2.10;0.0.3 ...
[info] Resolving canve#sbt-plugin;0.0.1 ...
[info] Resolving canve#compiler-plugin_2.10;0.0.1 ...
[info] Resolving canve#simple-graph_2.10;0.0.1 ...
[info] Resolving com.github.tototoshi#scala-csv_2.10;1.2.2 ...
[info] Resolving org.scala-sbt#sbt;0.13.9 ...
[info] Resolving org.scala-sbt#main;0.13.9 ...
[info] Resolving org.scala-sbt#actions;0.13.9 ...
[info] Resolving org.scala-sbt#classpath;0.13.9 ...
[info] Resolving org.scala-lang#scala-compiler;2.10.5 ...
[info] Resolving org.scala-lang#scala-reflect;2.10.5 ...
[info] Resolving org.scala-sbt#interface;0.13.9 ...
[info] Resolving org.scala-sbt#io;0.13.9 ...
[info] Resolving org.scala-sbt#control;0.13.9 ...
[info] Resolving org.scala-sbt#launcher-interface;1.0.0-M1 ...
[info] Resolving org.scala-sbt#completion;0.13.9 ...
[info] Resolving org.scala-sbt#collections;0.13.9 ...
[info] Resolving jline#jline;2.11 ...
[info] Resolving org.scala-sbt#api;0.13.9 ...
[info] Resolving org.scala-sbt#compiler-integration;0.13.9 ...
[info] Resolving org.scala-sbt#incremental-compiler;0.13.9 ...
[info] Resolving org.scala-sbt#logging;0.13.9 ...
[info] Resolving org.scala-sbt#process;0.13.9 ...
[info] Resolving org.scala-sbt#relation;0.13.9 ...
[info] Resolving org.scala-sbt#compile;0.13.9 ...
[info] Resolving org.scala-sbt#classfile;0.13.9 ...
[info] Resolving org.scala-sbt#persist;0.13.9 ...
[info] Resolving org.scala-tools.sbinary#sbinary_2.10;0.4.2 ...
[info] Resolving org.scala-sbt#compiler-ivy-integration;0.13.9 ...
[info] Resolving org.scala-sbt#ivy;0.13.9 ...
[info] Resolving org.scala-sbt#cross;0.13.9 ...
[info] Resolving org.scala-sbt.ivy#ivy;2.3.0-sbt-c5d1b95fdcc1e1007740ffbecf4eb07abc51ec93 ...
[info] Resolving com.jcraft#jsch;0.1.46 ...
[info] Resolving org.scala-sbt#serialization_2.10;0.1.1 ...
[info] Resolving org.scala-lang.modules#scala-pickling_2.10;0.10.0 ...
[info] Resolving org.scalamacros#quasiquotes_2.10;2.0.1 ...
[info] Resolving org.json4s#json4s-core_2.10;3.2.10 ...
[info] Resolving org.json4s#json4s-ast_2.10;3.2.10 ...
[info] Resolving com.thoughtworks.paranamer#paranamer;2.6 ...
[info] Resolving org.spire-math#jawn-parser_2.10;0.6.0 ...
[info] Resolving org.spire-math#json4s-support_2.10;0.6.0 ...
[info] Resolving org.scala-sbt#run;0.13.9 ...
[info] Resolving org.scala-sbt#task-system;0.13.9 ...
[info] Resolving org.scala-sbt#tasks;0.13.9 ...
[info] Resolving org.scala-sbt#tracking;0.13.9 ...
[info] Resolving org.scala-sbt#cache;0.13.9 ...
[info] Resolving org.scala-sbt#testing;0.13.9 ...
[info] Resolving org.scala-sbt#test-agent;0.13.9 ...
[info] Resolving org.scala-sbt#test-interface;1.0 ...
[info] Resolving org.scala-sbt#main-settings;0.13.9 ...
[info] Resolving org.scala-sbt#apply-macro;0.13.9 ...
[info] Resolving org.scala-sbt#command;0.13.9 ...
[info] Resolving org.scala-sbt#logic;0.13.9 ...
[info] Resolving org.scala-sbt#compiler-interface;0.13.9 ...
[info] Resolving org.scala-sbt#precompiled-2_8_2;0.13.9 ...
[info] Resolving org.scala-sbt#precompiled-2_9_2;0.13.9 ...
[info] Resolving org.scala-sbt#precompiled-2_9_3;0.13.9 ...
[info] Resolving org.scala-lang#jline;2.10.5 ...
[info] Resolving org.fusesource.jansi#jansi;1.4 ...
[info] Done updating.
[canve] sbt canve plugin loaded - enter `canve` in sbt, to run canve for your project
[info] Set current project to simple-2-10 (in build file:/repos/canve/extractor/sbt-plugin-integration-test/target/scala-2.11/classes/integration-test-projects/simple-2.10/)
[info] Set current project to simple-2-10 (in build file:/repos/canve/extractor/sbt-plugin-integration-test/target/scala-2.11/classes/integration-test-projects/simple-2.10/)
[info] Updating {file:/repos/canve/extractor/sbt-plugin-integration-test/target/scala-2.11/classes/integration-test-projects/simple-2.10/}simple-2-10...
[info] Updating {file:/repos/canve/extractor/sbt-plugin-integration-test/target/scala-2.11/classes/integration-test-projects/simple-2.10/}simple-2-10...
[info] Resolving org.scala-lang#scala-library;2.10.4 ...
[info] Resolving org.slf4j#slf4j-api;1.7.12 ...
[info] Resolving com.typesafe.play#play-json_2.10;2.4.1 ...
[info] Resolving org.scala-lang#scala-library;2.10.5 ...
[info] Resolving com.typesafe.play#play-iteratees_2.10;2.4.1 ...
[info] Resolving org.scala-stm#scala-stm_2.10;0.7 ...
[info] Resolving com.typesafe#config;1.3.0 ...
[info] Resolving com.typesafe.play#play-functional_2.10;2.4.1 ...
[info] Resolving com.typesafe.play#play-datacommons_2.10;2.4.1 ...
[info] Resolving joda-time#joda-time;2.7 ...
[info] Resolving org.joda#joda-convert;1.7 ...
[info] Resolving org.scala-lang#scala-reflect;2.10.5 ...
[info] Resolving com.fasterxml.jackson.core#jackson-core;2.5.4 ...
[info] Resolving com.fasterxml.jackson.core#jackson-annotations;2.5.4 ...
[info] Resolving com.fasterxml.jackson.core#jackson-databind;2.5.4 ...
[info] Resolving com.fasterxml.jackson.datatype#jackson-datatype-jdk8;2.5.4 ...
[info] Resolving com.fasterxml.jackson.datatype#jackson-datatype-jsr310;2.5.4 ...
[info] Resolving org.apache.commons#commons-io;1.3.2 ...
[info] Resolving commons-io#commons-io;1.3.2 ...
[info] Resolving canve#compiler-plugin_2.10;0.0.1 ...
[info] Resolving canve#simple-graph_2.10;0.0.1 ...
[info] Resolving com.github.tototoshi#scala-csv_2.10;1.2.2 ...
[info] Resolving org.scala-lang#scala-compiler;2.10.4 ...
[info] Resolving org.scala-lang#scala-reflect;2.10.4 ...
[info] Resolving org.scala-lang#jline;2.10.4 ...
[info] Resolving org.fusesource.jansi#jansi;1.4 ...
[info] Done updating.
[info] Resolving org.scala-lang#scala-library;2.10.4 ...
[warn] Scala version was updated by one of library dependencies:
[warn] 	* org.scala-lang:scala-library:(2.10.4, 2.10.0) -> 2.10.5
[warn] To force scalaVersion, add the following:
[warn] 	ivyScala := ivyScala.value map { _.copy(overrideScalaVersion = true) }
[warn] Run 'evicted' to see detailed eviction warnings
[info] Resolving org.slf4j#slf4j-api;1.7.12 ...
[info] Resolving com.typesafe.play#play-json_2.10;2.4.1 ...
[info] Resolving org.scala-lang#scala-library;2.10.5 ...
[info] Resolving com.typesafe.play#play-iteratees_2.10;2.4.1 ...
[info] Resolving org.scala-stm#scala-stm_2.10;0.7 ...
[info] Resolving com.typesafe#config;1.3.0 ...
[info] Resolving com.typesafe.play#play-functional_2.10;2.4.1 ...
[info] Resolving com.typesafe.play#play-datacommons_2.10;2.4.1 ...
[info] Resolving joda-time#joda-time;2.7 ...
[info] Resolving org.joda#joda-convert;1.7 ...
[info] Resolving org.scala-lang#scala-reflect;2.10.5 ...
[info] Resolving com.fasterxml.jackson.core#jackson-core;2.5.4 ...
[info] Resolving com.fasterxml.jackson.core#jackson-annotations;2.5.4 ...
[info] Resolving com.fasterxml.jackson.core#jackson-databind;2.5.4 ...
[info] Resolving com.fasterxml.jackson.datatype#jackson-datatype-jdk8;2.5.4 ...
[info] Resolving com.fasterxml.jackson.datatype#jackson-datatype-jsr310;2.5.4 ...
[info] Resolving org.apache.commons#commons-io;1.3.2 ...
[info] Resolving commons-io#commons-io;1.3.2 ...
[info] Resolving canve#compiler-plugin_2.10;0.0.1 ...
[info] Resolving canve#simple-graph_2.10;0.0.1 ...
[info] Resolving com.github.tototoshi#scala-csv_2.10;1.2.2 ...
[info] Resolving org.scala-lang#scala-compiler;2.10.4 ...
[info] Resolving org.scala-lang#scala-reflect;2.10.4 ...
[info] Resolving org.scala-lang#jline;2.10.4 ...
[info] Resolving org.fusesource.jansi#jansi;1.4 ...
[info] Done updating.
[warn] Scala version was updated by one of library dependencies:
[warn] 	* org.scala-lang:scala-library:(2.10.4, 2.10.0) -> 2.10.5
[warn] To force scalaVersion, add the following:
[warn] 	ivyScala := ivyScala.value map { _.copy(overrideScalaVersion = true) }
[warn] Run 'evicted' to see detailed eviction warnings
[info] Compiling 1 Scala source to /repos/canve/extractor/sbt-plugin-integration-test/target/scala-2.11/classes/integration-test-projects/simple-2.10/target/scala-2.10/classes...
[canve] instrumenting project simple-2-10...
[canve] extraction starting for project simple-2-10 (1 compilation units)
[canve] Settings {
  -bootclasspath = /usr/lib/jvm/java-8-oracle/jre/lib/resources.jar:/usr/lib/jvm/java-8-oracle/jre/lib/rt.jar:/usr/lib/jvm/java-8-oracle/jre/lib/sunrsasign.jar:/usr/lib/jvm/java-8-oracle/jre/lib/jsse.jar:/usr/lib/jvm/java-8-oracle/jre/lib/jce.jar:/usr/lib/jvm/java-8-oracle/jre/lib/charsets.jar:/usr/lib/jvm/java-8-oracle/jre/lib/jfr.jar:/usr/lib/jvm/java-8-oracle/jre/classes:/home/matan/.ivy2/cache/org.scala-lang/scala-library/jars/scala-library-2.10.4.jar
  -classpath = /repos/canve/extractor/sbt-plugin-integration-test/target/scala-2.11/classes/integration-test-projects/simple-2.10/target/scala-2.10/classes:/home/matan/.ivy2/cache/org.slf4j/slf4j-api/jars/slf4j-api-1.7.12.jar:/home/matan/.ivy2/cache/com.typesafe.play/play-json_2.10/jars/play-json_2.10-2.4.1.jar:/home/matan/.ivy2/cache/com.typesafe.play/play-iteratees_2.10/jars/play-iteratees_2.10-2.4.1.jar:/home/matan/.ivy2/cache/org.scala-stm/scala-stm_2.10/jars/scala-stm_2.10-0.7.jar:/home/matan/.ivy2/cache/com.typesafe/config/bundles/config-1.3.0.jar:/home/matan/.ivy2/cache/com.typesafe.play/play-functional_2.10/jars/play-functional_2.10-2.4.1.jar:/home/matan/.ivy2/cache/com.typesafe.play/play-datacommons_2.10/jars/play-datacommons_2.10-2.4.1.jar:/home/matan/.ivy2/cache/joda-time/joda-time/jars/joda-time-2.7.jar:/home/matan/.ivy2/cache/org.joda/joda-convert/jars/joda-convert-1.7.jar:/home/matan/.sbt/boot/scala-2.10.5/lib/scala-reflect.jar:/home/matan/.ivy2/cache/com.fasterxml.jackson.core/jackson-core/bundles/jackson-core-2.5.4.jar:/home/matan/.ivy2/cache/com.fasterxml.jackson.core/jackson-annotations/bundles/jackson-annotations-2.5.4.jar:/home/matan/.ivy2/cache/com.fasterxml.jackson.core/jackson-databind/bundles/jackson-databind-2.5.4.jar:/home/matan/.ivy2/cache/com.fasterxml.jackson.datatype/jackson-datatype-jdk8/bundles/jackson-datatype-jdk8-2.5.4.jar:/home/matan/.ivy2/cache/com.fasterxml.jackson.datatype/jackson-datatype-jsr310/bundles/jackson-datatype-jsr310-2.5.4.jar:/home/matan/.ivy2/cache/commons-io/commons-io/jars/commons-io-1.3.2.jar:/home/matan/.ivy2/local/canve/compiler-plugin_2.10/0.0.1/jars/compiler-plugin_2.10.jar:/home/matan/.ivy2/local/canve/simple-graph_2.10/0.0.1/jars/simple-graph_2.10.jar:/home/matan/.ivy2/cache/com.github.tototoshi/scala-csv_2.10/jars/scala-csv_2.10-1.2.2.jar
  -d = .
  -P = List(canve:projectName:simple-2-10)
  -Yrangepos = true
  -Xplugin = List(/home/matan/.ivy2/local/canve/compiler-plugin_2.10/0.0.1/jars/compiler-plugin_2.10.jar)
  -encoding = UTF-8
}

[canve] examining source file/repos/canve/extractor/sbt-plugin-integration-test/target/scala-2.11/classes/integration-test-projects/simple-2.10/src/main/scala/fileUtil.scala...
[canve] ignoring Ident: package fileUtil
[canve] ignoring Ident: value fileName
[canve] ignoring Ident: value fileName
[canve] ignoring Ident: value outDir
[canve] ignoring Ident: value outDirObj
[canve] ignoring Ident: value outDir
[canve] ignoring Ident: value outDirObj
[canve] (existing node calls,performance.Counter@2806e8db): (existing edge calls,performance.Counter@6c8f9dbd)
[canve] 46 symbols extracted for project simple-2-10
[canve] 59 symbol relations extracted for project simple-2-10
[canve] writing extracted type relations and call graph for project simple-2-10...
[canve] done examining source file/repos/canve/extractor/sbt-plugin-integration-test/target/scala-2.11/classes/integration-test-projects/simple-2.10/src/main/scala/fileUtil.scala...
canve task done
----------------------------------------------------------------------------------------------------
Following is the stdout and stderr output of the sbt process started on Sat Nov 14 16:45:46 IST 2015
----------------------------------------------------------------------------------------------------
[info] Loading global plugins from /home/matan/.sbt/0.13/plugins
[info] Loading project definition from /repos/canve/extractor/sbt-plugin-integration-test/target/scala-2.11/classes/integration-test-projects/simple-2.10/project
[info] Updating {file:/repos/canve/extractor/sbt-plugin-integration-test/target/scala-2.11/classes/integration-test-projects/simple-2.10/project/}simple-2-10-build...
[info] Resolving org.scala-sbt#global-plugins;0.0 ...
[info] Resolving com.typesafe.sbteclipse#sbteclipse-plugin;4.0.0 ...
[info] Resolving org.scalaz#scalaz-core_2.10;7.1.0 ...
[info] Resolving org.scala-lang#scala-library;2.10.5 ...
[info] Resolving org.scalaz#scalaz-effect_2.10;7.1.0 ...
[info] Resolving com.github.mpeltonen#sbt-idea;1.6.0 ...
[info] Resolving commons-io#commons-io;2.0.1 ...
[info] Resolving com.hanhuy.sbt#key-path;0.2 ...
[info] Resolving net.virtual-void#sbt-dependency-graph;0.7.5 ...
[info] Resolving com.github.mdr#ascii-graphs_2.10;0.0.3 ...
[info] Resolving canve#sbt-plugin;0.0.1 ...
[info] Resolving canve#compiler-plugin_2.10;0.0.1 ...
[info] Resolving canve#simple-graph_2.10;0.0.1 ...
[info] Resolving com.github.tototoshi#scala-csv_2.10;1.2.2 ...
[info] Resolving org.scala-sbt#sbt;0.13.9 ...
[info] Resolving org.scala-sbt#main;0.13.9 ...
[info] Resolving org.scala-sbt#actions;0.13.9 ...
[info] Resolving org.scala-sbt#classpath;0.13.9 ...
[info] Resolving org.scala-lang#scala-compiler;2.10.5 ...
[info] Resolving org.scala-lang#scala-reflect;2.10.5 ...
[info] Resolving org.scala-sbt#interface;0.13.9 ...
[info] Resolving org.scala-sbt#io;0.13.9 ...
[info] Resolving org.scala-sbt#control;0.13.9 ...
[info] Resolving org.scala-sbt#launcher-interface;1.0.0-M1 ...
[info] Resolving org.scala-sbt#completion;0.13.9 ...
[info] Resolving org.scala-sbt#collections;0.13.9 ...
[info] Resolving jline#jline;2.11 ...
[info] Resolving org.scala-sbt#api;0.13.9 ...
[info] Resolving org.scala-sbt#compiler-integration;0.13.9 ...
[info] Resolving org.scala-sbt#incremental-compiler;0.13.9 ...
[info] Resolving org.scala-sbt#logging;0.13.9 ...
[info] Resolving org.scala-sbt#process;0.13.9 ...
[info] Resolving org.scala-sbt#relation;0.13.9 ...
[info] Resolving org.scala-sbt#compile;0.13.9 ...
[info] Resolving org.scala-sbt#classfile;0.13.9 ...
[info] Resolving org.scala-sbt#persist;0.13.9 ...
[info] Resolving org.scala-tools.sbinary#sbinary_2.10;0.4.2 ...
[info] Resolving org.scala-sbt#compiler-ivy-integration;0.13.9 ...
[info] Resolving org.scala-sbt#ivy;0.13.9 ...
[info] Resolving org.scala-sbt#cross;0.13.9 ...
[info] Resolving org.scala-sbt.ivy#ivy;2.3.0-sbt-c5d1b95fdcc1e1007740ffbecf4eb07abc51ec93 ...
[info] Resolving com.jcraft#jsch;0.1.46 ...
[info] Resolving org.scala-sbt#serialization_2.10;0.1.1 ...
[info] Resolving org.scala-lang.modules#scala-pickling_2.10;0.10.0 ...
[info] Resolving org.scalamacros#quasiquotes_2.10;2.0.1 ...
[info] Resolving org.json4s#json4s-core_2.10;3.2.10 ...
[info] Resolving org.json4s#json4s-ast_2.10;3.2.10 ...
[info] Resolving com.thoughtworks.paranamer#paranamer;2.6 ...
[info] Resolving org.spire-math#jawn-parser_2.10;0.6.0 ...
[info] Resolving org.spire-math#json4s-support_2.10;0.6.0 ...
[info] Resolving org.scala-sbt#run;0.13.9 ...
[info] Resolving org.scala-sbt#task-system;0.13.9 ...
[info] Resolving org.scala-sbt#tasks;0.13.9 ...
[info] Resolving org.scala-sbt#tracking;0.13.9 ...
[info] Resolving org.scala-sbt#cache;0.13.9 ...
[info] Resolving org.scala-sbt#testing;0.13.9 ...
[info] Resolving org.scala-sbt#test-agent;0.13.9 ...
[info] Resolving org.scala-sbt#test-interface;1.0 ...
[info] Resolving org.scala-sbt#main-settings;0.13.9 ...
[info] Resolving org.scala-sbt#apply-macro;0.13.9 ...
[info] Resolving org.scala-sbt#command;0.13.9 ...
[info] Resolving org.scala-sbt#logic;0.13.9 ...
[info] Resolving org.scala-sbt#compiler-interface;0.13.9 ...
[info] Resolving org.scala-sbt#precompiled-2_8_2;0.13.9 ...
[info] Resolving org.scala-sbt#precompiled-2_9_2;0.13.9 ...
[info] Resolving org.scala-sbt#precompiled-2_9_3;0.13.9 ...
[info] Resolving org.scala-lang#jline;2.10.5 ...
[info] Resolving org.fusesource.jansi#jansi;1.4 ...
[info] Done updating.
[canve] sbt canve plugin loaded - enter `canve` in sbt, to run canve for your project
[info] Set current project to simple-2-10 (in build file:/repos/canve/extractor/sbt-plugin-integration-test/target/scala-2.11/classes/integration-test-projects/simple-2.10/)
[info] Set current project to simple-2-10 (in build file:/repos/canve/extractor/sbt-plugin-integration-test/target/scala-2.11/classes/integration-test-projects/simple-2.10/)
[info] Updating {file:/repos/canve/extractor/sbt-plugin-integration-test/target/scala-2.11/classes/integration-test-projects/simple-2.10/}simple-2-10...
[info] Updating {file:/repos/canve/extractor/sbt-plugin-integration-test/target/scala-2.11/classes/integration-test-projects/simple-2.10/}simple-2-10...
[info] Resolving org.scala-lang#scala-library;2.10.4 ...
[info] Resolving org.slf4j#slf4j-api;1.7.12 ...
[info] Resolving com.typesafe.play#play-json_2.10;2.4.1 ...
[info] Resolving org.scala-lang#scala-library;2.10.5 ...
[info] Resolving com.typesafe.play#play-iteratees_2.10;2.4.1 ...
[info] Resolving org.scala-stm#scala-stm_2.10;0.7 ...
[info] Resolving com.typesafe#config;1.3.0 ...
[info] Resolving com.typesafe.play#play-functional_2.10;2.4.1 ...
[info] Resolving com.typesafe.play#play-datacommons_2.10;2.4.1 ...
[info] Resolving joda-time#joda-time;2.7 ...
[info] Resolving org.joda#joda-convert;1.7 ...
[info] Resolving org.scala-lang#scala-reflect;2.10.5 ...
[info] Resolving com.fasterxml.jackson.core#jackson-core;2.5.4 ...
[info] Resolving com.fasterxml.jackson.core#jackson-annotations;2.5.4 ...
[info] Resolving com.fasterxml.jackson.core#jackson-databind;2.5.4 ...
[info] Resolving com.fasterxml.jackson.datatype#jackson-datatype-jdk8;2.5.4 ...
[info] Resolving com.fasterxml.jackson.datatype#jackson-datatype-jsr310;2.5.4 ...
[info] Resolving org.apache.commons#commons-io;1.3.2 ...
[info] Resolving commons-io#commons-io;1.3.2 ...
[info] Resolving canve#compiler-plugin_2.10;0.0.1 ...
[info] Resolving canve#simple-graph_2.10;0.0.1 ...
[info] Resolving com.github.tototoshi#scala-csv_2.10;1.2.2 ...
[info] Resolving org.scala-lang#scala-compiler;2.10.4 ...
[info] Resolving org.scala-lang#scala-reflect;2.10.4 ...
[info] Resolving org.scala-lang#jline;2.10.4 ...
[info] Resolving org.fusesource.jansi#jansi;1.4 ...
[info] Done updating.
[info] Resolving org.scala-lang#scala-library;2.10.4 ...
[warn] Scala version was updated by one of library dependencies:
[warn] 	* org.scala-lang:scala-library:(2.10.4, 2.10.0) -> 2.10.5
[warn] To force scalaVersion, add the following:
[warn] 	ivyScala := ivyScala.value map { _.copy(overrideScalaVersion = true) }
[warn] Run 'evicted' to see detailed eviction warnings
[info] Resolving org.slf4j#slf4j-api;1.7.12 ...
[info] Resolving com.typesafe.play#play-json_2.10;2.4.1 ...
[info] Resolving org.scala-lang#scala-library;2.10.5 ...
[info] Resolving com.typesafe.play#play-iteratees_2.10;2.4.1 ...
[info] Resolving org.scala-stm#scala-stm_2.10;0.7 ...
[info] Resolving com.typesafe#config;1.3.0 ...
[info] Resolving com.typesafe.play#play-functional_2.10;2.4.1 ...
[info] Resolving com.typesafe.play#play-datacommons_2.10;2.4.1 ...
[info] Resolving joda-time#joda-time;2.7 ...
[info] Resolving org.joda#joda-convert;1.7 ...
[info] Resolving org.scala-lang#scala-reflect;2.10.5 ...
[info] Resolving com.fasterxml.jackson.core#jackson-core;2.5.4 ...
[info] Resolving com.fasterxml.jackson.core#jackson-annotations;2.5.4 ...
[info] Resolving com.fasterxml.jackson.core#jackson-databind;2.5.4 ...
[info] Resolving com.fasterxml.jackson.datatype#jackson-datatype-jdk8;2.5.4 ...
[info] Resolving com.fasterxml.jackson.datatype#jackson-datatype-jsr310;2.5.4 ...
[info] Resolving org.apache.commons#commons-io;1.3.2 ...
[info] Resolving commons-io#commons-io;1.3.2 ...
[info] Resolving canve#compiler-plugin_2.10;0.0.1 ...
[info] Resolving canve#simple-graph_2.10;0.0.1 ...
[info] Resolving com.github.tototoshi#scala-csv_2.10;1.2.2 ...
[info] Resolving org.scala-lang#scala-compiler;2.10.4 ...
[info] Resolving org.scala-lang#scala-reflect;2.10.4 ...
[info] Resolving org.scala-lang#jline;2.10.4 ...
[info] Resolving org.fusesource.jansi#jansi;1.4 ...
[info] Done updating.
[warn] Scala version was updated by one of library dependencies:
[warn] 	* org.scala-lang:scala-library:(2.10.4, 2.10.0) -> 2.10.5
[warn] To force scalaVersion, add the following:
[warn] 	ivyScala := ivyScala.value map { _.copy(overrideScalaVersion = true) }
[warn] Run 'evicted' to see detailed eviction warnings
[info] Compiling 1 Scala source to /repos/canve/extractor/sbt-plugin-integration-test/target/scala-2.11/classes/integration-test-projects/simple-2.10/target/scala-2.10/classes...
[canve] instrumenting project simple-2-10...
[canve] extraction starting for project simple-2-10 (1 compilation units)
[canve] Settings {
  -bootclasspath = /usr/lib/jvm/java-8-oracle/jre/lib/resources.jar:/usr/lib/jvm/java-8-oracle/jre/lib/rt.jar:/usr/lib/jvm/java-8-oracle/jre/lib/sunrsasign.jar:/usr/lib/jvm/java-8-oracle/jre/lib/jsse.jar:/usr/lib/jvm/java-8-oracle/jre/lib/jce.jar:/usr/lib/jvm/java-8-oracle/jre/lib/charsets.jar:/usr/lib/jvm/java-8-oracle/jre/lib/jfr.jar:/usr/lib/jvm/java-8-oracle/jre/classes:/home/matan/.ivy2/cache/org.scala-lang/scala-library/jars/scala-library-2.10.4.jar
  -classpath = /repos/canve/extractor/sbt-plugin-integration-test/target/scala-2.11/classes/integration-test-projects/simple-2.10/target/scala-2.10/classes:/home/matan/.ivy2/cache/org.slf4j/slf4j-api/jars/slf4j-api-1.7.12.jar:/home/matan/.ivy2/cache/com.typesafe.play/play-json_2.10/jars/play-json_2.10-2.4.1.jar:/home/matan/.ivy2/cache/com.typesafe.play/play-iteratees_2.10/jars/play-iteratees_2.10-2.4.1.jar:/home/matan/.ivy2/cache/org.scala-stm/scala-stm_2.10/jars/scala-stm_2.10-0.7.jar:/home/matan/.ivy2/cache/com.typesafe/config/bundles/config-1.3.0.jar:/home/matan/.ivy2/cache/com.typesafe.play/play-functional_2.10/jars/play-functional_2.10-2.4.1.jar:/home/matan/.ivy2/cache/com.typesafe.play/play-datacommons_2.10/jars/play-datacommons_2.10-2.4.1.jar:/home/matan/.ivy2/cache/joda-time/joda-time/jars/joda-time-2.7.jar:/home/matan/.ivy2/cache/org.joda/joda-convert/jars/joda-convert-1.7.jar:/home/matan/.sbt/boot/scala-2.10.5/lib/scala-reflect.jar:/home/matan/.ivy2/cache/com.fasterxml.jackson.core/jackson-core/bundles/jackson-core-2.5.4.jar:/home/matan/.ivy2/cache/com.fasterxml.jackson.core/jackson-annotations/bundles/jackson-annotations-2.5.4.jar:/home/matan/.ivy2/cache/com.fasterxml.jackson.core/jackson-databind/bundles/jackson-databind-2.5.4.jar:/home/matan/.ivy2/cache/com.fasterxml.jackson.datatype/jackson-datatype-jdk8/bundles/jackson-datatype-jdk8-2.5.4.jar:/home/matan/.ivy2/cache/com.fasterxml.jackson.datatype/jackson-datatype-jsr310/bundles/jackson-datatype-jsr310-2.5.4.jar:/home/matan/.ivy2/cache/commons-io/commons-io/jars/commons-io-1.3.2.jar:/home/matan/.ivy2/local/canve/compiler-plugin_2.10/0.0.1/jars/compiler-plugin_2.10.jar:/home/matan/.ivy2/local/canve/simple-graph_2.10/0.0.1/jars/simple-graph_2.10.jar:/home/matan/.ivy2/cache/com.github.tototoshi/scala-csv_2.10/jars/scala-csv_2.10-1.2.2.jar
  -d = .
  -P = List(canve:projectName:simple-2-10)
  -Yrangepos = true
  -Xplugin = List(/home/matan/.ivy2/local/canve/compiler-plugin_2.10/0.0.1/jars/compiler-plugin_2.10.jar)
  -encoding = UTF-8
}

[canve] examining source file/repos/canve/extractor/sbt-plugin-integration-test/target/scala-2.11/classes/integration-test-projects/simple-2.10/src/main/scala/fileUtil.scala...
[canve] ignoring Ident: package fileUtil
[canve] ignoring Ident: value fileName
[canve] ignoring Ident: value fileName
[canve] ignoring Ident: value outDir
[canve] ignoring Ident: value outDirObj
[canve] ignoring Ident: value outDir
[canve] ignoring Ident: value outDirObj
[canve] (existing node calls,performance.Counter@ff3d68e): (existing edge calls,performance.Counter@18853048)
[canve] 46 symbols so far extracted for project simple-2-10
[canve] 59 symbol relations so far extracted for project simple-2-10
[canve] writing extracted type relations and call graph for project simple-2-10...
[canve] done examining source file/repos/canve/extractor/sbt-plugin-integration-test/target/scala-2.11/classes/integration-test-projects/simple-2.10/src/main/scala/fileUtil.scala...
canve task done
